TN:
SF:/Users/maxime_beauchemin/code/caravel/superset/assets/javascripts/common.js
FN:6,(anonymous_1)
FN:7,(anonymous_2)
FN:15,appSetup
FNF:3
FNH:0
FNDA:0,(anonymous_1)
FNDA:0,(anonymous_2)
FNDA:0,appSetup
DA:2,0
DA:4,0
DA:6,0
DA:7,0
DA:8,0
DA:9,0
DA:10,0
DA:11,0
DA:18,0
DA:19,0
DA:20,0
LF:11
LH:0
BRF:0
BRH:0
end_of_record
TN:
SF:/Users/maxime_beauchemin/code/caravel/superset/assets/javascripts/css-theme.js
FNF:0
FNH:0
DA:1,0
DA:2,0
LF:2
LH:0
BRF:0
BRH:0
end_of_record
TN:
SF:/Users/maxime_beauchemin/code/caravel/superset/assets/javascripts/reduxUtils.js
FN:5,addToObject
FN:16,alterInObject
FN:22,alterInArr
FN:27,(anonymous_6)
FN:37,removeFromArr
FN:39,(anonymous_8)
FN:47,getFromArr
FN:49,(anonymous_10)
FN:57,addToArr
FN:67,initEnhancer
FN:78,areArraysShallowEqual
FN:98,areObjectsEqual
FNF:12
FNH:7
FNDA:3,addToObject
FNDA:1,alterInObject
FNDA:13,alterInArr
FNDA:20,(anonymous_6)
FNDA:3,removeFromArr
FNDA:4,(anonymous_8)
FNDA:0,getFromArr
FNDA:0,(anonymous_10)
FNDA:16,addToArr
FNDA:0,initEnhancer
FNDA:0,areArraysShallowEqual
FNDA:0,areObjectsEqual
DA:1,1
DA:2,1
DA:3,1
DA:6,3
DA:7,3
DA:9,3
DA:10,0
DA:12,3
DA:13,3
DA:17,1
DA:18,1
DA:19,1
DA:25,13
DA:26,13
DA:27,13
DA:28,20
DA:29,10
DA:31,10
DA:34,13
DA:37,3
DA:38,3
DA:39,3
DA:40,4
DA:41,1
DA:44,3
DA:48,0
DA:49,0
DA:50,0
DA:51,0
DA:54,0
DA:58,16
DA:59,16
DA:60,0
DA:62,16
DA:63,16
DA:64,16
DA:67,0
DA:68,0
DA:69,0
DA:71,0
DA:73,0
DA:75,0
DA:83,0
DA:84,0
DA:86,0
DA:87,0
DA:89,0
DA:90,0
DA:91,0
DA:92,0
DA:95,0
DA:99,0
DA:100,0
DA:102,0
DA:103,0
DA:105,0
DA:106,0
DA:107,0
DA:109,0
DA:110,0
DA:113,0
LF:61
LH:29
BRDA:9,0,0,0
BRDA:9,0,1,3
BRDA:28,1,0,10
BRDA:28,1,1,10
BRDA:37,2,0,0
BRDA:37,2,1,3
BRDA:37,3,0,3
BRDA:37,3,1,0
BRDA:40,4,0,1
BRDA:40,4,1,3
BRDA:50,5,0,0
BRDA:50,5,1,0
BRDA:59,6,0,0
BRDA:59,6,1,16
BRDA:67,7,0,0
BRDA:67,7,1,0
BRDA:67,8,0,0
BRDA:67,8,1,0
BRDA:68,9,0,0
BRDA:68,9,1,0
BRDA:69,10,0,0
BRDA:69,10,1,0
BRDA:71,11,0,0
BRDA:71,11,1,0
BRDA:73,12,0,0
BRDA:73,12,1,0
BRDA:83,13,0,0
BRDA:83,13,1,0
BRDA:83,14,0,0
BRDA:83,14,1,0
BRDA:86,15,0,0
BRDA:86,15,1,0
BRDA:91,16,0,0
BRDA:91,16,1,0
BRDA:99,17,0,0
BRDA:99,17,1,0
BRDA:99,18,0,0
BRDA:99,18,1,0
BRDA:102,19,0,0
BRDA:102,19,1,0
BRDA:106,20,0,0
BRDA:106,20,1,0
BRDA:109,21,0,0
BRDA:109,21,1,0
BRF:44
BRH:8
end_of_record
TN:
SF:/Users/maxime_beauchemin/code/caravel/superset/assets/javascripts/syncBackend.js
FN:7,(anonymous_2)
FN:16,main
FNF:2
FNH:0
FNDA:0,(anonymous_2)
FNDA:0,main
DA:2,0
DA:3,0
DA:4,0
DA:7,0
DA:8,0
DA:9,0
DA:11,0
DA:17,0
DA:18,0
DA:19,0
DA:20,0
DA:22,0
DA:23,0
DA:25,0
LF:14
LH:0
BRDA:8,0,0,0
BRDA:8,0,1,0
BRDA:19,1,0,0
BRDA:19,1,1,0
BRF:4
BRH:0
end_of_record
TN:
SF:/Users/maxime_beauchemin/code/caravel/superset/assets/javascripts/welcome.js
FN:14,modelViewTable
FN:19,(anonymous_2)
FN:21,(anonymous_3)
FN:22,(anonymous_4)
FN:27,(anonymous_5)
FN:56,(anonymous_6)
FNF:6
FNH:0
FNDA:0,modelViewTable
FNDA:0,(anonymous_2)
FNDA:0,(anonymous_3)
FNDA:0,(anonymous_4)
FNDA:0,(anonymous_5)
FNDA:0,(anonymous_6)
DA:2,0
DA:3,0
DA:4,0
DA:6,0
DA:7,0
DA:10,0
DA:12,0
DA:16,0
DA:17,0
DA:18,0
DA:19,0
DA:20,0
DA:21,0
DA:22,0
DA:23,0
DA:25,0
DA:27,0
DA:28,0
DA:30,0
DA:31,0
DA:32,0
DA:43,0
DA:44,0
DA:45,0
DA:46,0
DA:48,0
DA:49,0
DA:50,0
DA:51,0
DA:52,0
DA:53,0
DA:56,0
DA:57,0
LF:33
LH:0
BRF:0
BRH:0
end_of_record
TN:
SF:/Users/maxime_beauchemin/code/caravel/superset/assets/javascripts/SqlLab/actions.js
FN:40,resetState
FN:44,saveQuery
FN:50,(anonymous_3)
FN:50,success
FN:51,(anonymous_5)
FN:51,error
FN:57,startQuery
FN:68,querySuccess
FN:72,queryFailed
FN:76,stopQuery
FN:80,clearQueryResults
FN:84,removeDataPreview
FN:88,requestQueryResults
FN:92,fetchQueryResults
FN:93,(anonymous_15)
FN:96,(anonymous_16)
FN:96,success
FN:96,error
FN:114,runQuery
FN:115,(anonymous_21)
FN:130,(anonymous_22)
FN:130,success
FN:130,error
FN:163,postStopQuery
FN:164,(anonymous_27)
FN:167,(anonymous_28)
FN:167,success
FN:181,setDatabases
FN:185,addQueryEditor
FN:190,cloneQueryToNewTab
FN:194,addAlert
FN:200,removeAlert
FN:204,setActiveQueryEditor
FN:208,setActiveSouthPaneTab
FN:212,removeQueryEditor
FN:216,removeQuery
FN:220,queryEditorSetDb
FN:224,queryEditorSetSchema
FN:228,queryEditorSetAutorun
FN:232,queryEditorSetTitle
FN:236,queryEditorSetSql
FN:240,queryEditorSetSelectedText
FN:244,mergeTable
FN:248,addTable
FN:249,(anonymous_47)
FN:251,(anonymous_48)
FN:274,(anonymous_49)
FN:284,(anonymous_50)
FN:297,changeDataPreviewId
FN:301,reFetchQueryResults
FN:302,(anonymous_53)
FN:318,expandTable
FN:322,collapseTable
FN:326,removeTable
FN:330,refreshQueries
FN:334,popStoredQuery
FN:335,(anonymous_59)
FN:339,(anonymous_60)
FN:339,success
FN:350,(anonymous_62)
FN:350,error
FN:354,popSavedQuery
FN:355,(anonymous_65)
FN:359,(anonymous_66)
FN:359,success
FN:370,(anonymous_68)
FN:370,error
FNF:67
FNH:20
FNDA:0,resetState
FNDA:0,saveQuery
FNDA:0,(anonymous_3)
FNDA:0,success
FNDA:0,(anonymous_5)
FNDA:0,error
FNDA:3,startQuery
FNDA:0,querySuccess
FNDA:0,queryFailed
FNDA:1,stopQuery
FNDA:0,clearQueryResults
FNDA:0,removeDataPreview
FNDA:0,requestQueryResults
FNDA:0,fetchQueryResults
FNDA:0,(anonymous_15)
FNDA:0,(anonymous_16)
FNDA:0,success
FNDA:0,error
FNDA:0,runQuery
FNDA:0,(anonymous_21)
FNDA:0,(anonymous_22)
FNDA:0,success
FNDA:0,error
FNDA:0,postStopQuery
FNDA:0,(anonymous_27)
FNDA:0,(anonymous_28)
FNDA:0,success
FNDA:0,setDatabases
FNDA:11,addQueryEditor
FNDA:1,cloneQueryToNewTab
FNDA:1,addAlert
FNDA:1,removeAlert
FNDA:1,setActiveQueryEditor
FNDA:0,setActiveSouthPaneTab
FNDA:1,removeQueryEditor
FNDA:1,removeQuery
FNDA:1,queryEditorSetDb
FNDA:1,queryEditorSetSchema
FNDA:2,queryEditorSetAutorun
FNDA:1,queryEditorSetTitle
FNDA:1,queryEditorSetSql
FNDA:1,queryEditorSetSelectedText
FNDA:5,mergeTable
FNDA:0,addTable
FNDA:0,(anonymous_47)
FNDA:0,(anonymous_48)
FNDA:0,(anonymous_49)
FNDA:0,(anonymous_50)
FNDA:0,changeDataPreviewId
FNDA:0,reFetchQueryResults
FNDA:0,(anonymous_53)
FNDA:1,expandTable
FNDA:1,collapseTable
FNDA:1,removeTable
FNDA:1,refreshQueries
FNDA:0,popStoredQuery
FNDA:0,(anonymous_59)
FNDA:0,(anonymous_60)
FNDA:0,success
FNDA:0,(anonymous_62)
FNDA:0,error
FNDA:0,popSavedQuery
FNDA:0,(anonymous_65)
FNDA:0,(anonymous_66)
FNDA:0,success
FNDA:0,(anonymous_68)
FNDA:0,error
DA:2,1
DA:3,1
DA:5,1
DA:7,1
DA:8,1
DA:9,1
DA:10,1
DA:11,1
DA:12,1
DA:13,1
DA:14,1
DA:15,1
DA:16,1
DA:17,1
DA:18,1
DA:19,1
DA:20,1
DA:21,1
DA:22,1
DA:23,1
DA:24,1
DA:25,1
DA:26,1
DA:27,1
DA:28,1
DA:29,1
DA:30,1
DA:31,1
DA:32,1
DA:33,1
DA:34,1
DA:35,1
DA:36,1
DA:37,1
DA:38,1
DA:41,0
DA:45,0
DA:46,0
DA:50,0
DA:51,0
DA:54,0
DA:58,3
DA:65,3
DA:69,0
DA:73,0
DA:77,1
DA:81,0
DA:85,0
DA:89,0
DA:93,0
DA:94,0
DA:95,0
DA:96,0
DA:101,0
DA:104,0
DA:105,0
DA:106,0
DA:108,0
DA:115,0
DA:116,0
DA:117,0
DA:129,0
DA:130,0
DA:136,0
DA:137,0
DA:141,0
DA:142,0
DA:143,0
DA:145,0
DA:146,0
DA:149,0
DA:150,0
DA:151,0
DA:152,0
DA:154,0
DA:155,0
DA:157,0
DA:164,0
DA:165,0
DA:166,0
DA:167,0
DA:173,0
DA:174,0
DA:182,0
DA:186,11
DA:187,11
DA:191,1
DA:195,1
DA:196,1
DA:197,1
DA:201,1
DA:205,1
DA:209,0
DA:213,1
DA:217,1
DA:221,1
DA:225,1
DA:229,2
DA:233,1
DA:237,1
DA:241,1
DA:245,5
DA:249,0
DA:250,0
DA:251,0
DA:252,0
DA:263,0
DA:272,0
DA:275,0
DA:283,0
DA:284,0
DA:285,0
DA:291,0
DA:292,0
DA:298,0
DA:302,0
DA:303,0
DA:313,0
DA:314,0
DA:319,1
DA:323,1
DA:327,1
DA:331,1
DA:335,0
DA:336,0
DA:339,0
DA:340,0
DA:341,0
DA:348,0
DA:350,0
DA:355,0
DA:356,0
DA:359,0
DA:360,0
DA:361,0
DA:368,0
DA:370,0
LF:137
LH:59
BRDA:59,0,0,0
BRDA:59,0,1,3
BRDA:62,1,0,0
BRDA:62,1,1,3
BRDA:105,2,0,0
BRDA:105,2,1,0
BRDA:105,3,0,0
BRDA:105,3,1,0
BRDA:136,4,0,0
BRDA:136,4,1,0
BRDA:145,5,0,0
BRDA:145,5,1,0
BRDA:149,6,0,0
BRDA:149,6,1,0
BRDA:149,7,0,0
BRDA:149,7,1,0
BRDA:151,8,0,0
BRDA:151,8,1,0
BRDA:154,9,0,0
BRDA:154,9,1,0
BRDA:173,10,0,0
BRDA:173,10,1,0
BRDA:342,11,0,0
BRDA:342,11,1,0
BRDA:343,12,0,0
BRDA:343,12,1,0
BRDA:344,13,0,0
BRDA:344,13,1,0
BRDA:345,14,0,0
BRDA:345,14,1,0
BRDA:346,15,0,0
BRDA:346,15,1,0
BRDA:363,16,0,0
BRDA:363,16,1,0
BRF:34
BRH:2
end_of_record
TN:
SF:/Users/maxime_beauchemin/code/caravel/superset/assets/javascripts/SqlLab/constants.js
FNF:0
FNH:0
DA:1,1
DA:10,1
DA:16,1
LF:3
LH:3
BRF:0
BRH:0
end_of_record
TN:
SF:/Users/maxime_beauchemin/code/caravel/superset/assets/javascripts/SqlLab/index.jsx
FNF:0
FNH:0
DA:1,0
DA:2,0
DA:3,0
DA:4,0
DA:5,0
DA:7,0
DA:8,0
DA:9,0
DA:10,0
DA:11,0
DA:13,0
DA:14,0
DA:15,0
DA:17,0
DA:18,0
DA:20,0
DA:21,0
DA:22,0
DA:24,0
DA:28,0
DA:30,0
LF:21
LH:0
BRF:0
BRH:0
end_of_record
TN:
SF:/Users/maxime_beauchemin/code/caravel/superset/assets/javascripts/SqlLab/reducers.js
FN:7,getInitialState
FN:30,(anonymous_4)
FN:30,sqlLabReducer
FN:31,(anonymous_6)
FN:31,(anonymous_7)
FN:39,(anonymous_8)
FN:31,(anonymous_9)
FN:55,(anonymous_10)
FN:57,(anonymous_11)
FN:64,(anonymous_12)
FN:31,(anonymous_13)
FN:31,(anonymous_14)
FN:31,(anonymous_15)
FN:79,(anonymous_16)
FN:31,(anonymous_17)
FN:31,(anonymous_18)
FN:31,(anonymous_19)
FN:118,(anonymous_20)
FN:31,(anonymous_21)
FN:31,(anonymous_22)
FN:31,(anonymous_23)
FN:31,(anonymous_24)
FN:31,(anonymous_25)
FN:31,(anonymous_26)
FN:31,(anonymous_27)
FN:31,(anonymous_28)
FN:31,(anonymous_29)
FN:190,(anonymous_30)
FN:31,(anonymous_31)
FN:31,(anonymous_32)
FN:31,(anonymous_33)
FN:31,(anonymous_34)
FN:31,(anonymous_35)
FN:31,(anonymous_36)
FN:31,(anonymous_37)
FN:31,(anonymous_38)
FN:31,(anonymous_39)
FN:224,(anonymous_40)
FN:31,(anonymous_41)
FN:31,(anonymous_42)
FNF:40
FNH:27
FNDA:0,getInitialState
FNDA:1,(anonymous_4)
FNDA:37,sqlLabReducer
FNDA:11,(anonymous_6)
FNDA:1,(anonymous_7)
FNDA:1,(anonymous_8)
FNDA:1,(anonymous_9)
FNDA:1,(anonymous_10)
FNDA:0,(anonymous_11)
FNDA:2,(anonymous_12)
FNDA:1,(anonymous_13)
FNDA:0,(anonymous_14)
FNDA:5,(anonymous_15)
FNDA:1,(anonymous_16)
FNDA:1,(anonymous_17)
FNDA:0,(anonymous_18)
FNDA:0,(anonymous_19)
FNDA:0,(anonymous_20)
FNDA:1,(anonymous_21)
FNDA:1,(anonymous_22)
FNDA:3,(anonymous_23)
FNDA:1,(anonymous_24)
FNDA:0,(anonymous_25)
FNDA:0,(anonymous_26)
FNDA:0,(anonymous_27)
FNDA:0,(anonymous_28)
FNDA:1,(anonymous_29)
FNDA:3,(anonymous_30)
FNDA:0,(anonymous_31)
FNDA:1,(anonymous_32)
FNDA:1,(anonymous_33)
FNDA:1,(anonymous_34)
FNDA:1,(anonymous_35)
FNDA:1,(anonymous_36)
FNDA:2,(anonymous_37)
FNDA:1,(anonymous_38)
FNDA:0,(anonymous_39)
FNDA:0,(anonymous_40)
FNDA:1,(anonymous_41)
FNDA:1,(anonymous_42)
DA:1,1
DA:2,1
DA:3,1
DA:4,1
DA:8,0
DA:18,0
DA:30,1
DA:31,37
DA:33,11
DA:34,11
DA:35,11
DA:36,11
DA:39,1
DA:41,1
DA:50,1
DA:53,1
DA:55,1
DA:56,1
DA:57,1
DA:58,0
DA:59,0
DA:60,0
DA:63,1
DA:64,2
DA:65,1
DA:66,1
DA:69,1
DA:70,1
DA:71,1
DA:74,0
DA:77,5
DA:78,5
DA:79,5
DA:80,1
DA:85,1
DA:88,5
DA:89,1
DA:90,0
DA:92,1
DA:94,4
DA:96,4
DA:97,4
DA:98,4
DA:99,0
DA:101,4
DA:104,1
DA:107,0
DA:108,0
DA:109,0
DA:110,0
DA:114,0
DA:115,0
DA:117,0
DA:118,0
DA:119,0
DA:120,0
DA:122,0
DA:125,0
DA:129,1
DA:132,1
DA:135,3
DA:136,3
DA:137,0
DA:138,0
DA:139,0
DA:141,0
DA:142,0
DA:143,0
DA:146,3
DA:148,3
DA:149,3
DA:150,3
DA:153,1
DA:156,0
DA:157,0
DA:158,0
DA:161,0
DA:164,0
DA:165,0
DA:167,0
DA:168,0
DA:169,0
DA:171,0
DA:180,0
DA:183,0
DA:184,0
DA:186,0
DA:187,0
DA:190,3
DA:191,1
DA:192,1
DA:193,1
DA:194,1
DA:196,0
DA:199,0
DA:202,1
DA:205,1
DA:208,1
DA:211,1
DA:214,1
DA:217,2
DA:220,1
DA:223,0
DA:224,0
DA:225,0
DA:227,0
DA:230,1
DA:233,1
DA:235,1
DA:236,1
DA:237,0
DA:238,0
DA:241,0
DA:242,0
DA:245,1
DA:246,1
DA:248,1
DA:249,1
DA:252,37
DA:253,37
DA:255,0
LF:121
LH:69
BRDA:44,0,0,1
BRDA:44,0,1,0
BRDA:45,1,0,0
BRDA:45,1,1,1
BRDA:59,2,0,0
BRDA:59,2,1,0
BRDA:80,3,0,1
BRDA:80,3,1,0
BRDA:81,4,0,1
BRDA:81,4,1,1
BRDA:81,4,2,1
BRDA:81,4,3,1
BRDA:88,5,0,1
BRDA:88,5,1,4
BRDA:89,6,0,0
BRDA:89,6,1,1
BRDA:98,7,0,0
BRDA:98,7,1,4
BRDA:119,8,0,0
BRDA:119,8,1,0
BRDA:136,9,0,0
BRDA:136,9,1,3
BRDA:138,10,0,0
BRDA:138,10,1,0
BRDA:138,11,0,0
BRDA:138,11,1,0
BRDA:164,12,0,0
BRDA:164,12,1,0
BRDA:168,13,0,0
BRDA:168,13,1,0
BRDA:183,14,0,0
BRDA:183,14,1,0
BRDA:191,15,0,1
BRDA:191,15,1,0
BRDA:238,16,0,0
BRDA:238,16,1,0
BRDA:238,17,0,0
BRDA:238,17,1,0
BRDA:238,17,2,0
BRDA:245,18,0,1
BRDA:245,18,1,0
BRDA:252,19,0,37
BRDA:252,19,1,0
BRF:43
BRH:15
end_of_record
TN:
SF:/Users/maxime_beauchemin/code/caravel/superset/assets/javascripts/SqlLab/components/AceEditorWrapper.jsx
FN:24,(anonymous_7)
FN:38,(anonymous_8)
FN:38,onBlur
FN:39,(anonymous_10)
FN:39,onAltEnter
FN:44,AceEditorWrapper
FN:74,(anonymous_24)
FN:74,exec
FN:79,(anonymous_26)
FN:92,(anonymous_31)
FN:95,(anonymous_32)
FN:99,(anonymous_33)
FN:103,(anonymous_34)
FNF:13
FNH:3
FNDA:62,(anonymous_7)
FNDA:1,(anonymous_8)
FNDA:0,onBlur
FNDA:1,(anonymous_10)
FNDA:0,onAltEnter
FNDA:0,AceEditorWrapper
FNDA:0,(anonymous_24)
FNDA:0,exec
FNDA:0,(anonymous_26)
FNDA:0,(anonymous_31)
FNDA:0,(anonymous_32)
FNDA:0,(anonymous_33)
FNDA:0,(anonymous_34)
DA:1,1
DA:2,1
DA:3,1
DA:4,1
DA:5,1
DA:6,1
DA:7,1
DA:8,1
DA:10,1
DA:13,1
DA:19,1
DA:23,1
DA:24,62
DA:28,1
DA:37,1
DA:38,1
DA:39,1
DA:44,0
DA:46,0
DA:52,0
DA:53,0
DA:56,0
DA:57,0
DA:59,0
DA:60,0
DA:64,0
DA:67,0
DA:68,0
DA:70,0
DA:71,0
DA:74,0
DA:75,0
DA:78,0
DA:79,0
DA:80,0
DA:85,0
DA:87,0
DA:89,0
DA:90,0
DA:91,0
DA:92,0
DA:93,0
DA:94,0
DA:95,0
DA:96,0
DA:99,0
DA:103,0
DA:104,0
DA:107,0
DA:108,0
DA:113,0
DA:116,0
DA:133,1
DA:134,1
LF:54
LH:19
BRDA:44,0,0,0
BRDA:44,0,1,0
BRDA:56,1,0,0
BRDA:56,1,1,0
BRDA:59,2,0,0
BRDA:59,2,1,0
BRDA:91,3,0,0
BRDA:91,3,1,0
BRDA:94,4,0,0
BRDA:94,4,1,0
BRDA:107,5,0,0
BRDA:107,5,1,0
BRF:12
BRH:0
end_of_record
TN:
SF:/Users/maxime_beauchemin/code/caravel/superset/assets/javascripts/SqlLab/components/App.jsx
FN:15,App
FN:87,mapStateToProps
FN:92,mapDispatchToProps
FNF:3
FNH:0
FNDA:0,App
FNDA:0,mapStateToProps
FNDA:0,mapDispatchToProps
DA:1,1
DA:2,1
DA:3,1
DA:4,1
DA:6,1
DA:7,1
DA:8,1
DA:9,1
DA:10,1
DA:12,1
DA:15,0
DA:17,0
DA:24,0
DA:25,0
DA:26,0
DA:29,0
DA:30,0
DA:33,0
DA:36,0
DA:37,0
DA:38,0
DA:39,0
DA:40,0
DA:41,0
DA:42,0
DA:43,0
DA:44,0
DA:45,0
DA:46,0
DA:49,0
DA:52,0
DA:53,0
DA:54,0
DA:64,0
DA:71,0
DA:82,1
DA:88,0
DA:93,0
LF:38
LH:11
BRDA:15,0,0,0
BRDA:15,0,1,0
BRDA:43,1,0,0
BRDA:43,1,1,0
BRDA:44,2,0,0
BRDA:44,2,1,0
BRDA:45,3,0,0
BRDA:45,3,1,0
BRDA:53,4,0,0
BRDA:53,4,1,0
BRF:10
BRH:0
end_of_record
TN:
SF:/Users/maxime_beauchemin/code/caravel/superset/assets/javascripts/SqlLab/components/ColumnElement.jsx
FN:21,ColumnElement
FN:27,(anonymous_2)
FNF:2
FNH:2
FNDA:101,ColumnElement
FNDA:24,(anonymous_2)
DA:1,1
DA:2,1
DA:4,1
DA:6,1
DA:10,1
DA:15,1
DA:22,101
DA:23,101
DA:24,101
DA:25,101
DA:26,16
DA:27,24
DA:46,101
DA:56,1
LF:14
LH:14
BRDA:25,0,0,16
BRDA:25,0,1,85
BRDA:25,1,0,101
BRDA:25,1,1,16
BRF:4
BRH:4
end_of_record
TN:
SF:/Users/maxime_beauchemin/code/caravel/superset/assets/javascripts/SqlLab/components/CopyQueryTabUrl.jsx
FNF:0
FNH:0
DA:1,1
DA:2,1
DA:3,1
DA:4,1
DA:6,1
DA:12,0
DA:13,0
DA:20,0
DA:24,0
DA:40,1
LF:10
LH:6
BRF:0
BRH:0
end_of_record
TN:
SF:/Users/maxime_beauchemin/code/caravel/superset/assets/javascripts/SqlLab/components/DataPreviewModal.jsx
FN:52,mapStateToProps
FN:59,mapDispatchToProps
FNF:2
FNH:0
FNDA:0,mapStateToProps
FNDA:0,mapDispatchToProps
DA:1,0
DA:2,0
DA:3,0
DA:4,0
DA:5,0
DA:7,0
DA:8,0
DA:10,0
DA:19,0
DA:22,0
DA:23,0
DA:24,0
DA:47,0
DA:50,0
DA:53,0
DA:60,0
LF:16
LH:0
BRDA:22,0,0,0
BRDA:22,0,1,0
BRDA:22,1,0,0
BRDA:22,1,1,0
BRF:4
BRH:0
end_of_record
TN:
SF:/Users/maxime_beauchemin/code/caravel/superset/assets/javascripts/SqlLab/components/HighlightedSql.jsx
FN:22,HighlightedSql
FN:35,(anonymous_11)
FNF:2
FNH:2
FNDA:3,HighlightedSql
FNDA:3,(anonymous_11)
DA:1,1
DA:2,1
DA:3,1
DA:4,1
DA:5,1
DA:7,1
DA:13,1
DA:22,9
DA:24,3
DA:28,3
DA:29,3
DA:30,3
DA:31,3
DA:32,0
DA:33,0
DA:35,3
DA:36,3
DA:37,3
DA:39,0
DA:44,4
DA:45,4
DA:51,1
DA:52,1
DA:53,1
DA:62,1
DA:75,4
DA:85,1
DA:86,1
LF:28
LH:25
BRDA:22,0,0,3
BRDA:22,0,1,0
BRDA:29,1,0,3
BRDA:29,1,1,0
BRDA:31,2,0,0
BRDA:31,2,1,3
BRDA:36,3,0,3
BRDA:36,3,1,0
BRDA:44,4,0,3
BRDA:44,4,1,1
BRDA:52,5,0,1
BRDA:52,5,1,0
BRDA:52,6,0,1
BRDA:52,6,1,1
BRF:14
BRH:9
end_of_record
TN:
SF:/Users/maxime_beauchemin/code/caravel/superset/assets/javascripts/SqlLab/components/Link.jsx
FN:17,(anonymous_7)
FN:17,onClick
FNF:2
FNH:1
FNDA:1,(anonymous_7)
FNDA:0,onClick
DA:1,1
DA:2,1
DA:3,1
DA:5,1
DA:14,1
DA:17,1
DA:27,20
DA:32,20
DA:41,20
DA:42,20
DA:53,0
DA:56,1
DA:57,1
LF:13
LH:12
BRDA:41,0,0,20
BRDA:41,0,1,0
BRF:2
BRH:1
end_of_record
TN:
SF:/Users/maxime_beauchemin/code/caravel/superset/assets/javascripts/SqlLab/components/QueryAutoRefresh.jsx
FN:23,(anonymous_16)
FN:24,(anonymous_17)
FN:40,(anonymous_24)
FN:57,mapStateToProps
FN:64,mapDispatchToProps
FNF:5
FNH:0
FNDA:0,(anonymous_16)
FNDA:0,(anonymous_17)
FNDA:0,(anonymous_24)
FNDA:0,mapStateToProps
FNDA:0,mapDispatchToProps
DA:1,1
DA:2,1
DA:3,1
DA:4,1
DA:5,1
DA:7,1
DA:9,1
DA:10,1
DA:14,0
DA:17,0
DA:21,0
DA:22,0
DA:23,0
DA:24,0
DA:28,0
DA:29,0
DA:33,0
DA:34,0
DA:36,0
DA:38,0
DA:39,0
DA:40,0
DA:41,0
DA:42,0
DA:48,0
DA:51,1
DA:58,0
DA:65,0
LF:28
LH:9
BRDA:28,0,0,0
BRDA:28,0,1,0
BRDA:38,1,0,0
BRDA:38,1,1,0
BRDA:41,2,0,0
BRDA:41,2,1,0
BRF:6
BRH:0
end_of_record
TN:
SF:/Users/maxime_beauchemin/code/caravel/superset/assets/javascripts/SqlLab/components/QueryHistory.jsx
FN:12,(anonymous_1)
FN:12,QueryHistory
FNF:2
FNH:1
FNDA:1,(anonymous_1)
FNDA:0,QueryHistory
DA:1,1
DA:2,1
DA:3,1
DA:5,1
DA:7,1
DA:12,1
DA:13,0
DA:14,0
DA:25,0
DA:31,1
LF:10
LH:7
BRDA:13,0,0,0
BRDA:13,0,1,0
BRF:2
BRH:0
end_of_record
TN:
SF:/Users/maxime_beauchemin/code/caravel/superset/assets/javascripts/SqlLab/components/QuerySearch.jsx
FN:19,QuerySearch
FN:38,(anonymous_13)
FN:41,(anonymous_16)
FN:81,(anonymous_29)
FN:100,(anonymous_38)
FN:122,(anonymous_41)
FN:161,(anonymous_44)
FN:171,(anonymous_45)
FN:181,(anonymous_46)
FNF:9
FNH:5
FNDA:1,QuerySearch
FNDA:0,(anonymous_13)
FNDA:0,(anonymous_16)
FNDA:6,(anonymous_29)
FNDA:0,(anonymous_38)
FNDA:0,(anonymous_41)
FNDA:24,(anonymous_44)
FNDA:28,(anonymous_45)
FNDA:12,(anonymous_46)
DA:1,1
DA:2,1
DA:3,1
DA:4,1
DA:5,1
DA:6,1
DA:8,1
DA:9,1
DA:11,1
DA:13,1
DA:19,3
DA:21,1
DA:35,0
DA:37,0
DA:38,0
DA:40,0
DA:41,0
DA:44,0
DA:45,0
DA:48,0
DA:50,0
DA:52,0
DA:54,0
DA:56,0
DA:58,0
DA:60,0
DA:62,0
DA:64,0
DA:68,1
DA:69,1
DA:72,1
DA:73,1
DA:76,0
DA:77,0
DA:80,1
DA:81,6
DA:83,1
DA:86,1
DA:87,1
DA:90,1
DA:93,0
DA:94,0
DA:95,0
DA:97,0
DA:100,0
DA:101,0
DA:102,0
DA:103,0
DA:108,0
DA:110,1
DA:111,1
DA:112,1
DA:121,1
DA:122,1
DA:123,0
DA:124,0
DA:129,4
DA:161,24
DA:171,28
DA:181,12
DA:219,1
LF:61
LH:32
BRDA:19,0,0,1
BRDA:19,0,1,0
BRDA:44,1,0,0
BRDA:44,1,1,0
BRDA:49,2,0,0
BRDA:49,2,1,0
BRDA:49,2,2,0
BRDA:49,2,3,0
BRDA:49,2,4,0
BRDA:49,2,5,0
BRDA:49,2,6,0
BRDA:49,2,7,0
BRDA:68,3,0,1
BRDA:68,3,1,0
BRDA:72,4,0,1
BRDA:72,4,1,0
BRDA:76,5,0,0
BRDA:76,5,1,0
BRDA:86,6,0,1
BRDA:86,6,1,0
BRDA:102,7,0,0
BRDA:102,7,1,0
BRDA:113,8,0,0
BRDA:113,8,1,1
BRDA:114,9,0,0
BRDA:114,9,1,1
BRDA:115,10,0,1
BRDA:115,10,1,0
BRDA:116,11,0,1
BRDA:116,11,1,0
BRDA:117,12,0,0
BRDA:117,12,1,1
BRDA:118,13,0,0
BRDA:118,13,1,1
BRDA:123,14,0,0
BRDA:123,14,1,0
BRDA:193,15,0,4
BRDA:193,15,1,0
BRF:38
BRH:11
end_of_record
TN:
SF:/Users/maxime_beauchemin/code/caravel/superset/assets/javascripts/SqlLab/components/QueryTable.jsx
FN:26,(anonymous_7)
FN:26,onUserClicked
FN:27,(anonymous_9)
FN:27,onDbClicked
FN:32,QueryTable
FN:77,(anonymous_33)
FN:147,(anonymous_34)
FNF:7
FNH:5
FNDA:1,(anonymous_7)
FNDA:0,onUserClicked
FNDA:1,(anonymous_9)
FNDA:0,onDbClicked
FNDA:1,QueryTable
FNDA:2,(anonymous_33)
FNDA:2,(anonymous_34)
DA:1,1
DA:2,1
DA:4,1
DA:5,1
DA:6,1
DA:7,1
DA:8,1
DA:9,1
DA:10,1
DA:11,1
DA:12,1
DA:13,1
DA:14,1
DA:16,1
DA:23,1
DA:26,1
DA:27,1
DA:32,3
DA:34,1
DA:35,1
DA:36,1
DA:43,0
DA:46,0
DA:52,0
DA:55,0
DA:58,0
DA:61,0
DA:65,0
DA:68,0
DA:71,0
DA:74,0
DA:76,1
DA:77,1
DA:78,2
DA:79,2
DA:80,2
DA:82,2
DA:83,2
DA:90,2
DA:98,2
DA:106,2
DA:107,2
DA:117,2
DA:122,2
DA:123,1
DA:146,1
DA:147,2
DA:149,2
DA:157,2
DA:158,2
DA:159,0
DA:165,2
DA:173,2
DA:199,2
DA:201,1
DA:218,1
DA:219,1
LF:57
LH:46
BRDA:32,0,0,1
BRDA:32,0,1,0
BRDA:79,1,0,2
BRDA:79,1,1,0
BRDA:122,2,0,1
BRDA:122,2,1,1
BRDA:146,3,0,0
BRDA:146,3,1,1
BRDA:146,4,0,1
BRDA:146,4,1,0
BRDA:146,4,2,0
BRDA:158,5,0,0
BRDA:158,5,1,2
BRF:13
BRH:7
end_of_record
TN:
SF:/Users/maxime_beauchemin/code/caravel/superset/assets/javascripts/SqlLab/components/ResultSet.jsx
FN:32,ResultSet
FN:209,(anonymous_33)
FNF:2
FNH:2
FNDA:1,ResultSet
FNDA:2,(anonymous_33)
DA:1,1
DA:2,1
DA:3,1
DA:4,1
DA:6,1
DA:7,1
DA:8,1
DA:10,1
DA:20,1
DA:29,1
DA:32,3
DA:34,1
DA:43,0
DA:47,0
DA:50,0
DA:55,0
DA:57,0
DA:61,1
DA:62,1
DA:63,1
DA:64,1
DA:70,1
DA:71,1
DA:72,1
DA:81,1
DA:82,1
DA:83,1
DA:92,1
DA:108,0
DA:111,0
DA:114,0
DA:121,0
DA:124,0
DA:127,0
DA:130,0
DA:133,0
DA:136,0
DA:139,0
DA:140,0
DA:141,0
DA:145,1
DA:146,1
DA:147,1
DA:148,1
DA:149,0
DA:151,1
DA:154,1
DA:156,1
DA:157,0
DA:160,1
DA:161,0
DA:163,1
DA:164,0
DA:165,0
DA:166,0
DA:173,0
DA:179,1
DA:180,0
DA:181,1
DA:182,0
DA:196,1
DA:197,1
DA:198,1
DA:209,2
DA:217,0
DA:218,0
DA:228,0
DA:231,1
DA:232,1
LF:69
LH:40
BRDA:32,0,0,1
BRDA:32,0,1,0
BRDA:38,1,0,1
BRDA:38,1,1,0
BRDA:47,2,0,0
BRDA:47,2,1,0
BRDA:47,3,0,0
BRDA:47,3,1,0
BRDA:47,3,2,0
BRDA:47,3,3,0
BRDA:55,4,0,0
BRDA:55,4,1,0
BRDA:55,5,0,0
BRDA:55,5,1,0
BRDA:61,6,0,1
BRDA:61,6,1,0
BRDA:61,7,0,1
BRDA:61,7,1,0
BRDA:61,7,2,0
BRDA:63,8,0,1
BRDA:63,8,1,0
BRDA:71,9,0,1
BRDA:71,9,1,0
BRDA:82,10,0,1
BRDA:82,10,1,0
BRDA:140,11,0,0
BRDA:140,11,1,0
BRDA:140,12,0,0
BRDA:140,12,1,0
BRDA:148,13,0,0
BRDA:148,13,1,1
BRDA:148,14,0,1
BRDA:148,14,1,0
BRDA:151,15,0,1
BRDA:151,15,1,0
BRDA:156,16,0,0
BRDA:156,16,1,1
BRDA:160,17,0,0
BRDA:160,17,1,1
BRDA:163,18,0,0
BRDA:163,18,1,1
BRDA:165,19,0,0
BRDA:165,19,1,0
BRDA:165,20,0,0
BRDA:165,20,1,0
BRDA:179,21,0,0
BRDA:179,21,1,1
BRDA:181,22,0,0
BRDA:181,22,1,1
BRDA:181,23,0,1
BRDA:181,23,1,1
BRDA:196,24,0,1
BRDA:196,24,1,0
BRDA:197,25,0,1
BRDA:197,25,1,0
BRDA:197,26,0,1
BRDA:197,26,1,1
BRDA:197,26,2,1
BRDA:217,27,0,0
BRDA:217,27,1,0
BRF:60
BRH:22
end_of_record
TN:
SF:/Users/maxime_beauchemin/code/caravel/superset/assets/javascripts/SqlLab/components/RunQueryActionButton.jsx
FN:17,RunQueryActionButton
FN:32,(anonymous_3)
FN:32,onClick
FN:42,(anonymous_5)
FN:42,onClick
FNF:5
FNH:3
FNDA:2,RunQueryActionButton
FNDA:2,(anonymous_3)
FNDA:0,onClick
FNDA:2,(anonymous_5)
FNDA:0,onClick
DA:1,1
DA:2,1
DA:3,1
DA:5,1
DA:13,1
DA:18,2
DA:19,2
DA:20,2
DA:21,2
DA:23,2
DA:30,2
DA:32,2
DA:40,2
DA:42,2
DA:51,2
DA:59,2
DA:60,2
DA:61,2
DA:62,0
DA:63,0
DA:65,0
DA:68,2
DA:75,1
DA:76,1
LF:24
LH:21
BRDA:18,0,0,0
BRDA:18,0,1,2
BRDA:19,1,0,0
BRDA:19,1,1,2
BRDA:60,2,0,2
BRDA:60,2,1,0
BRDA:62,3,0,0
BRDA:62,3,1,0
BRF:8
BRH:3
end_of_record
TN:
SF:/Users/maxime_beauchemin/code/caravel/superset/assets/javascripts/SqlLab/components/SaveQuery.jsx
FN:18,(anonymous_7)
FN:18,onSave
FN:22,SaveQuery
FNF:3
FNH:2
FNDA:1,(anonymous_7)
FNDA:0,onSave
FNDA:4,SaveQuery
DA:2,1
DA:3,1
DA:4,1
DA:5,1
DA:7,1
DA:15,1
DA:18,1
DA:22,12
DA:24,4
DA:29,4
DA:30,4
DA:31,4
DA:32,4
DA:33,4
DA:36,0
DA:43,0
DA:44,0
DA:47,0
DA:50,0
DA:53,0
DA:56,2
DA:59,6
DA:111,6
DA:129,1
DA:130,1
LF:25
LH:19
BRDA:22,0,0,4
BRDA:22,0,1,0
BRF:2
BRH:1
end_of_record
TN:
SF:/Users/maxime_beauchemin/code/caravel/superset/assets/javascripts/SqlLab/components/SouthPane.jsx
FN:28,SouthPane
FN:82,(anonymous_16)
FN:128,mapStateToProps
FN:134,mapDispatchToProps
FNF:4
FNH:0
FNDA:0,SouthPane
FNDA:0,(anonymous_16)
FNDA:0,mapStateToProps
FNDA:0,mapDispatchToProps
DA:1,1
DA:2,1
DA:3,1
DA:4,1
DA:5,1
DA:6,1
DA:8,1
DA:9,1
DA:10,1
DA:16,1
DA:23,1
DA:28,0
DA:30,0
DA:39,0
DA:42,0
DA:45,0
DA:48,0
DA:51,0
DA:56,0
DA:59,0
DA:61,0
DA:62,0
DA:63,0
DA:64,0
DA:65,0
DA:67,0
DA:68,0
DA:69,0
DA:79,0
DA:82,0
DA:99,0
DA:129,0
DA:135,0
DA:140,1
DA:141,1
LF:35
LH:13
BRDA:28,0,0,0
BRDA:28,0,1,0
BRDA:64,1,0,0
BRDA:64,1,1,0
BRDA:68,2,0,0
BRDA:68,2,1,0
BRF:6
BRH:0
end_of_record
TN:
SF:/Users/maxime_beauchemin/code/caravel/superset/assets/javascripts/SqlLab/components/SqlEditor.jsx
FN:46,SqlEditor
FNF:1
FNH:1
FNDA:1,SqlEditor
DA:1,1
DA:2,1
DA:3,1
DA:16,1
DA:18,1
DA:19,1
DA:20,1
DA:21,1
DA:22,1
DA:23,1
DA:24,1
DA:26,1
DA:38,1
DA:46,3
DA:48,1
DA:54,0
DA:57,0
DA:58,0
DA:59,0
DA:60,0
DA:64,0
DA:66,0
DA:67,0
DA:68,0
DA:69,0
DA:71,0
DA:73,0
DA:74,0
DA:75,0
DA:85,0
DA:86,0
DA:89,0
DA:92,0
DA:95,0
DA:99,2
DA:100,2
DA:101,2
DA:102,2
DA:106,1
DA:107,1
DA:108,1
DA:110,0
DA:116,0
DA:122,1
DA:123,1
DA:124,0
DA:125,0
DA:150,1
DA:184,1
DA:227,1
DA:228,1
LF:51
LH:28
BRDA:46,0,0,1
BRDA:46,0,1,0
BRDA:57,1,0,0
BRDA:57,1,1,0
BRDA:66,2,0,0
BRDA:66,2,1,0
BRDA:66,3,0,0
BRDA:66,3,1,0
BRDA:68,4,0,0
BRDA:68,4,1,0
BRDA:73,5,0,0
BRDA:73,5,1,0
BRDA:73,6,0,0
BRDA:73,6,1,0
BRDA:73,7,0,0
BRDA:73,7,1,0
BRDA:73,8,0,0
BRDA:73,8,1,0
BRDA:77,9,0,0
BRDA:77,9,1,0
BRDA:81,10,0,0
BRDA:81,10,1,0
BRDA:108,11,0,0
BRDA:108,11,1,1
BRDA:108,12,0,1
BRDA:108,12,1,1
BRDA:123,13,0,0
BRDA:123,13,1,1
BRDA:123,14,0,1
BRDA:123,14,1,1
BRDA:154,15,0,1
BRDA:154,15,1,0
BRDA:156,16,0,1
BRDA:156,16,1,1
BRDA:173,17,0,1
BRDA:173,17,1,1
BRDA:205,18,0,0
BRDA:205,18,1,1
BRF:38
BRH:13
end_of_record
TN:
SF:/Users/maxime_beauchemin/code/caravel/superset/assets/javascripts/SqlLab/components/SqlEditorLeftBar.jsx
FN:25,SqlEditorLeftBar
FN:56,(anonymous_15)
FN:59,(anonymous_18)
FN:77,(anonymous_23)
FN:123,(anonymous_30)
FN:124,(anonymous_31)
FN:151,(anonymous_36)
FN:151,valueRenderer
FN:167,(anonymous_38)
FN:167,valueRenderer
FN:208,(anonymous_40)
FNF:11
FNH:4
FNDA:1,SqlEditorLeftBar
FNDA:0,(anonymous_15)
FNDA:0,(anonymous_18)
FNDA:0,(anonymous_23)
FNDA:0,(anonymous_30)
FNDA:0,(anonymous_31)
FNDA:1,(anonymous_36)
FNDA:0,valueRenderer
FNDA:1,(anonymous_38)
FNDA:0,valueRenderer
FNDA:1,(anonymous_40)
DA:1,1
DA:2,1
DA:3,1
DA:4,1
DA:5,1
DA:7,1
DA:8,1
DA:10,1
DA:12,1
DA:19,1
DA:25,3
DA:27,1
DA:35,1
DA:36,1
DA:39,0
DA:40,0
DA:41,0
DA:42,0
DA:43,0
DA:44,0
DA:46,0
DA:47,0
DA:51,1
DA:52,1
DA:54,0
DA:56,0
DA:59,0
DA:60,0
DA:61,0
DA:62,0
DA:67,0
DA:70,0
DA:72,1
DA:74,1
DA:75,0
DA:76,0
DA:77,0
DA:78,0
DA:79,0
DA:87,1
DA:91,0
DA:92,0
DA:93,0
DA:95,0
DA:96,0
DA:97,0
DA:98,0
DA:99,0
DA:101,0
DA:102,0
DA:103,0
DA:104,0
DA:105,0
DA:107,0
DA:110,0
DA:111,0
DA:114,0
DA:115,0
DA:116,0
DA:118,1
DA:119,1
DA:120,1
DA:121,0
DA:122,0
DA:123,0
DA:124,0
DA:125,0
DA:126,0
DA:131,0
DA:134,1
DA:135,1
DA:136,1
DA:137,1
DA:151,1
DA:167,1
DA:208,1
DA:227,1
DA:228,1
LF:78
LH:31
BRDA:25,0,0,1
BRDA:25,0,1,0
BRDA:39,1,0,0
BRDA:39,1,1,0
BRDA:43,2,0,0
BRDA:43,2,1,0
BRDA:51,3,0,1
BRDA:51,3,1,0
BRDA:51,4,0,1
BRDA:51,4,1,0
BRDA:61,5,0,0
BRDA:61,5,1,0
BRDA:74,6,0,0
BRDA:74,6,1,1
BRDA:74,7,0,1
BRDA:74,7,1,0
BRDA:91,8,0,0
BRDA:91,8,1,0
BRDA:98,9,0,0
BRDA:98,9,1,0
BRDA:114,10,0,0
BRDA:114,10,1,0
BRDA:119,11,0,1
BRDA:119,11,1,1
BRDA:120,12,0,0
BRDA:120,12,1,1
BRDA:178,13,0,1
BRDA:178,13,1,0
BRDA:191,14,0,1
BRDA:191,14,1,1
BRDA:218,15,0,1
BRDA:218,15,1,0
BRF:32
BRH:12
end_of_record
TN:
SF:/Users/maxime_beauchemin/code/caravel/superset/assets/javascripts/SqlLab/components/TabbedSqlEditors.jsx
FN:30,TabbedSqlEditors
FN:51,(anonymous_12)
FN:55,(anonymous_13)
FN:87,(anonymous_16)
FN:147,(anonymous_33)
FN:196,(anonymous_34)
FN:232,mapStateToProps
FN:242,mapDispatchToProps
FNF:8
FNH:2
FNDA:1,TabbedSqlEditors
FNDA:0,(anonymous_12)
FNDA:0,(anonymous_13)
FNDA:0,(anonymous_16)
FNDA:1,(anonymous_33)
FNDA:0,(anonymous_34)
FNDA:0,mapStateToProps
FNDA:0,mapDispatchToProps
DA:1,1
DA:2,1
DA:3,1
DA:4,1
DA:5,1
DA:6,1
DA:8,1
DA:9,1
DA:10,1
DA:11,1
DA:13,1
DA:23,1
DA:27,1
DA:30,3
DA:32,1
DA:33,1
DA:40,0
DA:41,0
DA:42,0
DA:43,0
DA:44,0
DA:45,0
DA:46,0
DA:47,0
DA:48,0
DA:49,0
DA:50,0
DA:51,0
DA:52,0
DA:53,0
DA:54,0
DA:55,0
DA:56,0
DA:57,0
DA:62,0
DA:69,0
DA:71,0
DA:75,0
DA:76,0
DA:77,0
DA:78,0
DA:79,0
DA:82,0
DA:83,0
DA:86,0
DA:87,0
DA:88,0
DA:89,0
DA:90,0
DA:93,0
DA:94,0
DA:98,0
DA:100,0
DA:104,0
DA:105,0
DA:106,0
DA:110,1
DA:111,1
DA:112,1
DA:113,1
DA:114,1
DA:117,0
DA:120,0
DA:121,0
DA:122,0
DA:131,0
DA:134,0
DA:135,0
DA:137,0
DA:141,0
DA:144,0
DA:146,1
DA:147,1
DA:148,1
DA:150,1
DA:151,1
DA:152,0
DA:154,1
DA:155,1
DA:156,0
DA:158,1
DA:161,1
DA:185,1
DA:196,0
DA:210,1
DA:229,1
DA:230,1
DA:233,0
DA:243,0
LF:89
LH:34
BRDA:30,0,0,1
BRDA:30,0,1,0
BRDA:42,1,0,0
BRDA:42,1,1,0
BRDA:42,2,0,0
BRDA:42,2,1,0
BRDA:42,2,2,0
BRDA:43,3,0,0
BRDA:43,3,1,0
BRDA:45,4,0,0
BRDA:45,4,1,0
BRDA:47,5,0,0
BRDA:47,5,1,0
BRDA:49,6,0,0
BRDA:49,6,1,0
BRDA:54,7,0,0
BRDA:54,7,1,0
BRDA:56,8,0,0
BRDA:56,8,1,0
BRDA:78,9,0,0
BRDA:78,9,1,0
BRDA:82,10,0,0
BRDA:82,10,1,0
BRDA:89,11,0,0
BRDA:89,11,1,0
BRDA:89,12,0,0
BRDA:89,12,1,0
BRDA:89,12,2,0
BRDA:93,13,0,0
BRDA:93,13,1,0
BRDA:105,14,0,0
BRDA:105,14,1,0
BRDA:113,15,0,1
BRDA:113,15,1,0
BRDA:125,16,0,0
BRDA:125,16,1,0
BRDA:124,17,0,0
BRDA:124,17,1,0
BRDA:127,18,0,0
BRDA:127,18,1,0
BRDA:134,19,0,0
BRDA:134,19,1,0
BRDA:151,20,0,0
BRDA:151,20,1,1
BRDA:155,21,0,0
BRDA:155,21,1,1
BRDA:158,22,0,0
BRDA:158,22,1,1
BRDA:174,23,0,1
BRDA:174,23,1,1
BRDA:180,24,0,0
BRDA:180,24,1,1
BRDA:193,25,0,1
BRDA:193,25,1,1
BRF:54
BRH:10
end_of_record
TN:
SF:/Users/maxime_beauchemin/code/caravel/superset/assets/javascripts/SqlLab/components/TableElement.jsx
FN:25,TableElement
FN:106,(anonymous_23)
FN:117,(anonymous_24)
FN:139,(anonymous_27)
FN:164,(anonymous_28)
FN:164,onClick
FNF:6
FNH:6
FNDA:7,TableElement
FNDA:25,(anonymous_23)
FNDA:126,(anonymous_24)
FNDA:36,(anonymous_27)
FNDA:9,(anonymous_28)
FNDA:1,onClick
DA:1,1
DA:2,1
DA:4,1
DA:5,1
DA:7,1
DA:8,1
DA:9,1
DA:10,1
DA:12,1
DA:18,1
DA:25,21
DA:27,7
DA:34,0
DA:41,0
DA:45,1
DA:46,1
DA:47,1
DA:49,0
DA:54,1
DA:55,1
DA:58,1
DA:62,1
DA:66,9
DA:67,9
DA:68,9
DA:69,9
DA:70,9
DA:71,9
DA:72,9
DA:73,9
DA:74,9
DA:83,9
DA:84,9
DA:85,27
DA:87,9
DA:88,9
DA:98,9
DA:101,9
DA:102,9
DA:103,9
DA:104,9
DA:105,9
DA:106,25
DA:110,9
DA:117,126
DA:125,9
DA:128,9
DA:129,9
DA:130,9
DA:131,9
DA:132,9
DA:139,36
DA:151,9
DA:164,9
DA:213,1
DA:214,1
LF:56
LH:53
BRDA:25,0,0,7
BRDA:25,0,1,0
BRDA:46,1,0,1
BRDA:46,1,1,0
BRDA:68,2,0,9
BRDA:68,2,1,0
BRDA:71,3,0,9
BRDA:71,3,1,0
BRDA:103,4,0,9
BRDA:103,4,1,0
BRDA:105,5,0,1
BRDA:105,5,1,8
BRDA:117,6,0,9
BRDA:117,6,1,9
BRDA:131,7,0,9
BRDA:131,7,1,0
BRDA:131,8,0,9
BRDA:131,8,1,9
BRDA:168,9,0,9
BRDA:168,9,1,0
BRDA:177,10,0,8
BRDA:177,10,1,1
BRDA:182,11,0,8
BRDA:182,11,1,1
BRDA:186,12,0,9
BRDA:186,12,1,9
BRF:26
BRH:19
end_of_record
TN:
SF:/Users/maxime_beauchemin/code/caravel/superset/assets/javascripts/SqlLab/components/VisualizeModal.jsx
FN:27,(anonymous_8)
FN:27,onHide
FN:31,VisualizeModal
FN:54,(anonymous_18)
FN:74,(anonymous_23)
FN:108,(anonymous_28)
FN:133,(anonymous_31)
FN:133,success
FN:134,(anonymous_33)
FN:136,(anonymous_34)
FN:137,(anonymous_35)
FN:153,(anonymous_36)
FN:153,error
FN:185,(anonymous_46)
FN:217,(anonymous_47)
FNF:15
FNH:3
FNDA:1,(anonymous_8)
FNDA:0,onHide
FNDA:2,VisualizeModal
FNDA:0,(anonymous_18)
FNDA:0,(anonymous_23)
FNDA:0,(anonymous_28)
FNDA:0,(anonymous_31)
FNDA:0,success
FNDA:0,(anonymous_33)
FNDA:0,(anonymous_34)
FNDA:0,(anonymous_35)
FNDA:0,(anonymous_36)
FNDA:0,error
FNDA:2,(anonymous_46)
FNDA:0,(anonymous_47)
DA:2,1
DA:3,1
DA:4,1
DA:6,1
DA:7,1
DA:8,1
DA:9,1
DA:10,1
DA:12,1
DA:19,1
DA:24,1
DA:27,1
DA:31,6
DA:33,2
DA:41,1
DA:44,0
DA:47,0
DA:51,0
DA:53,0
DA:54,0
DA:55,0
DA:57,0
DA:60,2
DA:61,2
DA:62,2
DA:63,2
DA:64,1
DA:65,1
DA:66,1
DA:68,2
DA:71,1
DA:72,1
DA:73,1
DA:74,1
DA:75,0
DA:76,0
DA:84,1
DA:85,0
DA:86,1
DA:87,0
DA:88,0
DA:89,0
DA:90,0
DA:91,0
DA:94,0
DA:95,0
DA:100,1
DA:103,0
DA:106,1
DA:107,1
DA:108,0
DA:109,0
DA:110,0
DA:114,1
DA:116,0
DA:117,0
DA:124,0
DA:125,0
DA:133,0
DA:134,0
DA:135,0
DA:136,0
DA:137,0
DA:138,0
DA:144,0
DA:145,0
DA:146,0
DA:148,0
DA:149,0
DA:151,0
DA:153,0
DA:157,0
DA:158,0
DA:161,0
DA:162,0
DA:163,0
DA:164,0
DA:167,0
DA:168,0
DA:169,0
DA:170,0
DA:171,0
DA:173,3
DA:174,3
DA:175,2
DA:185,2
DA:217,1
DA:221,1
DA:268,1
DA:271,1
DA:272,1
LF:91
LH:42
BRDA:31,0,0,2
BRDA:31,0,1,0
BRDA:47,1,0,0
BRDA:47,1,1,0
BRDA:48,2,0,0
BRDA:48,2,1,0
BRDA:48,2,2,0
BRDA:63,3,0,1
BRDA:63,3,1,1
BRDA:64,4,0,1
BRDA:64,4,1,0
BRDA:65,5,0,1
BRDA:65,5,1,0
BRDA:75,6,0,0
BRDA:75,6,1,0
BRDA:84,7,0,0
BRDA:84,7,1,1
BRDA:86,8,0,0
BRDA:86,8,1,1
BRDA:90,9,0,0
BRDA:90,9,1,0
BRDA:90,10,0,0
BRDA:90,10,1,0
BRDA:94,11,0,0
BRDA:94,11,1,0
BRDA:107,12,0,0
BRDA:107,12,1,1
BRDA:107,13,0,1
BRDA:107,13,1,0
BRDA:109,14,0,0
BRDA:109,14,1,0
BRDA:144,15,0,0
BRDA:144,15,1,0
BRDA:148,16,0,0
BRDA:148,16,1,0
BRDA:168,17,0,0
BRDA:168,17,1,0
BRDA:174,18,0,2
BRDA:174,18,1,1
BRDA:174,19,0,3
BRDA:174,19,1,1
BRDA:174,19,2,1
BRDA:191,20,0,0
BRDA:191,20,1,2
BRDA:200,21,0,0
BRDA:200,21,1,2
BRDA:213,22,0,0
BRDA:213,22,1,2
BRDA:235,23,0,1
BRDA:235,23,1,0
BRF:50
BRH:18
end_of_record
TN:
SF:/Users/maxime_beauchemin/code/caravel/superset/assets/javascripts/components/AlertsWrapper.jsx
FN:8,(anonymous_11)
FN:8,ref
FNF:2
FNH:0
FNDA:0,(anonymous_11)
FNDA:0,ref
DA:1,1
DA:2,1
DA:6,0
DA:8,0
DA:9,0
LF:5
LH:2
BRF:0
BRH:0
end_of_record
TN:
SF:/Users/maxime_beauchemin/code/caravel/superset/assets/javascripts/components/AsyncSelect.jsx
FN:19,(anonymous_7)
FN:19,valueRenderer
FN:23,AsyncSelect
FN:39,(anonymous_17)
FNF:4
FNH:3
FNDA:1,(anonymous_7)
FNDA:0,valueRenderer
FNDA:5,AsyncSelect
FNDA:2,(anonymous_17)
DA:1,1
DA:2,1
DA:3,1
DA:5,1
DA:7,1
DA:17,1
DA:19,1
DA:23,15
DA:25,5
DA:31,1
DA:34,2
DA:36,3
DA:37,3
DA:38,3
DA:39,3
DA:40,2
DA:42,2
DA:43,1
DA:48,10
DA:63,1
DA:64,1
LF:21
LH:21
BRDA:23,0,0,5
BRDA:23,0,1,0
BRDA:40,1,0,2
BRDA:40,1,1,0
BRDA:42,2,0,1
BRDA:42,2,1,1
BRDA:42,3,0,2
BRDA:42,3,1,1
BRF:8
BRH:6
end_of_record
TN:
SF:/Users/maxime_beauchemin/code/caravel/superset/assets/javascripts/components/Button.jsx
FN:15,Button
FNF:1
FNH:1
FNDA:10,Button
DA:1,1
DA:2,1
DA:3,1
DA:4,1
DA:6,1
DA:10,1
DA:16,10
DA:17,10
DA:18,10
DA:19,10
DA:20,10
DA:23,10
DA:27,10
DA:28,0
DA:37,10
DA:40,1
DA:41,1
LF:17
LH:16
BRDA:27,0,0,0
BRDA:27,0,1,10
BRF:2
BRH:1
end_of_record
TN:
SF:/Users/maxime_beauchemin/code/caravel/superset/assets/javascripts/components/CachedLabel.jsx
FN:14,CacheLabel
FNF:1
FNH:1
FNDA:1,CacheLabel
DA:1,1
DA:2,1
DA:3,1
DA:4,1
DA:5,1
DA:7,1
DA:14,3
DA:16,1
DA:23,0
DA:30,0
DA:35,0
DA:39,0
DA:40,0
DA:44,0
DA:48,1
DA:49,1
DA:67,1
LF:17
LH:11
BRDA:14,0,0,1
BRDA:14,0,1,0
BRDA:24,1,0,0
BRDA:24,1,1,0
BRDA:48,2,0,0
BRDA:48,2,1,1
BRF:6
BRH:2
end_of_record
TN:
SF:/Users/maxime_beauchemin/code/caravel/superset/assets/javascripts/components/CopyToClipboard.jsx
FN:17,(anonymous_7)
FN:17,onCopyEnd
FN:24,CopyToClipboard
FN:43,(anonymous_15)
FNF:4
FNH:2
FNDA:1,(anonymous_7)
FNDA:0,onCopyEnd
FNDA:10,CopyToClipboard
FNDA:0,(anonymous_15)
DA:1,1
DA:2,1
DA:3,1
DA:5,1
DA:15,1
DA:17,1
DA:24,30
DA:26,10
DA:31,10
DA:32,10
DA:33,10
DA:38,0
DA:41,0
DA:42,0
DA:43,0
DA:45,0
DA:50,0
DA:54,0
DA:56,0
DA:57,0
DA:58,0
DA:60,0
DA:61,0
DA:62,0
DA:63,0
DA:64,0
DA:67,0
DA:70,0
DA:72,0
DA:73,0
DA:77,14
DA:78,0
DA:80,14
DA:84,14
DA:108,0
DA:123,14
DA:131,14
DA:132,14
DA:133,0
DA:135,14
DA:137,14
DA:141,1
DA:142,1
LF:43
LH:21
BRDA:24,0,0,10
BRDA:24,0,1,0
BRDA:42,1,0,0
BRDA:42,1,1,0
BRDA:63,2,0,0
BRDA:63,2,1,0
BRDA:77,3,0,0
BRDA:77,3,1,14
BRDA:86,4,0,14
BRDA:86,4,1,0
BRDA:132,5,0,0
BRDA:132,5,1,14
BRF:12
BRH:4
end_of_record
TN:
SF:/Users/maxime_beauchemin/code/caravel/superset/assets/javascripts/components/FaveStar.jsx
FNF:0
FNH:0
DA:1,0
DA:2,0
DA:3,0
DA:4,0
DA:6,0
DA:14,0
DA:18,0
DA:19,0
DA:23,0
DA:28,0
DA:45,0
LF:11
LH:0
BRF:0
BRH:0
end_of_record
TN:
SF:/Users/maxime_beauchemin/code/caravel/superset/assets/javascripts/components/InfoTooltipWithTrigger.jsx
FN:11,InfoTooltipWithTrigger
FNF:1
FNH:0
FNDA:0,InfoTooltipWithTrigger
DA:1,1
DA:2,1
DA:3,1
DA:4,1
DA:6,1
DA:11,0
DA:12,0
DA:22,1
LF:8
LH:6
BRF:0
BRH:0
end_of_record
TN:
SF:/Users/maxime_beauchemin/code/caravel/superset/assets/javascripts/components/ModalTrigger.jsx
FN:23,(anonymous_7)
FN:23,beforeOpen
FN:24,(anonymous_9)
FN:24,onExit
FN:31,ModalTrigger
FNF:5
FNH:3
FNDA:1,(anonymous_7)
FNDA:0,beforeOpen
FNDA:1,(anonymous_9)
FNDA:0,onExit
FNDA:10,ModalTrigger
DA:1,1
DA:2,1
DA:3,1
DA:4,1
DA:5,1
DA:7,1
DA:21,1
DA:23,1
DA:24,1
DA:31,30
DA:33,10
DA:36,10
DA:37,10
DA:41,0
DA:45,2
DA:46,2
DA:47,2
DA:50,14
DA:75,14
DA:78,14
DA:79,5
DA:90,9
DA:99,1
DA:100,1
LF:24
LH:23
BRDA:31,0,0,10
BRDA:31,0,1,0
BRDA:65,1,0,14
BRDA:65,1,1,0
BRDA:78,2,0,5
BRDA:78,2,1,9
BRF:6
BRH:4
end_of_record
TN:
SF:/Users/maxime_beauchemin/code/caravel/superset/assets/javascripts/components/Timer.jsx
FN:6,Timer
FNF:1
FNH:1
FNDA:1,Timer
DA:1,1
DA:2,1
DA:3,1
DA:6,3
DA:8,1
DA:13,1
DA:16,0
DA:19,2
DA:20,1
DA:24,0
DA:25,0
DA:28,0
DA:29,0
DA:30,0
DA:31,0
DA:32,0
DA:34,0
DA:35,0
DA:40,1
DA:41,1
DA:43,1
DA:44,1
DA:45,1
DA:54,1
DA:57,1
DA:65,1
LF:26
LH:16
BRDA:6,0,0,1
BRDA:6,0,1,0
BRDA:19,1,0,1
BRDA:19,1,1,1
BRDA:28,2,0,0
BRDA:28,2,1,0
BRDA:28,3,0,0
BRDA:28,3,1,0
BRDA:29,4,0,0
BRDA:29,4,1,0
BRDA:30,5,0,0
BRDA:30,5,1,0
BRDA:34,6,0,0
BRDA:34,6,1,0
BRDA:40,7,0,1
BRDA:40,7,1,0
BRDA:40,8,0,1
BRDA:40,8,1,1
BRDA:44,9,0,1
BRDA:44,9,1,0
BRF:20
BRH:7
end_of_record
TN:
SF:/Users/maxime_beauchemin/code/caravel/superset/assets/javascripts/components/TooltipWrapper.jsx
FN:17,TooltipWrapper
FNF:1
FNH:0
FNDA:0,TooltipWrapper
DA:1,1
DA:2,1
DA:3,1
DA:4,1
DA:6,1
DA:13,1
DA:17,0
DA:18,0
DA:28,1
DA:29,1
LF:10
LH:8
BRF:0
BRH:0
end_of_record
TN:
SF:/Users/maxime_beauchemin/code/caravel/superset/assets/javascripts/components/VictoryTheme.js
FNF:0
FNH:0
DA:3,0
DA:4,0
DA:7,0
DA:19,0
DA:22,0
DA:23,0
DA:24,0
DA:27,0
DA:35,0
DA:45,0
DA:46,0
DA:49,0
LF:12
LH:0
BRF:0
BRH:0
end_of_record
TN:
SF:/Users/maxime_beauchemin/code/caravel/superset/assets/javascripts/components/FilterableTable/FilterableTable.jsx
FN:32,FilterableTable
FN:41,(anonymous_10)
FN:42,(anonymous_11)
FN:62,(anonymous_18)
FN:64,(anonymous_19)
FN:81,(anonymous_24)
FN:103,(anonymous_27)
FN:143,(anonymous_36)
FN:148,(anonymous_37)
FN:149,(anonymous_38)
FN:152,(anonymous_39)
FN:152,rowGetter
FN:158,(anonymous_41)
FN:158,ref
FN:175,(anonymous_43)
FNF:15
FNH:0
FNDA:0,FilterableTable
FNDA:0,(anonymous_10)
FNDA:0,(anonymous_11)
FNDA:0,(anonymous_18)
FNDA:0,(anonymous_19)
FNDA:0,(anonymous_24)
FNDA:0,(anonymous_27)
FNDA:0,(anonymous_36)
FNDA:0,(anonymous_37)
FNDA:0,(anonymous_38)
FNDA:0,(anonymous_39)
FNDA:0,rowGetter
FNDA:0,(anonymous_41)
FNDA:0,ref
FNDA:0,(anonymous_43)
DA:1,1
DA:2,1
DA:3,1
DA:4,1
DA:10,1
DA:12,1
DA:23,1
DA:32,0
DA:34,0
DA:35,0
DA:36,0
DA:37,0
DA:39,0
DA:40,0
DA:41,0
DA:42,0
DA:44,0
DA:52,0
DA:56,0
DA:59,0
DA:60,0
DA:61,0
DA:62,0
DA:63,0
DA:64,0
DA:67,0
DA:69,0
DA:73,0
DA:74,0
DA:75,0
DA:77,0
DA:81,0
DA:82,0
DA:83,0
DA:84,0
DA:85,0
DA:86,0
DA:88,0
DA:91,0
DA:93,0
DA:97,0
DA:98,0
DA:99,0
DA:100,0
DA:103,0
DA:106,0
DA:107,0
DA:117,0
DA:118,0
DA:119,0
DA:120,0
DA:122,0
DA:125,0
DA:126,0
DA:129,0
DA:130,0
DA:138,0
DA:140,0
DA:142,0
DA:143,0
DA:146,0
DA:147,0
DA:148,0
DA:149,0
DA:152,0
DA:154,0
DA:158,0
DA:175,0
DA:192,1
DA:193,1
LF:70
LH:9
BRDA:32,0,0,0
BRDA:32,0,1,0
BRDA:74,1,0,0
BRDA:74,1,1,0
BRDA:85,2,0,0
BRDA:85,2,1,0
BRDA:99,3,0,0
BRDA:99,3,1,0
BRDA:110,4,0,0
BRDA:110,4,1,0
BRDA:119,5,0,0
BRDA:119,5,1,0
BRDA:120,6,0,0
BRDA:120,6,1,0
BRDA:142,7,0,0
BRDA:142,7,1,0
BRDA:146,8,0,0
BRDA:146,8,1,0
BRDA:149,9,0,0
BRDA:149,9,1,0
BRDA:160,10,0,0
BRDA:160,10,1,0
BRF:22
BRH:0
end_of_record
TN:
SF:/Users/maxime_beauchemin/code/caravel/superset/assets/javascripts/dashboard/Dashboard.jsx
FN:19,getInitialState
FN:25,(anonymous_2)
FN:34,unload
FN:40,onBeforeUnload
FN:48,renderAlert
FN:61,initDashboardView
FN:74,(anonymous_7)
FN:77,(anonymous_8)
FN:83,(anonymous_9)
FN:88,(anonymous_10)
FN:99,dashboardContainer
FN:100,(anonymous_12)
FN:100,init
FN:106,(anonymous_14)
FN:110,(anonymous_15)
FN:112,(anonymous_16)
FN:100,onChange
FN:100,onSave
FN:100,loadPreSelectFilters
FN:100,setFilter
FN:100,done
FN:100,effectiveExtraFilters
FN:100,addFilter
FN:100,readFilters
FN:100,updateFilterParamsInUrl
FN:100,bindResizeToWindowResize
FN:221,(anonymous_37)
FN:223,(anonymous_38)
FN:224,(anonymous_39)
FN:100,stopPeriodicRender
FN:100,startPeriodicRender
FN:240,(anonymous_44)
FN:240,refreshAll
FN:241,(anonymous_46)
FN:243,(anonymous_47)
FN:252,(anonymous_48)
FN:252,fetchAndRender
FN:255,(anonymous_50)
FN:100,refreshExcept
FN:264,(anonymous_53)
FN:265,(anonymous_54)
FN:269,(anonymous_55)
FN:100,clearFilters
FN:100,removeFilter
FN:282,(anonymous_60)
FN:284,(anonymous_61)
FN:100,getSlice
FN:100,getAjaxErrorMsg
FN:100,addSlicesToDashboard
FN:316,(anonymous_68)
FN:316,success
FN:316,error
FN:338,(anonymous_72)
FNF:53
FNH:0
FNDA:0,getInitialState
FNDA:0,(anonymous_2)
FNDA:0,unload
FNDA:0,onBeforeUnload
FNDA:0,renderAlert
FNDA:0,initDashboardView
FNDA:0,(anonymous_7)
FNDA:0,(anonymous_8)
FNDA:0,(anonymous_9)
FNDA:0,(anonymous_10)
FNDA:0,dashboardContainer
FNDA:0,(anonymous_12)
FNDA:0,init
FNDA:0,(anonymous_14)
FNDA:0,(anonymous_15)
FNDA:0,(anonymous_16)
FNDA:0,onChange
FNDA:0,onSave
FNDA:0,loadPreSelectFilters
FNDA:0,setFilter
FNDA:0,done
FNDA:0,effectiveExtraFilters
FNDA:0,addFilter
FNDA:0,readFilters
FNDA:0,updateFilterParamsInUrl
FNDA:0,bindResizeToWindowResize
FNDA:0,(anonymous_37)
FNDA:0,(anonymous_38)
FNDA:0,(anonymous_39)
FNDA:0,stopPeriodicRender
FNDA:0,startPeriodicRender
FNDA:0,(anonymous_44)
FNDA:0,refreshAll
FNDA:0,(anonymous_46)
FNDA:0,(anonymous_47)
FNDA:0,(anonymous_48)
FNDA:0,fetchAndRender
FNDA:0,(anonymous_50)
FNDA:0,refreshExcept
FNDA:0,(anonymous_53)
FNDA:0,(anonymous_54)
FNDA:0,(anonymous_55)
FNDA:0,clearFilters
FNDA:0,removeFilter
FNDA:0,(anonymous_60)
FNDA:0,(anonymous_61)
FNDA:0,getSlice
FNDA:0,getAjaxErrorMsg
FNDA:0,addSlicesToDashboard
FNDA:0,(anonymous_68)
FNDA:0,success
FNDA:0,error
FNDA:0,(anonymous_72)
DA:1,0
DA:2,0
DA:3,0
DA:4,0
DA:5,0
DA:7,0
DA:8,0
DA:9,0
DA:11,0
DA:13,0
DA:14,0
DA:15,0
DA:17,0
DA:20,0
DA:21,0
DA:23,0
DA:24,0
DA:25,0
DA:26,0
DA:29,0
DA:30,0
DA:31,0
DA:35,0
DA:36,0
DA:37,0
DA:41,0
DA:42,0
DA:44,0
DA:49,0
DA:62,0
DA:67,0
DA:73,0
DA:75,0
DA:78,0
DA:81,0
DA:83,0
DA:84,0
DA:85,0
DA:87,0
DA:88,0
DA:89,0
DA:91,0
DA:92,0
DA:95,0
DA:96,0
DA:100,0
DA:104,0
DA:105,0
DA:106,0
DA:107,0
DA:108,0
DA:109,0
DA:110,0
DA:111,0
DA:112,0
DA:113,0
DA:115,0
DA:118,0
DA:119,0
DA:120,0
DA:123,0
DA:124,0
DA:127,0
DA:128,0
DA:131,0
DA:132,0
DA:133,0
DA:134,0
DA:135,0
DA:143,0
DA:146,0
DA:147,0
DA:148,0
DA:149,0
DA:150,0
DA:158,0
DA:165,0
DA:166,0
DA:167,0
DA:169,0
DA:173,0
DA:174,0
DA:178,0
DA:180,0
DA:181,0
DA:182,0
DA:183,0
DA:191,0
DA:193,0
DA:194,0
DA:195,0
DA:197,0
DA:198,0
DA:200,0
DA:202,0
DA:203,0
DA:205,0
DA:209,0
DA:212,0
DA:213,0
DA:214,0
DA:215,0
DA:216,0
DA:219,0
DA:220,0
DA:221,0
DA:222,0
DA:223,0
DA:224,0
DA:225,0
DA:231,0
DA:232,0
DA:233,0
DA:237,0
DA:238,0
DA:239,0
DA:240,0
DA:241,0
DA:242,0
DA:243,0
DA:244,0
DA:249,0
DA:252,0
DA:253,0
DA:254,0
DA:255,0
DA:256,0
DA:260,0
DA:263,0
DA:264,0
DA:265,0
DA:266,0
DA:267,0
DA:268,0
DA:269,0
DA:270,0
DA:276,0
DA:277,0
DA:278,0
DA:280,0
DA:281,0
DA:282,0
DA:283,0
DA:284,0
DA:285,0
DA:286,0
DA:289,0
DA:292,0
DA:293,0
DA:296,0
DA:297,0
DA:298,0
DA:299,0
DA:301,0
DA:302,0
DA:303,0
DA:305,0
DA:307,0
DA:310,0
DA:311,0
DA:315,0
DA:316,0
DA:324,0
DA:327,0
DA:328,0
DA:338,0
DA:340,0
DA:341,0
DA:343,0
DA:344,0
DA:345,0
DA:346,0
LF:172
LH:0
BRDA:24,0,0,0
BRDA:24,0,1,0
BRDA:41,1,0,0
BRDA:41,1,1,0
BRDA:87,2,0,0
BRDA:87,2,1,0
BRDA:91,3,0,0
BRDA:91,3,1,0
BRDA:107,4,0,0
BRDA:107,4,1,0
BRDA:132,5,0,0
BRDA:132,5,1,0
BRDA:149,6,0,0
BRDA:149,6,1,0
BRDA:149,7,0,0
BRDA:149,7,1,0
BRDA:166,8,0,0
BRDA:166,8,1,0
BRDA:167,9,0,0
BRDA:167,9,1,0
BRDA:167,10,0,0
BRDA:167,10,1,0
BRDA:174,11,0,0
BRDA:174,11,1,0
BRDA:175,12,0,0
BRDA:175,12,1,0
BRDA:175,12,2,0
BRDA:182,13,0,0
BRDA:182,13,1,0
BRDA:193,14,0,0
BRDA:193,14,1,0
BRDA:193,15,0,0
BRDA:193,15,1,0
BRDA:193,16,0,0
BRDA:193,16,1,0
BRDA:193,17,0,0
BRDA:193,17,1,0
BRDA:194,18,0,0
BRDA:194,18,1,0
BRDA:197,19,0,0
BRDA:197,19,1,0
BRDA:197,20,0,0
BRDA:197,20,1,0
BRDA:202,21,0,0
BRDA:202,21,1,0
BRDA:213,22,0,0
BRDA:213,22,1,0
BRDA:231,23,0,0
BRDA:231,23,1,0
BRDA:254,24,0,0
BRDA:254,24,1,0
BRDA:263,25,0,0
BRDA:263,25,1,0
BRDA:265,26,0,0
BRDA:265,26,1,0
BRDA:265,27,0,0
BRDA:265,27,1,0
BRDA:281,28,0,0
BRDA:281,28,1,0
BRDA:282,29,0,0
BRDA:282,29,1,0
BRDA:285,30,0,0
BRDA:285,30,1,0
BRDA:301,31,0,0
BRDA:301,31,1,0
BRDA:311,32,0,0
BRDA:311,32,1,0
BRDA:311,33,0,0
BRDA:311,33,1,0
BRF:69
BRH:0
end_of_record
TN:
SF:/Users/maxime_beauchemin/code/caravel/superset/assets/javascripts/dashboard/components/CodeModal.jsx
FN:13,(anonymous_7)
FN:13,codeCallback
FN:17,CodeModal
FNF:3
FNH:2
FNDA:1,(anonymous_7)
FNDA:0,codeCallback
FNDA:1,CodeModal
DA:1,1
DA:2,1
DA:4,1
DA:6,1
DA:12,1
DA:13,1
DA:17,3
DA:19,1
DA:22,0
DA:23,0
DA:24,0
DA:26,0
DA:29,1
DA:46,1
DA:47,1
LF:15
LH:11
BRDA:17,0,0,1
BRDA:17,0,1,0
BRDA:23,1,0,0
BRDA:23,1,1,0
BRF:4
BRH:1
end_of_record
TN:
SF:/Users/maxime_beauchemin/code/caravel/superset/assets/javascripts/dashboard/components/Controls.jsx
FN:19,Controls
FN:27,(anonymous_11)
FN:28,(anonymous_12)
FN:37,(anonymous_15)
FN:65,(anonymous_20)
FN:65,onChange
FN:84,(anonymous_22)
FN:84,onClick
FN:90,(anonymous_24)
FN:90,onClick
FNF:10
FNH:0
FNDA:0,Controls
FNDA:0,(anonymous_11)
FNDA:0,(anonymous_12)
FNDA:0,(anonymous_15)
FNDA:0,(anonymous_20)
FNDA:0,onChange
FNDA:0,(anonymous_22)
FNDA:0,onClick
FNDA:0,(anonymous_24)
FNDA:0,onClick
DA:1,0
DA:2,0
DA:3,0
DA:5,0
DA:6,0
DA:7,0
DA:8,0
DA:9,0
DA:10,0
DA:12,0
DA:14,0
DA:19,0
DA:21,0
DA:26,0
DA:27,0
DA:28,0
DA:33,0
DA:37,0
DA:38,0
DA:42,0
DA:43,0
DA:46,0
DA:47,0
DA:48,0
DA:50,0
DA:65,0
DA:84,0
DA:90,0
DA:91,0
DA:110,0
LF:30
LH:0
BRDA:19,0,0,0
BRDA:19,0,1,0
BRDA:22,1,0,0
BRDA:22,1,1,0
BRF:4
BRH:0
end_of_record
TN:
SF:/Users/maxime_beauchemin/code/caravel/superset/assets/javascripts/dashboard/components/CssEditor.jsx
FN:20,(anonymous_7)
FN:20,onChange
FN:25,CssEditor
FNF:3
FNH:2
FNDA:1,(anonymous_7)
FNDA:0,onChange
FNDA:1,CssEditor
DA:1,1
DA:2,1
DA:3,1
DA:5,1
DA:6,1
DA:7,1
DA:9,1
DA:11,1
DA:18,1
DA:20,1
DA:25,3
DA:27,1
DA:33,1
DA:36,0
DA:37,0
DA:40,1
DA:41,1
DA:42,1
DA:43,1
DA:45,1
DA:46,1
DA:47,1
DA:48,1
DA:49,1
DA:51,1
DA:52,0
DA:54,1
DA:58,0
DA:61,1
DA:62,1
DA:73,0
DA:76,1
DA:107,1
DA:108,1
LF:34
LH:29
BRDA:25,0,0,1
BRDA:25,0,1,0
BRDA:42,1,0,1
BRDA:42,1,1,0
BRDA:45,2,0,1
BRDA:45,2,1,0
BRDA:51,3,0,0
BRDA:51,3,1,1
BRDA:61,4,0,1
BRDA:61,4,1,0
BRDA:97,5,0,1
BRDA:97,5,1,1
BRF:12
BRH:7
end_of_record
TN:
SF:/Users/maxime_beauchemin/code/caravel/superset/assets/javascripts/dashboard/components/GridLayout.jsx
FN:21,(anonymous_11)
FN:52,(anonymous_14)
FN:65,(anonymous_19)
FN:68,(anonymous_20)
FN:76,(anonymous_23)
FN:99,(anonymous_26)
FNF:6
FNH:0
FNDA:0,(anonymous_11)
FNDA:0,(anonymous_14)
FNDA:0,(anonymous_19)
FNDA:0,(anonymous_20)
FNDA:0,(anonymous_23)
FNDA:0,(anonymous_26)
DA:1,0
DA:2,0
DA:3,0
DA:4,0
DA:6,0
DA:8,0
DA:9,0
DA:11,0
DA:13,0
DA:18,0
DA:19,0
DA:21,0
DA:22,0
DA:23,0
DA:24,0
DA:25,0
DA:33,0
DA:43,0
DA:50,0
DA:51,0
DA:52,0
DA:54,0
DA:58,0
DA:59,0
DA:63,0
DA:64,0
DA:66,0
DA:69,0
DA:72,0
DA:76,0
DA:85,0
DA:86,0
DA:99,0
DA:118,0
LF:34
LH:0
BRDA:24,0,0,0
BRDA:24,0,1,0
BRDA:51,1,0,0
BRDA:51,1,1,0
BRDA:51,2,0,0
BRDA:51,2,1,0
BRF:6
BRH:0
end_of_record
TN:
SF:/Users/maxime_beauchemin/code/caravel/superset/assets/javascripts/dashboard/components/Header.jsx
FN:13,Header
FNF:1
FNH:0
FNDA:0,Header
DA:1,0
DA:2,0
DA:4,0
DA:6,0
DA:9,0
DA:13,0
DA:15,0
DA:19,0
DA:20,0
DA:38,0
DA:39,0
LF:11
LH:0
BRDA:13,0,0,0
BRDA:13,0,1,0
BRDA:29,1,0,0
BRDA:29,1,1,0
BRF:4
BRH:0
end_of_record
TN:
SF:/Users/maxime_beauchemin/code/caravel/superset/assets/javascripts/dashboard/components/RefreshIntervalModal.jsx
FN:14,(anonymous_7)
FN:14,onChange
FN:23,(anonymous_9)
FN:26,RefreshIntervalModal
FN:44,(anonymous_14)
FN:44,onChange
FNF:6
FNH:4
FNDA:1,(anonymous_7)
FNDA:0,onChange
FNDA:5,(anonymous_9)
FNDA:1,RefreshIntervalModal
FNDA:1,(anonymous_14)
FNDA:0,onChange
DA:1,1
DA:2,1
DA:3,1
DA:4,1
DA:6,1
DA:12,1
DA:14,1
DA:17,1
DA:23,5
DA:26,3
DA:28,1
DA:32,1
DA:33,1
DA:44,1
DA:45,0
DA:46,0
DA:55,1
DA:56,1
LF:18
LH:16
BRDA:26,0,0,1
BRDA:26,0,1,0
BRF:2
BRH:1
end_of_record
TN:
SF:/Users/maxime_beauchemin/code/caravel/superset/assets/javascripts/dashboard/components/SaveModal.jsx
FN:16,SaveModal
FN:44,(anonymous_15)
FN:44,success
FN:44,error
FN:75,(anonymous_21)
FN:109,(anonymous_24)
FN:109,ref
FN:140,(anonymous_26)
FN:140,onClick
FNF:9
FNH:0
FNDA:0,SaveModal
FNDA:0,(anonymous_15)
FNDA:0,success
FNDA:0,error
FNDA:0,(anonymous_21)
FNDA:0,(anonymous_24)
FNDA:0,ref
FNDA:0,(anonymous_26)
FNDA:0,onClick
DA:1,0
DA:2,0
DA:3,0
DA:4,0
DA:5,0
DA:7,0
DA:9,0
DA:16,0
DA:18,0
DA:24,0
DA:25,0
DA:26,0
DA:27,0
DA:30,0
DA:35,0
DA:41,0
DA:42,0
DA:43,0
DA:44,0
DA:51,0
DA:52,0
DA:53,0
DA:54,0
DA:56,0
DA:63,0
DA:64,0
DA:65,0
DA:73,0
DA:74,0
DA:75,0
DA:76,0
DA:77,0
DA:78,0
DA:79,0
DA:82,0
DA:83,0
DA:88,0
DA:89,0
DA:90,0
DA:91,0
DA:92,0
DA:93,0
DA:94,0
DA:95,0
DA:100,0
DA:101,0
DA:102,0
DA:106,0
DA:107,0
DA:109,0
DA:140,0
DA:150,0
LF:52
LH:0
BRDA:16,0,0,0
BRDA:16,0,1,0
BRDA:53,1,0,0
BRDA:53,1,1,0
BRDA:78,2,0,0
BRDA:78,2,1,0
BRDA:89,3,0,0
BRDA:89,3,1,0
BRDA:92,4,0,0
BRDA:92,4,1,0
BRDA:93,5,0,0
BRDA:93,5,1,0
BRF:12
BRH:0
end_of_record
TN:
SF:/Users/maxime_beauchemin/code/caravel/superset/assets/javascripts/dashboard/components/SliceAdder.jsx
FN:16,SliceAdder
FN:45,(anonymous_11)
FN:45,success
FN:47,(anonymous_13)
FN:60,(anonymous_14)
FN:60,error
FN:105,(anonymous_26)
FN:149,(anonymous_27)
FN:149,dataFormat
FNF:9
FNH:0
FNDA:0,SliceAdder
FNDA:0,(anonymous_11)
FNDA:0,success
FNDA:0,(anonymous_13)
FNDA:0,(anonymous_14)
FNDA:0,error
FNDA:0,(anonymous_26)
FNDA:0,(anonymous_27)
FNDA:0,dataFormat
DA:1,0
DA:2,0
DA:3,0
DA:4,0
DA:6,0
DA:8,0
DA:10,0
DA:16,0
DA:18,0
DA:24,0
DA:30,0
DA:31,0
DA:33,0
DA:40,0
DA:41,0
DA:42,0
DA:45,0
DA:47,0
DA:54,0
DA:60,0
DA:61,0
DA:62,0
DA:70,0
DA:74,0
DA:78,0
DA:79,0
DA:80,0
DA:84,0
DA:85,0
DA:86,0
DA:87,0
DA:88,0
DA:90,0
DA:93,0
DA:94,0
DA:95,0
DA:96,0
DA:98,0
DA:102,0
DA:103,0
DA:104,0
DA:105,0
DA:106,0
DA:110,0
DA:149,0
DA:167,0
DA:180,0
LF:47
LH:0
BRDA:16,0,0,0
BRDA:16,0,1,0
BRDA:84,1,0,0
BRDA:84,1,1,0
BRDA:85,2,0,0
BRDA:85,2,1,0
BRDA:87,3,0,0
BRDA:87,3,1,0
BRDA:93,4,0,0
BRDA:93,4,1,0
BRDA:95,5,0,0
BRDA:95,5,1,0
BRDA:102,6,0,0
BRDA:102,6,1,0
BRDA:103,7,0,0
BRDA:103,7,1,0
BRDA:104,8,0,0
BRDA:104,8,1,0
BRDA:113,9,0,0
BRDA:113,9,1,0
BRDA:114,10,0,0
BRDA:114,10,1,0
BRDA:116,11,0,0
BRDA:116,11,1,0
BRDA:119,12,0,0
BRDA:119,12,1,0
BRF:26
BRH:0
end_of_record
TN:
SF:/Users/maxime_beauchemin/code/caravel/superset/assets/javascripts/dashboard/components/SliceCell.jsx
FN:11,SliceCell
FN:53,(anonymous_2)
FN:53,onClick
FNF:3
FNH:2
FNDA:1,SliceCell
FNDA:1,(anonymous_2)
FNDA:0,onClick
DA:2,1
DA:3,1
DA:5,1
DA:11,3
DA:12,1
DA:53,1
DA:86,1
LF:7
LH:7
BRDA:27,0,0,1
BRDA:27,0,1,0
BRDA:64,1,0,0
BRDA:64,1,1,1
BRDA:63,2,0,1
BRDA:63,2,1,1
BRF:6
BRH:4
end_of_record
TN:
SF:/Users/maxime_beauchemin/code/caravel/superset/assets/javascripts/explorev2/exploreUtils.js
FN:4,getExploreUrl
FNF:1
FNH:1
FNDA:6,getExploreUrl
DA:2,1
DA:4,18
DA:5,6
DA:6,0
DA:13,6
DA:14,6
DA:15,6
DA:19,6
DA:20,6
DA:21,4
DA:23,6
DA:24,6
DA:27,6
DA:28,6
DA:29,6
DA:30,1
DA:32,6
DA:33,1
DA:35,6
DA:36,1
DA:38,6
DA:39,0
DA:41,6
DA:42,6
LF:24
LH:22
BRDA:4,0,0,6
BRDA:4,0,1,0
BRDA:4,1,0,6
BRDA:4,1,1,6
BRDA:4,2,0,6
BRDA:4,2,1,0
BRDA:4,3,0,6
BRDA:4,3,1,6
BRDA:4,4,0,6
BRDA:4,4,1,0
BRDA:4,5,0,6
BRDA:4,5,1,6
BRDA:5,6,0,0
BRDA:5,6,1,6
BRDA:14,7,0,6
BRDA:14,7,1,0
BRDA:20,8,0,4
BRDA:20,8,1,2
BRDA:29,9,0,1
BRDA:29,9,1,5
BRDA:32,10,0,1
BRDA:32,10,1,5
BRDA:35,11,0,1
BRDA:35,11,1,5
BRDA:38,12,0,0
BRDA:38,12,1,6
BRF:26
BRH:20
end_of_record
TN:
SF:/Users/maxime_beauchemin/code/caravel/superset/assets/javascripts/explorev2/index.jsx
FNF:0
FNH:0
DA:2,0
DA:3,0
DA:4,0
DA:5,0
DA:6,0
DA:8,0
DA:9,0
DA:10,0
DA:11,0
DA:12,0
DA:13,0
DA:14,0
DA:15,0
DA:16,0
DA:18,0
DA:19,0
DA:21,0
DA:22,0
DA:23,0
DA:24,0
DA:28,0
DA:46,0
DA:50,0
LF:23
LH:0
BRF:0
BRH:0
end_of_record
TN:
SF:/Users/maxime_beauchemin/code/caravel/superset/assets/javascripts/explorev2/validators.js
FN:8,numeric
FN:15,integer
FN:22,nonEmpty
FNF:3
FNH:0
FNDA:0,numeric
FNDA:0,integer
FNDA:0,nonEmpty
DA:9,0
DA:10,0
DA:12,0
DA:16,0
DA:17,0
DA:19,0
DA:23,0
DA:29,0
DA:31,0
LF:9
LH:0
BRDA:9,0,0,0
BRDA:9,0,1,0
BRDA:9,1,0,0
BRDA:9,1,1,0
BRDA:16,2,0,0
BRDA:16,2,1,0
BRDA:16,3,0,0
BRDA:16,3,1,0
BRDA:16,3,2,0
BRDA:23,4,0,0
BRDA:23,4,1,0
BRDA:24,5,0,0
BRDA:24,5,1,0
BRDA:24,5,2,0
BRDA:24,5,3,0
BRDA:24,5,4,0
BRF:16
BRH:0
end_of_record
TN:
SF:/Users/maxime_beauchemin/code/caravel/superset/assets/javascripts/explorev2/actions/exploreActions.js
FN:9,setDatasourceType
FN:14,setDatasource
FN:19,setDatasources
FN:24,fetchDatasourceStarted
FN:29,fetchDatasourceSucceeded
FN:34,fetchDatasourceFailed
FN:39,fetchDatasourcesStarted
FN:44,fetchDatasourcesSucceeded
FN:49,fetchDatasourcesFailed
FN:54,resetControls
FN:59,triggerQuery
FN:63,fetchDatasourceMetadata
FN:64,(anonymous_12)
FN:70,(anonymous_13)
FN:70,success
FN:67,(anonymous_15)
FN:67,error
FN:85,fetchDatasources
FN:86,(anonymous_18)
FN:92,(anonymous_19)
FN:92,success
FN:89,(anonymous_21)
FN:89,error
FN:104,toggleFaveStar
FN:109,fetchFaveStar
FN:110,(anonymous_25)
FN:112,(anonymous_26)
FN:121,saveFaveStar
FN:122,(anonymous_28)
FN:131,setControlValue
FN:136,chartUpdateStarted
FN:141,chartUpdateSucceeded
FN:146,chartUpdateStopped
FN:154,chartUpdateFailed
FN:159,chartRenderingFailed
FN:164,updateExploreEndpoints
FN:169,removeControlPanelAlert
FN:174,removeChartAlert
FN:179,fetchDashboardsSucceeded
FN:184,fetchDashboardsFailed
FN:188,fetchDashboards
FN:189,(anonymous_41)
FN:191,(anonymous_42)
FN:206,saveSliceFailed
FN:211,removeSaveModalAlert
FN:215,saveSlice
FN:216,(anonymous_46)
FN:217,(anonymous_47)
FN:229,updateChartStatus
FN:234,runQuery
FN:235,(anonymous_50)
FN:237,(anonymous_51)
FN:239,(anonymous_52)
FN:249,renderTriggered
FNF:54
FNH:1
FNDA:0,setDatasourceType
FNDA:0,setDatasource
FNDA:0,setDatasources
FNDA:0,fetchDatasourceStarted
FNDA:0,fetchDatasourceSucceeded
FNDA:0,fetchDatasourceFailed
FNDA:0,fetchDatasourcesStarted
FNDA:0,fetchDatasourcesSucceeded
FNDA:0,fetchDatasourcesFailed
FNDA:0,resetControls
FNDA:0,triggerQuery
FNDA:0,fetchDatasourceMetadata
FNDA:0,(anonymous_12)
FNDA:0,(anonymous_13)
FNDA:0,success
FNDA:0,(anonymous_15)
FNDA:0,error
FNDA:0,fetchDatasources
FNDA:0,(anonymous_18)
FNDA:0,(anonymous_19)
FNDA:0,success
FNDA:0,(anonymous_21)
FNDA:0,error
FNDA:0,toggleFaveStar
FNDA:0,fetchFaveStar
FNDA:0,(anonymous_25)
FNDA:0,(anonymous_26)
FNDA:0,saveFaveStar
FNDA:0,(anonymous_28)
FNDA:2,setControlValue
FNDA:0,chartUpdateStarted
FNDA:0,chartUpdateSucceeded
FNDA:0,chartUpdateStopped
FNDA:0,chartUpdateFailed
FNDA:0,chartRenderingFailed
FNDA:0,updateExploreEndpoints
FNDA:0,removeControlPanelAlert
FNDA:0,removeChartAlert
FNDA:0,fetchDashboardsSucceeded
FNDA:0,fetchDashboardsFailed
FNDA:0,fetchDashboards
FNDA:0,(anonymous_41)
FNDA:0,(anonymous_42)
FNDA:0,saveSliceFailed
FNDA:0,removeSaveModalAlert
FNDA:0,saveSlice
FNDA:0,(anonymous_46)
FNDA:0,(anonymous_47)
FNDA:0,updateChartStatus
FNDA:0,runQuery
FNDA:0,(anonymous_50)
FNDA:0,(anonymous_51)
FNDA:0,(anonymous_52)
FNDA:0,renderTriggered
DA:2,1
DA:4,1
DA:6,1
DA:8,1
DA:10,0
DA:13,1
DA:15,0
DA:18,1
DA:20,0
DA:23,1
DA:25,0
DA:28,1
DA:30,0
DA:33,1
DA:35,0
DA:38,1
DA:40,0
DA:43,1
DA:45,0
DA:48,1
DA:50,0
DA:53,1
DA:55,0
DA:58,1
DA:60,0
DA:63,0
DA:64,0
DA:65,0
DA:66,0
DA:67,0
DA:70,0
DA:71,0
DA:72,0
DA:73,0
DA:74,0
DA:75,0
DA:79,0
DA:86,0
DA:87,0
DA:88,0
DA:89,0
DA:92,0
DA:93,0
DA:94,0
DA:97,0
DA:103,1
DA:105,0
DA:108,1
DA:110,0
DA:111,0
DA:112,0
DA:113,0
DA:114,0
DA:120,1
DA:122,0
DA:123,0
DA:124,0
DA:125,0
DA:126,0
DA:130,1
DA:132,2
DA:135,1
DA:137,0
DA:140,1
DA:142,0
DA:145,1
DA:147,0
DA:148,0
DA:150,0
DA:153,1
DA:155,0
DA:158,1
DA:160,0
DA:163,1
DA:165,0
DA:168,1
DA:170,0
DA:173,1
DA:175,0
DA:178,1
DA:180,0
DA:183,1
DA:185,0
DA:189,0
DA:190,0
DA:191,0
DA:192,0
DA:193,0
DA:194,0
DA:195,0
DA:197,0
DA:199,0
DA:205,1
DA:207,0
DA:210,1
DA:212,0
DA:216,0
DA:217,0
DA:218,0
DA:220,0
DA:222,0
DA:228,1
DA:230,0
DA:233,1
DA:234,0
DA:235,0
DA:236,0
DA:237,0
DA:238,0
DA:240,0
DA:241,0
DA:244,0
DA:248,1
DA:250,0
LF:114
LH:34
BRDA:63,0,0,0
BRDA:63,0,1,0
BRDA:63,1,0,0
BRDA:63,1,1,0
BRDA:74,2,0,0
BRDA:74,2,1,0
BRDA:113,3,0,0
BRDA:113,3,1,0
BRDA:123,4,0,0
BRDA:123,4,1,0
BRDA:147,5,0,0
BRDA:147,5,1,0
BRDA:192,6,0,0
BRDA:192,6,1,0
BRDA:218,7,0,0
BRDA:218,7,1,0
BRDA:234,8,0,0
BRDA:234,8,1,0
BRDA:234,9,0,0
BRDA:234,9,1,0
BRDA:240,10,0,0
BRDA:240,10,1,0
BRF:22
BRH:0
end_of_record
TN:
SF:/Users/maxime_beauchemin/code/caravel/superset/assets/javascripts/explorev2/components/ChartContainer.jsx
FN:45,ChartContainer
FN:71,(anonymous_13)
FN:71,getHeight
FN:81,(anonymous_15)
FN:81,html
FN:85,(anonymous_17)
FN:85,css
FN:89,(anonymous_19)
FN:89,show
FN:90,(anonymous_21)
FN:90,get
FN:91,(anonymous_23)
FN:91,find
FN:94,(anonymous_25)
FN:94,width
FN:98,(anonymous_27)
FN:98,render_template
FN:106,(anonymous_29)
FN:106,setFilter
FN:108,(anonymous_31)
FN:108,getFilters
FN:113,(anonymous_33)
FN:113,addFilter
FN:115,(anonymous_35)
FN:115,removeFilter
FN:117,(anonymous_37)
FN:117,done
FN:118,(anonymous_39)
FN:118,clearError
FN:75,(anonymous_41)
FN:75,error
FN:124,(anonymous_43)
FN:124,d3format
FN:183,(anonymous_55)
FN:183,onClick
FN:214,(anonymous_59)
FN:214,ref
FN:300,mapStateToProps
FN:323,(anonymous_64)
FNF:39
FNH:0
FNDA:0,ChartContainer
FNDA:0,(anonymous_13)
FNDA:0,getHeight
FNDA:0,(anonymous_15)
FNDA:0,html
FNDA:0,(anonymous_17)
FNDA:0,css
FNDA:0,(anonymous_19)
FNDA:0,show
FNDA:0,(anonymous_21)
FNDA:0,get
FNDA:0,(anonymous_23)
FNDA:0,find
FNDA:0,(anonymous_25)
FNDA:0,width
FNDA:0,(anonymous_27)
FNDA:0,render_template
FNDA:0,(anonymous_29)
FNDA:0,setFilter
FNDA:0,(anonymous_31)
FNDA:0,getFilters
FNDA:0,(anonymous_33)
FNDA:0,addFilter
FNDA:0,(anonymous_35)
FNDA:0,removeFilter
FNDA:0,(anonymous_37)
FNDA:0,done
FNDA:0,(anonymous_39)
FNDA:0,clearError
FNDA:0,(anonymous_41)
FNDA:0,error
FNDA:0,(anonymous_43)
FNDA:0,d3format
FNDA:0,(anonymous_55)
FNDA:0,onClick
FNDA:0,(anonymous_59)
FNDA:0,ref
FNDA:0,mapStateToProps
FNDA:0,(anonymous_64)
DA:1,0
DA:2,0
DA:3,0
DA:4,0
DA:5,0
DA:6,0
DA:7,0
DA:8,0
DA:9,0
DA:10,0
DA:11,0
DA:12,0
DA:13,0
DA:14,0
DA:15,0
DA:17,0
DA:23,0
DA:45,0
DA:47,0
DA:54,0
DA:65,0
DA:69,0
DA:70,0
DA:71,0
DA:72,0
DA:73,0
DA:75,0
DA:81,0
DA:83,0
DA:85,0
DA:86,0
DA:89,0
DA:90,0
DA:91,0
DA:94,0
DA:98,0
DA:99,0
DA:103,0
DA:106,0
DA:108,0
DA:113,0
DA:115,0
DA:117,0
DA:118,0
DA:124,0
DA:126,0
DA:127,0
DA:141,0
DA:145,0
DA:149,0
DA:150,0
DA:151,0
DA:153,0
DA:155,0
DA:159,0
DA:160,0
DA:161,0
DA:162,0
DA:163,0
DA:165,0
DA:169,0
DA:171,0
DA:179,0
DA:183,0
DA:197,0
DA:198,0
DA:199,0
DA:201,0
DA:202,0
DA:214,0
DA:225,0
DA:227,0
DA:228,0
DA:230,0
DA:231,0
DA:298,0
DA:301,0
DA:302,0
DA:323,0
LF:79
LH:0
BRDA:45,0,0,0
BRDA:45,0,1,0
BRDA:54,1,0,0
BRDA:54,1,1,0
BRDA:55,2,0,0
BRDA:55,2,1,0
BRDA:55,2,2,0
BRDA:55,2,3,0
BRDA:55,2,4,0
BRDA:55,2,5,0
BRDA:55,2,6,0
BRDA:55,2,7,0
BRDA:72,3,0,0
BRDA:72,3,1,0
BRDA:150,4,0,0
BRDA:150,4,1,0
BRDA:187,5,0,0
BRDA:187,5,1,0
BRDA:187,5,2,0
BRDA:198,6,0,0
BRDA:198,6,1,0
BRDA:204,7,0,0
BRDA:204,7,1,0
BRDA:217,8,0,0
BRDA:217,8,1,0
BRDA:225,9,0,0
BRDA:225,9,1,0
BRDA:242,10,0,0
BRDA:242,10,1,0
BRDA:265,11,0,0
BRDA:265,11,1,0
BRDA:265,11,2,0
BRDA:265,11,3,0
BRDA:308,12,0,0
BRDA:308,12,1,0
BRDA:309,13,0,0
BRDA:309,13,1,0
BRDA:319,14,0,0
BRDA:319,14,1,0
BRF:39
BRH:0
end_of_record
TN:
SF:/Users/maxime_beauchemin/code/caravel/superset/assets/javascripts/explorev2/components/Control.jsx
FN:50,Control
FN:79,(anonymous_18)
FNF:2
FNH:0
FNDA:0,Control
FNDA:0,(anonymous_18)
DA:1,1
DA:2,1
DA:3,1
DA:5,1
DA:6,1
DA:7,1
DA:8,1
DA:9,1
DA:10,1
DA:12,1
DA:20,1
DA:22,1
DA:42,1
DA:50,0
DA:52,0
DA:53,0
DA:56,0
DA:59,0
DA:62,0
DA:63,0
DA:64,0
DA:65,0
DA:67,0
DA:68,0
DA:71,0
DA:72,0
DA:76,0
DA:77,0
DA:78,0
DA:79,0
DA:80,0
DA:81,0
DA:82,0
DA:86,0
DA:89,0
DA:90,0
DA:91,0
DA:109,1
DA:110,1
LF:39
LH:15
BRDA:50,0,0,0
BRDA:50,0,1,0
BRDA:64,1,0,0
BRDA:64,1,1,0
BRDA:64,2,0,0
BRDA:64,2,1,0
BRDA:67,3,0,0
BRDA:67,3,1,0
BRDA:71,4,0,0
BRDA:71,4,1,0
BRDA:71,5,0,0
BRDA:71,5,1,0
BRDA:78,6,0,0
BRDA:78,6,1,0
BRDA:78,7,0,0
BRDA:78,7,1,0
BRDA:81,8,0,0
BRDA:81,8,1,0
BRDA:90,9,0,0
BRDA:90,9,1,0
BRF:20
BRH:0
end_of_record
TN:
SF:/Users/maxime_beauchemin/code/caravel/superset/assets/javascripts/explorev2/components/ControlHeader.jsx
FN:19,ControlHeader
FNF:1
FNH:0
FNDA:0,ControlHeader
DA:1,1
DA:2,1
DA:3,1
DA:4,1
DA:6,1
DA:14,1
DA:20,0
DA:21,0
DA:22,0
DA:79,1
DA:80,1
LF:11
LH:8
BRDA:27,0,0,0
BRDA:27,0,1,0
BRDA:31,1,0,0
BRDA:31,1,1,0
BRDA:46,2,0,0
BRDA:46,2,1,0
BRDA:52,3,0,0
BRDA:52,3,1,0
BRDA:69,4,0,0
BRDA:69,4,1,0
BRF:10
BRH:0
end_of_record
TN:
SF:/Users/maxime_beauchemin/code/caravel/superset/assets/javascripts/explorev2/components/ControlPanelSection.jsx
FNF:0
FNH:0
DA:1,1
DA:2,1
DA:3,1
DA:4,1
DA:6,1
DA:13,1
DA:20,0
DA:21,0
DA:22,0
DA:23,0
DA:24,0
DA:31,0
DA:35,0
DA:46,1
DA:47,1
LF:15
LH:8
BRDA:23,0,0,0
BRDA:23,0,1,0
BRDA:27,1,0,0
BRDA:27,1,1,0
BRF:4
BRH:0
end_of_record
TN:
SF:/Users/maxime_beauchemin/code/caravel/superset/assets/javascripts/explorev2/components/ControlPanelsContainer.jsx
FN:26,ControlPanelsContainer
FN:58,(anonymous_19)
FN:64,(anonymous_20)
FN:67,(anonymous_21)
FN:89,mapStateToProps
FN:98,mapDispatchToProps
FNF:6
FNH:4
FNDA:1,ControlPanelsContainer
FNDA:7,(anonymous_19)
FNDA:15,(anonymous_20)
FNDA:21,(anonymous_21)
FNDA:0,mapStateToProps
FNDA:0,mapDispatchToProps
DA:2,1
DA:3,1
DA:4,1
DA:5,1
DA:6,1
DA:7,1
DA:8,1
DA:9,1
DA:10,1
DA:11,1
DA:12,1
DA:14,1
DA:26,3
DA:28,1
DA:29,1
DA:32,21
DA:33,21
DA:34,8
DA:36,13
DA:39,1
DA:42,0
DA:44,1
DA:45,1
DA:58,7
DA:64,15
DA:67,21
DA:87,1
DA:90,0
DA:99,0
LF:29
LH:26
BRDA:26,0,0,1
BRDA:26,0,1,0
BRDA:33,1,0,8
BRDA:33,1,1,13
BRDA:48,2,0,1
BRDA:48,2,1,0
BRF:6
BRH:4
end_of_record
TN:
SF:/Users/maxime_beauchemin/code/caravel/superset/assets/javascripts/explorev2/components/ControlRow.jsx
FN:10,ControlSetRow
FN:14,(anonymous_2)
FNF:2
FNH:2
FNDA:2,ControlSetRow
FNDA:3,(anonymous_2)
DA:1,1
DA:2,1
DA:4,1
DA:6,1
DA:11,2
DA:12,2
DA:14,3
DA:23,1
LF:8
LH:8
BRF:0
BRH:0
end_of_record
TN:
SF:/Users/maxime_beauchemin/code/caravel/superset/assets/javascripts/explorev2/components/DisplayQueryButton.jsx
FN:21,DisplayQueryButton
FN:45,(anonymous_13)
FN:45,success
FN:53,(anonymous_15)
FN:53,error
FNF:5
FNH:1
FNDA:1,DisplayQueryButton
FNDA:0,(anonymous_13)
FNDA:0,success
FNDA:0,(anonymous_15)
FNDA:0,error
DA:1,1
DA:2,1
DA:3,1
DA:4,1
DA:6,1
DA:8,1
DA:10,1
DA:16,1
DA:21,3
DA:23,1
DA:29,1
DA:30,1
DA:33,1
DA:34,1
DA:40,0
DA:41,0
DA:42,0
DA:45,0
DA:46,0
DA:53,0
DA:54,0
DA:62,1
DA:63,0
DA:65,1
DA:69,2
DA:70,0
DA:75,2
DA:76,0
DA:77,2
DA:78,1
DA:83,1
DA:86,2
DA:100,1
DA:101,1
LF:34
LH:24
BRDA:21,0,0,1
BRDA:21,0,1,0
BRDA:55,1,0,0
BRDA:55,1,1,0
BRDA:62,2,0,0
BRDA:62,2,1,1
BRDA:62,3,0,1
BRDA:62,3,1,1
BRDA:69,4,0,0
BRDA:69,4,1,2
BRDA:75,5,0,0
BRDA:75,5,1,2
BRDA:77,6,0,1
BRDA:77,6,1,1
BRF:14
BRH:8
end_of_record
TN:
SF:/Users/maxime_beauchemin/code/caravel/superset/assets/javascripts/explorev2/components/EmbedCodeButton.jsx
FN:11,EmbedCodeButton
FNF:1
FNH:1
FNDA:2,EmbedCodeButton
DA:1,1
DA:2,1
DA:3,1
DA:4,1
DA:6,1
DA:11,6
DA:13,2
DA:17,2
DA:21,0
DA:22,0
DA:23,0
DA:24,0
DA:25,0
DA:30,4
DA:34,4
DA:48,3
DA:49,3
DA:107,3
DA:122,1
LF:19
LH:14
BRDA:11,0,0,2
BRDA:11,0,1,0
BRF:2
BRH:1
end_of_record
TN:
SF:/Users/maxime_beauchemin/code/caravel/superset/assets/javascripts/explorev2/components/ExploreActionButtons.jsx
FN:16,ExploreActionButtons
FNF:1
FNH:1
FNDA:1,ExploreActionButtons
DA:1,1
DA:2,1
DA:3,1
DA:4,1
DA:5,1
DA:6,1
DA:8,1
DA:17,5
DA:18,1
DA:21,1
DA:22,1
DA:56,0
DA:61,1
LF:13
LH:12
BRDA:21,0,0,1
BRDA:21,0,1,0
BRF:2
BRH:1
end_of_record
TN:
SF:/Users/maxime_beauchemin/code/caravel/superset/assets/javascripts/explorev2/components/ExploreViewContainer.jsx
FN:27,ExploreViewContainer
FN:95,(anonymous_28)
FN:106,(anonymous_33)
FN:186,mapStateToProps
FN:200,mapDispatchToProps
FNF:5
FNH:0
FNDA:0,ExploreViewContainer
FNDA:0,(anonymous_28)
FNDA:0,(anonymous_33)
FNDA:0,mapStateToProps
FNDA:0,mapDispatchToProps
DA:2,0
DA:3,0
DA:4,0
DA:5,0
DA:6,0
DA:7,0
DA:8,0
DA:9,0
DA:10,0
DA:11,0
DA:12,0
DA:14,0
DA:27,0
DA:29,0
DA:36,0
DA:37,0
DA:39,0
DA:40,0
DA:44,0
DA:45,0
DA:46,0
DA:48,0
DA:49,0
DA:54,0
DA:58,0
DA:63,0
DA:64,0
DA:66,0
DA:68,0
DA:75,0
DA:79,0
DA:80,0
DA:82,0
DA:83,0
DA:88,0
DA:89,0
DA:93,0
DA:94,0
DA:95,0
DA:96,0
DA:101,0
DA:104,0
DA:105,0
DA:106,0
DA:110,0
DA:111,0
DA:112,0
DA:113,0
DA:114,0
DA:122,0
DA:123,0
DA:124,0
DA:128,0
DA:131,0
DA:139,0
DA:140,0
DA:142,0
DA:184,0
DA:187,0
DA:188,0
DA:201,0
LF:61
LH:0
BRDA:27,0,0,0
BRDA:27,0,1,0
BRDA:36,1,0,0
BRDA:36,1,1,0
BRDA:44,2,0,0
BRDA:44,2,1,0
BRDA:48,3,0,0
BRDA:48,3,1,0
BRDA:79,4,0,0
BRDA:79,4,1,0
BRDA:82,5,0,0
BRDA:82,5,1,0
BRDA:88,6,0,0
BRDA:88,6,1,0
BRDA:88,7,0,0
BRDA:88,7,1,0
BRDA:106,8,0,0
BRDA:106,8,1,0
BRDA:113,9,0,0
BRDA:113,9,1,0
BRDA:113,10,0,0
BRDA:113,10,1,0
BRDA:123,11,0,0
BRDA:123,11,1,0
BRDA:139,12,0,0
BRDA:139,12,1,0
BRDA:151,13,0,0
BRDA:151,13,1,0
BRF:28
BRH:0
end_of_record
TN:
SF:/Users/maxime_beauchemin/code/caravel/superset/assets/javascripts/explorev2/components/QueryAndSaveBtns.jsx
FN:18,(anonymous_1)
FN:18,onStop
FN:19,(anonymous_3)
FN:19,onSave
FN:23,QueryAndSaveBtns
FNF:5
FNH:3
FNDA:1,(anonymous_1)
FNDA:0,onStop
FNDA:1,(anonymous_3)
FNDA:0,onSave
FNDA:3,QueryAndSaveBtns
DA:1,1
DA:2,1
DA:3,1
DA:4,1
DA:6,1
DA:8,1
DA:17,1
DA:18,1
DA:19,1
DA:24,18
DA:25,3
DA:28,3
DA:29,3
DA:30,3
DA:48,3
DA:80,1
DA:81,1
LF:17
LH:17
BRDA:28,0,0,0
BRDA:28,0,1,3
BRDA:29,1,0,0
BRDA:29,1,1,3
BRDA:31,2,0,0
BRDA:31,2,1,3
BRDA:62,3,0,3
BRDA:62,3,1,0
BRF:8
BRH:4
end_of_record
TN:
SF:/Users/maxime_beauchemin/code/caravel/superset/assets/javascripts/explorev2/components/SaveModal.jsx
FN:22,SaveModal
FN:233,mapStateToProps
FN:245,(anonymous_24)
FNF:3
FNH:1
FNDA:9,SaveModal
FNDA:0,mapStateToProps
FNDA:0,(anonymous_24)
DA:2,1
DA:3,1
DA:4,1
DA:5,1
DA:6,1
DA:7,1
DA:9,1
DA:22,27
DA:24,9
DA:35,0
DA:38,0
DA:40,0
DA:41,0
DA:43,0
DA:44,0
DA:45,0
DA:47,0
DA:48,0
DA:50,0
DA:54,0
DA:57,0
DA:60,0
DA:61,0
DA:62,0
DA:64,0
DA:65,0
DA:66,0
DA:67,0
DA:69,0
DA:70,0
DA:71,0
DA:72,0
DA:73,0
DA:75,0
DA:77,0
DA:80,0
DA:81,0
DA:82,0
DA:83,0
DA:85,0
DA:86,0
DA:87,0
DA:88,0
DA:90,0
DA:91,0
DA:93,0
DA:94,0
DA:95,0
DA:96,0
DA:98,0
DA:99,0
DA:101,0
DA:103,0
DA:105,0
DA:106,0
DA:108,0
DA:111,0
DA:112,0
DA:115,0
DA:116,0
DA:118,0
DA:121,9
DA:231,1
DA:234,0
DA:245,0
LF:65
LH:11
BRDA:22,0,0,9
BRDA:22,0,1,0
BRDA:30,1,0,1
BRDA:30,1,1,8
BRDA:39,2,0,0
BRDA:39,2,1,0
BRDA:39,2,2,0
BRDA:39,2,3,0
BRDA:66,3,0,0
BRDA:66,3,1,0
BRDA:66,4,0,0
BRDA:66,4,1,0
BRDA:69,5,0,0
BRDA:69,5,1,0
BRDA:71,6,0,0
BRDA:71,6,1,0
BRDA:84,7,0,0
BRDA:84,7,1,0
BRDA:84,7,2,0
BRDA:86,8,0,0
BRDA:86,8,1,0
BRDA:94,9,0,0
BRDA:94,9,1,0
BRDA:115,10,0,0
BRDA:115,10,1,0
BRDA:133,11,0,9
BRDA:133,11,1,9
BRDA:133,11,2,0
BRDA:135,12,0,0
BRDA:135,12,1,0
BRDA:143,13,0,9
BRDA:143,13,1,7
BRF:32
BRH:7
end_of_record
TN:
SF:/Users/maxime_beauchemin/code/caravel/superset/assets/javascripts/explorev2/components/URLShortLinkButton.jsx
FN:12,URLShortLinkButton
FNF:1
FNH:0
FNDA:0,URLShortLinkButton
DA:1,1
DA:2,1
DA:3,1
DA:4,1
DA:5,1
DA:7,1
DA:12,0
DA:14,0
DA:20,0
DA:26,0
DA:27,0
DA:31,0
DA:32,0
DA:47,0
DA:63,1
LF:15
LH:7
BRDA:12,0,0,0
BRDA:12,0,1,0
BRF:2
BRH:0
end_of_record
TN:
SF:/Users/maxime_beauchemin/code/caravel/superset/assets/javascripts/explorev2/components/controls/CheckboxControl.jsx
FN:15,(anonymous_7)
FN:15,onChange
FNF:2
FNH:1
FNDA:1,(anonymous_7)
FNDA:0,onChange
DA:1,1
DA:2,1
DA:3,1
DA:5,1
DA:13,1
DA:15,1
DA:20,1
DA:23,2
DA:32,1
DA:33,1
LF:10
LH:10
BRF:0
BRH:0
end_of_record
TN:
SF:/Users/maxime_beauchemin/code/caravel/superset/assets/javascripts/explorev2/components/controls/Filter.jsx
FN:22,(anonymous_7)
FN:35,(anonymous_8)
FN:35,changeFilter
FN:36,(anonymous_10)
FN:36,removeFilter
FN:42,Filter
FN:58,(anonymous_18)
FN:58,success
FN:123,(anonymous_36)
FN:129,(anonymous_37)
FN:133,(anonymous_38)
FN:135,(anonymous_39)
FNF:12
FNH:8
FNDA:10,(anonymous_7)
FNDA:1,(anonymous_8)
FNDA:0,changeFilter
FNDA:1,(anonymous_10)
FNDA:0,removeFilter
FNDA:9,Filter
FNDA:0,(anonymous_18)
FNDA:0,success
FNDA:90,(anonymous_36)
FNDA:71,(anonymous_37)
FNDA:2,(anonymous_38)
FNDA:15,(anonymous_39)
DA:1,1
DA:2,1
DA:3,1
DA:4,1
DA:5,1
DA:7,1
DA:9,1
DA:21,1
DA:22,1
DA:23,10
DA:26,1
DA:34,1
DA:35,1
DA:36,1
DA:42,27
DA:44,9
DA:49,0
DA:51,1
DA:52,1
DA:53,1
DA:54,0
DA:55,0
DA:58,0
DA:59,0
DA:65,1
DA:66,0
DA:67,0
DA:69,0
DA:70,0
DA:71,0
DA:72,0
DA:74,0
DA:78,0
DA:81,1
DA:84,1
DA:85,1
DA:88,1
DA:89,1
DA:92,0
DA:95,9
DA:96,9
DA:97,7
DA:109,2
DA:119,9
DA:120,9
DA:121,9
DA:122,9
DA:124,90
DA:125,10
DA:127,80
DA:129,71
DA:130,9
DA:131,9
DA:132,9
DA:133,2
DA:135,15
DA:138,9
DA:181,1
DA:182,1
LF:59
LH:45
BRDA:42,0,0,9
BRDA:42,0,1,0
BRDA:53,1,0,0
BRDA:53,1,1,1
BRDA:53,2,0,1
BRDA:53,2,1,1
BRDA:53,2,2,1
BRDA:53,2,3,0
BRDA:65,3,0,0
BRDA:65,3,1,1
BRDA:69,4,0,0
BRDA:69,4,1,0
BRDA:69,5,0,0
BRDA:69,5,1,0
BRDA:69,5,2,0
BRDA:71,6,0,0
BRDA:71,6,1,0
BRDA:71,7,0,0
BRDA:71,7,1,0
BRDA:96,8,0,7
BRDA:96,8,1,2
BRDA:96,9,0,9
BRDA:96,9,1,8
BRDA:124,10,0,10
BRDA:124,10,1,80
BRDA:127,11,0,80
BRDA:127,11,1,16
BRDA:131,12,0,9
BRDA:131,12,1,0
BRDA:132,13,0,1
BRDA:132,13,1,8
BRDA:144,14,0,1
BRDA:144,14,1,8
BRF:33
BRH:19
end_of_record
TN:
SF:/Users/maxime_beauchemin/code/caravel/superset/assets/javascripts/explorev2/components/controls/FilterControl.jsx
FN:14,(anonymous_7)
FN:14,onChange
FN:37,(anonymous_15)
FN:45,(anonymous_18)
FN:48,(anonymous_21)
FNF:5
FNH:1
FNDA:1,(anonymous_7)
FNDA:0,onChange
FNDA:0,(anonymous_15)
FNDA:0,(anonymous_18)
FNDA:0,(anonymous_21)
DA:1,1
DA:2,1
DA:3,1
DA:4,1
DA:6,1
DA:13,1
DA:14,1
DA:20,1
DA:21,1
DA:24,1
DA:29,1
DA:32,0
DA:33,0
DA:34,0
DA:35,0
DA:37,0
DA:38,0
DA:41,0
DA:42,0
DA:45,0
DA:47,3
DA:48,3
DA:59,3
DA:78,1
DA:79,1
LF:25
LH:16
BRDA:22,0,0,1
BRDA:22,0,1,0
BRDA:21,1,0,1
BRDA:21,1,1,1
BRDA:27,2,0,0
BRDA:27,2,1,1
BRDA:34,3,0,0
BRDA:34,3,1,0
BRF:8
BRH:4
end_of_record
TN:
SF:/Users/maxime_beauchemin/code/caravel/superset/assets/javascripts/explorev2/components/controls/HiddenControl.jsx
FN:14,(anonymous_1)
FN:14,onChange
FN:17,HiddenControl
FNF:3
FNH:1
FNDA:1,(anonymous_1)
FNDA:0,onChange
FNDA:0,HiddenControl
DA:1,1
DA:2,1
DA:3,1
DA:5,1
DA:13,1
DA:14,1
DA:19,0
DA:22,1
DA:23,1
LF:9
LH:8
BRF:0
BRH:0
end_of_record
TN:
SF:/Users/maxime_beauchemin/code/caravel/superset/assets/javascripts/explorev2/components/controls/SelectControl.jsx
FN:26,(anonymous_7)
FN:26,onChange
FN:30,SelectControl
FN:46,(anonymous_15)
FN:52,(anonymous_18)
FN:71,(anonymous_19)
FN:73,(anonymous_20)
FN:79,(anonymous_21)
FNF:8
FNH:5
FNDA:1,(anonymous_7)
FNDA:0,onChange
FNDA:4,SelectControl
FNDA:0,(anonymous_15)
FNDA:8,(anonymous_18)
FNDA:1,(anonymous_19)
FNDA:2,(anonymous_20)
FNDA:0,(anonymous_21)
DA:1,1
DA:2,1
DA:3,1
DA:5,1
DA:18,1
DA:26,1
DA:30,12
DA:32,4
DA:33,4
DA:34,4
DA:37,0
DA:38,0
DA:39,0
DA:43,1
DA:45,1
DA:46,0
DA:48,1
DA:52,4
DA:53,8
DA:54,8
DA:55,8
DA:56,8
DA:60,8
DA:61,0
DA:62,0
DA:64,0
DA:69,8
DA:71,4
DA:73,2
DA:74,1
DA:75,0
DA:76,0
DA:77,0
DA:79,0
DA:80,0
DA:81,0
DA:86,4
DA:89,0
DA:90,0
DA:97,0
DA:101,4
DA:114,4
DA:116,4
DA:124,1
DA:125,1
LF:45
LH:29
BRDA:30,0,0,4
BRDA:30,0,1,0
BRDA:37,1,0,0
BRDA:37,1,1,0
BRDA:43,2,0,1
BRDA:43,2,1,0
BRDA:45,3,0,0
BRDA:45,3,1,1
BRDA:46,4,0,0
BRDA:46,4,1,0
BRDA:54,5,0,8
BRDA:54,5,1,0
BRDA:55,6,0,8
BRDA:55,6,1,0
BRDA:60,7,0,0
BRDA:60,7,1,8
BRDA:61,8,0,0
BRDA:61,8,1,0
BRDA:71,9,0,1
BRDA:71,9,1,3
BRDA:74,10,0,0
BRDA:74,10,1,1
BRDA:76,11,0,0
BRDA:76,11,1,0
BRDA:80,12,0,0
BRDA:80,12,1,0
BRDA:89,13,0,0
BRDA:89,13,1,0
BRDA:115,14,0,1
BRDA:115,14,1,3
BRF:30
BRH:11
end_of_record
TN:
SF:/Users/maxime_beauchemin/code/caravel/superset/assets/javascripts/explorev2/components/controls/TextAreaControl.jsx
FN:16,(anonymous_7)
FN:16,onChange
FNF:2
FNH:1
FNDA:1,(anonymous_7)
FNDA:0,onChange
DA:1,1
DA:2,1
DA:3,1
DA:5,1
DA:13,1
DA:16,1
DA:22,1
DA:25,2
DA:38,1
DA:39,1
LF:10
LH:10
BRF:0
BRH:0
end_of_record
TN:
SF:/Users/maxime_beauchemin/code/caravel/superset/assets/javascripts/explorev2/components/controls/TextControl.jsx
FN:22,(anonymous_8)
FN:22,onChange
FN:29,TextControl
FNF:3
FNH:1
FNDA:1,(anonymous_8)
FNDA:0,onChange
FNDA:0,TextControl
DA:1,1
DA:2,1
DA:3,1
DA:4,1
DA:6,1
DA:19,1
DA:22,1
DA:29,0
DA:31,0
DA:32,0
DA:33,0
DA:36,0
DA:37,0
DA:40,0
DA:41,0
DA:42,0
DA:43,0
DA:44,0
DA:46,0
DA:49,0
DA:50,0
DA:51,0
DA:52,0
DA:54,0
DA:57,0
DA:60,0
DA:73,1
DA:74,1
LF:28
LH:9
BRDA:29,0,0,0
BRDA:29,0,1,0
BRDA:31,1,0,0
BRDA:31,1,1,0
BRDA:36,2,0,0
BRDA:36,2,1,0
BRDA:41,3,0,0
BRDA:41,3,1,0
BRDA:43,4,0,0
BRDA:43,4,1,0
BRDA:49,5,0,0
BRDA:49,5,1,0
BRDA:51,6,0,0
BRDA:51,6,1,0
BRF:14
BRH:0
end_of_record
TN:
SF:/Users/maxime_beauchemin/code/caravel/superset/assets/javascripts/explorev2/reducers/exploreReducer.js
FN:6,(anonymous_2)
FN:6,exploreReducer
FN:7,(anonymous_4)
FN:7,(anonymous_5)
FN:7,(anonymous_6)
FN:7,(anonymous_7)
FN:7,(anonymous_8)
FN:7,(anonymous_9)
FN:7,(anonymous_10)
FN:7,(anonymous_11)
FN:7,(anonymous_12)
FN:7,(anonymous_13)
FN:7,(anonymous_14)
FN:7,(anonymous_15)
FN:7,(anonymous_16)
FN:7,(anonymous_17)
FN:7,(anonymous_18)
FN:7,(anonymous_19)
FN:7,(anonymous_20)
FN:7,(anonymous_21)
FN:7,(anonymous_22)
FN:7,(anonymous_23)
FN:7,(anonymous_24)
FN:7,(anonymous_25)
FN:7,(anonymous_26)
FN:7,(anonymous_27)
FN:7,(anonymous_28)
FNF:27
FNH:3
FNDA:1,(anonymous_2)
FNDA:2,exploreReducer
FNDA:0,(anonymous_4)
FNDA:0,(anonymous_5)
FNDA:0,(anonymous_6)
FNDA:0,(anonymous_7)
FNDA:0,(anonymous_8)
FNDA:0,(anonymous_9)
FNDA:0,(anonymous_10)
FNDA:0,(anonymous_11)
FNDA:0,(anonymous_12)
FNDA:0,(anonymous_13)
FNDA:0,(anonymous_14)
FNDA:0,(anonymous_15)
FNDA:2,(anonymous_16)
FNDA:0,(anonymous_17)
FNDA:0,(anonymous_18)
FNDA:0,(anonymous_19)
FNDA:0,(anonymous_20)
FNDA:0,(anonymous_21)
FNDA:0,(anonymous_22)
FNDA:0,(anonymous_23)
FNDA:0,(anonymous_24)
FNDA:0,(anonymous_25)
FNDA:0,(anonymous_26)
FNDA:0,(anonymous_27)
FNDA:0,(anonymous_28)
DA:2,1
DA:3,1
DA:4,1
DA:6,1
DA:7,2
DA:9,0
DA:13,0
DA:17,0
DA:22,0
DA:29,0
DA:32,0
DA:36,0
DA:41,0
DA:48,0
DA:51,0
DA:54,0
DA:58,0
DA:62,2
DA:63,2
DA:64,2
DA:65,2
DA:66,2
DA:67,2
DA:68,2
DA:69,2
DA:71,2
DA:74,0
DA:84,0
DA:95,0
DA:102,0
DA:108,0
DA:113,0
DA:121,0
DA:122,0
DA:123,0
DA:125,0
DA:128,0
DA:129,0
DA:131,0
DA:134,0
DA:137,0
DA:140,0
DA:141,0
DA:144,0
DA:147,2
DA:148,2
DA:150,0
LF:47
LH:16
BRDA:68,0,0,2
BRDA:68,0,1,0
BRDA:115,1,0,0
BRDA:115,1,1,0
BRDA:122,2,0,0
BRDA:122,2,1,0
BRDA:122,3,0,0
BRDA:122,3,1,0
BRDA:128,4,0,0
BRDA:128,4,1,0
BRDA:147,5,0,2
BRDA:147,5,1,0
BRF:12
BRH:2
end_of_record
TN:
SF:/Users/maxime_beauchemin/code/caravel/superset/assets/javascripts/explorev2/stores/controls.jsx
FN:37,(anonymous_2)
FN:37,mapStateToProps
FN:55,(anonymous_4)
FN:68,(anonymous_5)
FN:68,_default
FN:70,(anonymous_7)
FN:70,mapStateToProps
FN:82,(anonymous_9)
FN:82,mapStateToProps
FN:92,(anonymous_11)
FN:92,_default
FN:94,(anonymous_13)
FN:94,mapStateToProps
FN:105,(anonymous_15)
FN:105,mapStateToProps
FN:264,(anonymous_17)
FN:264,mapStateToProps
FN:289,(anonymous_19)
FN:289,mapStateToProps
FN:298,(anonymous_21)
FN:298,mapStateToProps
FN:311,(anonymous_23)
FN:311,mapStateToProps
FN:321,(anonymous_25)
FN:321,mapStateToProps
FN:331,(anonymous_27)
FN:331,mapStateToProps
FN:432,(anonymous_29)
FN:432,_default
FN:439,(anonymous_31)
FN:439,mapStateToProps
FN:447,(anonymous_33)
FN:447,_default
FN:453,(anonymous_35)
FN:453,mapStateToProps
FN:580,(anonymous_37)
FN:580,mapStateToProps
FN:609,(anonymous_39)
FN:609,mapStateToProps
FN:619,(anonymous_41)
FN:619,mapStateToProps
FN:629,(anonymous_43)
FN:629,mapStateToProps
FN:639,(anonymous_45)
FN:639,mapStateToProps
FN:648,(anonymous_47)
FN:648,mapStateToProps
FN:1012,(anonymous_49)
FN:1012,mapStateToProps
FN:1060,(anonymous_51)
FN:1060,mapStateToProps
FN:1179,(anonymous_53)
FN:1179,mapStateToProps
FN:1189,(anonymous_55)
FN:1189,mapStateToProps
FNF:55
FNH:36
FNDA:1,(anonymous_2)
FNDA:1,mapStateToProps
FNDA:30,(anonymous_4)
FNDA:1,(anonymous_5)
FNDA:0,_default
FNDA:1,(anonymous_7)
FNDA:1,mapStateToProps
FNDA:1,(anonymous_9)
FNDA:1,mapStateToProps
FNDA:1,(anonymous_11)
FNDA:0,_default
FNDA:1,(anonymous_13)
FNDA:0,mapStateToProps
FNDA:1,(anonymous_15)
FNDA:0,mapStateToProps
FNDA:1,(anonymous_17)
FNDA:0,mapStateToProps
FNDA:1,(anonymous_19)
FNDA:1,mapStateToProps
FNDA:1,(anonymous_21)
FNDA:0,mapStateToProps
FNDA:1,(anonymous_23)
FNDA:1,mapStateToProps
FNDA:1,(anonymous_25)
FNDA:0,mapStateToProps
FNDA:1,(anonymous_27)
FNDA:0,mapStateToProps
FNDA:1,(anonymous_29)
FNDA:0,_default
FNDA:1,(anonymous_31)
FNDA:1,mapStateToProps
FNDA:1,(anonymous_33)
FNDA:0,_default
FNDA:1,(anonymous_35)
FNDA:1,mapStateToProps
FNDA:1,(anonymous_37)
FNDA:0,mapStateToProps
FNDA:1,(anonymous_39)
FNDA:0,mapStateToProps
FNDA:1,(anonymous_41)
FNDA:0,mapStateToProps
FNDA:1,(anonymous_43)
FNDA:0,mapStateToProps
FNDA:1,(anonymous_45)
FNDA:0,mapStateToProps
FNDA:1,(anonymous_47)
FNDA:0,mapStateToProps
FNDA:1,(anonymous_49)
FNDA:0,mapStateToProps
FNDA:1,(anonymous_51)
FNDA:0,mapStateToProps
FNDA:1,(anonymous_53)
FNDA:1,mapStateToProps
FNDA:1,(anonymous_55)
FNDA:0,mapStateToProps
DA:1,1
DA:2,1
DA:3,1
DA:4,1
DA:6,1
DA:9,1
DA:18,1
DA:20,1
DA:22,1
DA:30,1
DA:37,1
DA:38,1
DA:39,1
DA:55,30
DA:68,1
DA:70,1
DA:82,1
DA:92,1
DA:94,1
DA:105,1
DA:264,1
DA:289,1
DA:298,1
DA:311,1
DA:321,1
DA:331,1
DA:432,1
DA:439,1
DA:447,1
DA:453,1
DA:580,1
DA:609,1
DA:619,1
DA:629,1
DA:639,1
DA:648,1
DA:1012,1
DA:1060,1
DA:1179,1
DA:1189,1
LF:40
LH:40
BRDA:38,0,0,1
BRDA:38,0,1,1
BRDA:43,1,0,0
BRDA:43,1,1,1
BRDA:69,2,0,0
BRDA:69,2,1,0
BRDA:69,3,0,0
BRDA:69,3,1,0
BRDA:71,4,0,0
BRDA:71,4,1,1
BRDA:83,5,0,0
BRDA:83,5,1,1
BRDA:93,6,0,0
BRDA:93,6,1,0
BRDA:93,7,0,0
BRDA:93,7,1,0
BRDA:95,8,0,0
BRDA:95,8,1,0
BRDA:106,9,0,0
BRDA:106,9,1,0
BRDA:265,10,0,0
BRDA:265,10,1,0
BRDA:290,11,0,0
BRDA:290,11,1,1
BRDA:299,12,0,0
BRDA:299,12,1,0
BRDA:312,13,0,0
BRDA:312,13,1,1
BRDA:322,14,0,0
BRDA:322,14,1,0
BRDA:332,15,0,0
BRDA:332,15,1,0
BRDA:433,16,0,0
BRDA:433,16,1,0
BRDA:433,17,0,0
BRDA:433,17,1,0
BRDA:440,18,0,0
BRDA:440,18,1,1
BRDA:447,19,0,0
BRDA:447,19,1,0
BRDA:447,20,0,0
BRDA:447,20,1,0
BRDA:454,21,0,0
BRDA:454,21,1,1
BRDA:581,22,0,0
BRDA:581,22,1,0
BRDA:610,23,0,0
BRDA:610,23,1,0
BRDA:620,24,0,0
BRDA:620,24,1,0
BRDA:630,25,0,0
BRDA:630,25,1,0
BRDA:640,26,0,0
BRDA:640,26,1,0
BRDA:649,27,0,0
BRDA:649,27,1,0
BRDA:1013,28,0,0
BRDA:1013,28,1,0
BRDA:1190,29,0,0
BRDA:1190,29,1,0
BRF:60
BRH:9
end_of_record
TN:
SF:/Users/maxime_beauchemin/code/caravel/superset/assets/javascripts/explorev2/stores/store.js
FN:5,getFormDataFromControls
FN:7,(anonymous_2)
FN:13,getControlNames
FN:16,(anonymous_4)
FN:17,(anonymous_5)
FN:18,(anonymous_6)
FN:22,getControlsState
FN:40,(anonymous_8)
FN:49,(anonymous_9)
FN:57,(anonymous_10)
FN:61,(anonymous_11)
FN:62,(anonymous_12)
FN:75,applyDefaultFormData
FN:82,(anonymous_14)
FN:106,(anonymous_15)
FNF:15
FNH:3
FNDA:2,getFormDataFromControls
FNDA:236,(anonymous_2)
FNDA:0,getControlNames
FNDA:0,(anonymous_4)
FNDA:0,(anonymous_5)
FNDA:0,(anonymous_6)
FNDA:0,getControlsState
FNDA:0,(anonymous_8)
FNDA:0,(anonymous_9)
FNDA:0,(anonymous_10)
FNDA:0,(anonymous_11)
FNDA:0,(anonymous_12)
FNDA:0,applyDefaultFormData
FNDA:0,(anonymous_14)
FNDA:118,(anonymous_15)
DA:2,1
DA:3,1
DA:6,2
DA:7,2
DA:8,236
DA:10,2
DA:14,0
DA:15,0
DA:16,0
DA:17,0
DA:18,0
DA:19,0
DA:32,0
DA:33,0
DA:35,0
DA:37,0
DA:38,0
DA:39,0
DA:40,0
DA:41,0
DA:42,0
DA:43,0
DA:44,0
DA:48,0
DA:49,0
DA:50,0
DA:51,0
DA:52,0
DA:53,0
DA:57,0
DA:58,0
DA:59,0
DA:61,0
DA:62,0
DA:65,0
DA:66,0
DA:68,0
DA:69,0
DA:70,0
DA:72,0
DA:76,0
DA:77,0
DA:78,0
DA:79,0
DA:80,0
DA:81,0
DA:82,0
DA:83,0
DA:84,0
DA:85,0
DA:87,0
DA:88,0
DA:89,0
DA:91,0
DA:94,0
DA:97,0
DA:100,1
DA:105,1
DA:106,1
DA:107,118
DA:110,1
LF:61
LH:11
BRDA:33,0,0,0
BRDA:33,0,1,0
BRDA:38,1,0,0
BRDA:38,1,1,0
BRDA:42,2,0,0
BRDA:42,2,1,0
BRDA:48,3,0,0
BRDA:48,3,1,0
BRDA:48,4,0,0
BRDA:48,4,1,0
BRDA:48,4,2,0
BRDA:48,4,3,0
BRDA:50,5,0,0
BRDA:50,5,1,0
BRDA:50,6,0,0
BRDA:50,6,1,0
BRDA:50,6,2,0
BRDA:52,7,0,0
BRDA:52,7,1,0
BRDA:52,8,0,0
BRDA:52,8,1,0
BRDA:52,8,2,0
BRDA:57,9,0,0
BRDA:57,9,1,0
BRDA:57,10,0,0
BRDA:57,10,1,0
BRDA:58,11,0,0
BRDA:58,11,1,0
BRDA:65,12,0,0
BRDA:65,12,1,0
BRDA:69,13,0,0
BRDA:69,13,1,0
BRDA:77,14,0,0
BRDA:77,14,1,0
BRDA:80,15,0,0
BRDA:80,15,1,0
BRDA:84,16,0,0
BRDA:84,16,1,0
BRDA:87,17,0,0
BRDA:87,17,1,0
BRDA:88,18,0,0
BRDA:88,18,1,0
BRF:42
BRH:0
end_of_record
TN:
SF:/Users/maxime_beauchemin/code/caravel/superset/assets/javascripts/explorev2/stores/visTypes.js
FN:762,sectionsToRender
FNF:1
FNH:1
FNDA:1,sectionsToRender
DA:1,1
DA:75,1
DA:763,1
DA:764,1
LF:4
LH:4
BRDA:766,0,0,1
BRDA:766,0,1,0
BRDA:768,1,0,1
BRDA:768,1,1,0
BRDA:769,2,0,1
BRDA:769,2,1,0
BRF:6
BRH:3
end_of_record
TN:
SF:/Users/maxime_beauchemin/code/caravel/superset/assets/javascripts/modules/colors.js
FN:51,(anonymous_1)
FN:54,(anonymous_2)
FN:69,(anonymous_3)
FN:69,colorScalerFactory
FN:81,(anonymous_5)
FNF:5
FNH:0
FNDA:0,(anonymous_1)
FNDA:0,(anonymous_2)
FNDA:0,(anonymous_3)
FNDA:0,colorScalerFactory
FNDA:0,(anonymous_5)
DA:1,0
DA:2,0
DA:5,0
DA:29,0
DA:51,0
DA:53,0
DA:54,0
DA:55,0
DA:56,0
DA:58,0
DA:60,0
DA:61,0
DA:62,0
DA:65,0
DA:69,0
DA:71,0
DA:73,0
DA:75,0
DA:76,0
DA:77,0
DA:79,0
DA:80,0
DA:81,0
DA:82,0
DA:84,0
LF:25
LH:0
BRDA:55,0,0,0
BRDA:55,0,1,0
BRDA:61,1,0,0
BRDA:61,1,1,0
BRDA:71,2,0,0
BRDA:71,2,1,0
BRDA:76,3,0,0
BRDA:76,3,1,0
BRF:8
BRH:0
end_of_record
TN:
SF:/Users/maxime_beauchemin/code/caravel/superset/assets/javascripts/modules/dates.js
FN:5,UTC
FN:18,(anonymous_2)
FN:25,(anonymous_3)
FN:32,(anonymous_4)
FN:39,(anonymous_5)
FN:46,(anonymous_6)
FN:53,(anonymous_7)
FN:60,(anonymous_8)
FN:65,(anonymous_9)
FN:65,formatDate
FN:70,(anonymous_11)
FN:70,timeFormatFactory
FN:72,(anonymous_13)
FN:77,(anonymous_14)
FN:77,fDuration
FN:83,(anonymous_16)
FN:83,now
FN:88,(anonymous_18)
FN:88,epochTimeXHoursAgo
FN:95,(anonymous_20)
FN:95,epochTimeXDaysAgo
FN:102,(anonymous_22)
FN:102,epochTimeXYearsAgo
FNF:23
FNH:9
FNDA:0,UTC
FNDA:0,(anonymous_2)
FNDA:0,(anonymous_3)
FNDA:0,(anonymous_4)
FNDA:0,(anonymous_5)
FNDA:0,(anonymous_6)
FNDA:0,(anonymous_7)
FNDA:0,(anonymous_8)
FNDA:1,(anonymous_9)
FNDA:0,formatDate
FNDA:1,(anonymous_11)
FNDA:0,timeFormatFactory
FNDA:0,(anonymous_13)
FNDA:1,(anonymous_14)
FNDA:2,fDuration
FNDA:1,(anonymous_16)
FNDA:5,now
FNDA:1,(anonymous_18)
FNDA:0,epochTimeXHoursAgo
FNDA:1,(anonymous_20)
FNDA:0,epochTimeXDaysAgo
FNDA:1,(anonymous_22)
FNDA:0,epochTimeXYearsAgo
DA:1,1
DA:3,1
DA:6,0
DA:15,1
DA:19,0
DA:26,0
DA:33,0
DA:40,0
DA:47,0
DA:54,0
DA:61,0
DA:65,1
DA:66,0
DA:68,0
DA:70,1
DA:71,0
DA:72,0
DA:73,0
DA:74,0
DA:77,2
DA:78,2
DA:79,2
DA:80,2
DA:83,1
DA:85,5
DA:88,1
DA:89,0
DA:95,1
DA:96,0
DA:102,1
DA:103,0
LF:31
LH:14
BRDA:54,0,0,0
BRDA:54,0,1,0
BRDA:77,1,0,0
BRDA:77,1,1,2
BRDA:77,2,0,2
BRDA:77,2,1,0
BRF:6
BRH:2
end_of_record
TN:
SF:/Users/maxime_beauchemin/code/caravel/superset/assets/javascripts/modules/superset.js
FN:11,(anonymous_1)
FN:13,getParam
FN:20,initFavStars
FN:23,show
FN:34,(anonymous_5)
FN:38,(anonymous_6)
FN:44,(anonymous_7)
FN:58,(anonymous_8)
FN:58,Slice
FN:65,(anonymous_10)
FN:65,getWidgetHeader
FN:65,render_template
FN:65,jsonEndpoint
FN:65,endpoint
FN:65,d3format
FN:65,always
FN:65,done
FN:65,getErrorMsg
FN:65,error
FN:65,clearError
FN:65,width
FN:65,height
FN:65,bindResizeToWindowResize
FN:192,(anonymous_36)
FN:194,(anonymous_37)
FN:65,render
FN:208,(anonymous_40)
FN:215,(anonymous_41)
FN:65,resize
FN:65,addFilter
FN:65,setFilter
FN:65,getFilters
FN:65,clearFilter
FN:65,removeFilter
FNF:34
FNH:0
FNDA:0,(anonymous_1)
FNDA:0,getParam
FNDA:0,initFavStars
FNDA:0,show
FNDA:0,(anonymous_5)
FNDA:0,(anonymous_6)
FNDA:0,(anonymous_7)
FNDA:0,(anonymous_8)
FNDA:0,Slice
FNDA:0,(anonymous_10)
FNDA:0,getWidgetHeader
FNDA:0,render_template
FNDA:0,jsonEndpoint
FNDA:0,endpoint
FNDA:0,d3format
FNDA:0,always
FNDA:0,done
FNDA:0,getErrorMsg
FNDA:0,error
FNDA:0,clearError
FNDA:0,width
FNDA:0,height
FNDA:0,bindResizeToWindowResize
FNDA:0,(anonymous_36)
FNDA:0,(anonymous_37)
FNDA:0,render
FNDA:0,(anonymous_40)
FNDA:0,(anonymous_41)
FNDA:0,resize
FNDA:0,addFilter
FNDA:0,setFilter
FNDA:0,getFilters
FNDA:0,clearFilter
FNDA:0,removeFilter
DA:2,0
DA:3,0
DA:4,0
DA:5,0
DA:6,0
DA:8,0
DA:11,0
DA:12,0
DA:15,0
DA:16,0
DA:17,0
DA:18,0
DA:21,0
DA:24,0
DA:25,0
DA:27,0
DA:30,0
DA:35,0
DA:36,0
DA:37,0
DA:38,0
DA:39,0
DA:40,0
DA:45,0
DA:46,0
DA:47,0
DA:48,0
DA:49,0
DA:51,0
DA:53,0
DA:54,0
DA:58,0
DA:59,0
DA:60,0
DA:61,0
DA:62,0
DA:63,0
DA:64,0
DA:65,0
DA:73,0
DA:76,0
DA:80,0
DA:83,0
DA:85,0
DA:86,0
DA:87,0
DA:88,0
DA:89,0
DA:91,0
DA:92,0
DA:95,0
DA:97,0
DA:102,0
DA:103,0
DA:104,0
DA:106,0
DA:110,0
DA:111,0
DA:115,0
DA:117,0
DA:118,0
DA:119,0
DA:121,0
DA:122,0
DA:123,0
DA:126,0
DA:127,0
DA:129,0
DA:130,0
DA:131,0
DA:132,0
DA:134,0
DA:138,0
DA:141,0
DA:144,0
DA:145,0
DA:146,0
DA:147,0
DA:148,0
DA:149,0
DA:150,0
DA:151,0
DA:152,0
DA:157,0
DA:158,0
DA:160,0
DA:161,0
DA:162,0
DA:163,0
DA:166,0
DA:167,0
DA:168,0
DA:169,0
DA:170,0
DA:171,0
DA:174,0
DA:177,0
DA:180,0
DA:181,0
DA:182,0
DA:183,0
DA:184,0
DA:186,0
DA:187,0
DA:190,0
DA:191,0
DA:192,0
DA:193,0
DA:194,0
DA:195,0
DA:199,0
DA:200,0
DA:201,0
DA:203,0
DA:205,0
DA:206,0
DA:207,0
DA:208,0
DA:209,0
DA:210,0
DA:211,0
DA:213,0
DA:216,0
DA:220,0
DA:222,0
DA:223,0
DA:225,0
DA:226,0
DA:229,0
DA:232,0
DA:235,0
DA:238,0
DA:241,0
DA:247,0
LF:134
LH:0
BRDA:18,0,0,0
BRDA:18,0,1,0
BRDA:24,1,0,0
BRDA:24,1,1,0
BRDA:39,2,0,0
BRDA:39,2,1,0
BRDA:48,3,0,0
BRDA:48,3,1,0
BRDA:85,4,0,0
BRDA:85,4,1,0
BRDA:85,5,0,0
BRDA:85,5,1,0
BRDA:88,6,0,0
BRDA:88,6,1,0
BRDA:92,7,0,0
BRDA:92,7,1,0
BRDA:103,8,0,0
BRDA:103,8,1,0
BRDA:110,9,0,0
BRDA:110,9,1,0
BRDA:110,10,0,0
BRDA:110,10,1,0
BRDA:126,11,0,0
BRDA:126,11,1,0
BRDA:130,12,0,0
BRDA:130,12,1,0
BRDA:132,13,0,0
BRDA:132,13,1,0
BRDA:151,14,0,0
BRDA:151,14,1,0
BRDA:157,15,0,0
BRDA:157,15,1,0
BRDA:160,16,0,0
BRDA:160,16,1,0
BRDA:162,17,0,0
BRDA:162,17,1,0
BRDA:183,18,0,0
BRDA:183,18,1,0
BRDA:200,19,0,0
BRDA:200,19,1,0
BRDA:222,20,0,0
BRDA:222,20,1,0
BRDA:222,21,0,0
BRDA:222,21,1,0
BRDA:222,22,0,0
BRDA:222,22,1,0
BRDA:222,23,0,0
BRDA:222,23,1,0
BRDA:225,24,0,0
BRDA:225,24,1,0
BRDA:225,25,0,0
BRDA:225,25,1,0
BRF:52
BRH:0
end_of_record
TN:
SF:/Users/maxime_beauchemin/code/caravel/superset/assets/javascripts/modules/utils.js
FN:12,wrapSvgText
FN:15,(anonymous_1)
FN:65,showModal
FN:76,showApiMessage
FN:87,toggleCheckbox
FN:89,(anonymous_5)
FN:100,(anonymous_6)
FN:100,fixDataTableBodyHeight
FN:105,d3format
FN:123,(anonymous_9)
FN:123,done
FN:124,(anonymous_11)
FN:124,error
FN:125,(anonymous_13)
FN:125,always
FN:126,(anonymous_15)
FN:126,addFiler
FN:127,(anonymous_17)
FN:127,setFilter
FN:128,(anonymous_19)
FN:128,getFilters
FN:129,(anonymous_21)
FN:129,clearFilter
FN:130,(anonymous_23)
FN:130,removeFilter
FN:134,formatSelectOptionsForRange
FN:145,formatSelectOptions
FN:146,(anonymous_27)
FN:151,slugify
FN:161,getAjaxErrorMsg
FN:167,customizeToolTip
FN:169,(anonymous_31)
FN:177,(anonymous_32)
FN:192,initJQueryAjaxCSRF
FN:197,(anonymous_34)
FN:197,beforeSend
FNF:36
FNH:12
FNDA:0,wrapSvgText
FNDA:0,(anonymous_1)
FNDA:0,showModal
FNDA:0,showApiMessage
FNDA:0,toggleCheckbox
FNDA:0,(anonymous_5)
FNDA:1,(anonymous_6)
FNDA:0,fixDataTableBodyHeight
FNDA:0,d3format
FNDA:1,(anonymous_9)
FNDA:0,done
FNDA:1,(anonymous_11)
FNDA:0,error
FNDA:1,(anonymous_13)
FNDA:0,always
FNDA:1,(anonymous_15)
FNDA:0,addFiler
FNDA:1,(anonymous_17)
FNDA:0,setFilter
FNDA:1,(anonymous_19)
FNDA:0,getFilters
FNDA:1,(anonymous_21)
FNDA:0,clearFilter
FNDA:1,(anonymous_23)
FNDA:0,removeFilter
FNDA:2,formatSelectOptionsForRange
FNDA:25,formatSelectOptions
FNDA:158,(anonymous_27)
FNDA:0,slugify
FNDA:0,getAjaxErrorMsg
FNDA:0,customizeToolTip
FNDA:0,(anonymous_31)
FNDA:0,(anonymous_32)
FNDA:0,initJQueryAjaxCSRF
FNDA:0,(anonymous_34)
FNDA:0,beforeSend
DA:2,1
DA:3,1
DA:13,0
DA:15,0
DA:16,0
DA:17,0
DA:18,0
DA:19,0
DA:20,0
DA:21,0
DA:22,0
DA:23,0
DA:25,0
DA:29,0
DA:30,0
DA:31,0
DA:32,0
DA:33,0
DA:34,0
DA:35,0
DA:37,0
DA:38,0
DA:39,0
DA:43,0
DA:46,0
DA:47,0
DA:67,0
DA:68,0
DA:69,0
DA:70,0
DA:71,0
DA:72,0
DA:78,0
DA:81,0
DA:82,0
DA:88,0
DA:89,0
DA:90,0
DA:91,0
DA:92,0
DA:100,1
DA:101,0
DA:102,0
DA:106,0
DA:108,0
DA:109,0
DA:110,0
DA:112,0
DA:113,0
DA:115,0
DA:121,1
DA:123,1
DA:124,1
DA:125,1
DA:126,1
DA:127,1
DA:128,1
DA:129,1
DA:130,1
DA:138,2
DA:139,2
DA:140,100
DA:142,2
DA:146,158
DA:153,0
DA:162,0
DA:163,0
DA:168,0
DA:169,0
DA:170,0
DA:171,0
DA:173,0
DA:177,0
DA:178,0
DA:179,0
DA:180,0
DA:186,0
DA:188,0
DA:195,0
DA:196,0
DA:197,0
DA:199,0
DA:200,0
LF:83
LH:17
BRDA:34,0,0,0
BRDA:34,0,1,0
BRDA:46,1,0,0
BRDA:46,1,1,0
BRDA:46,2,0,0
BRDA:46,2,1,0
BRDA:67,3,0,0
BRDA:67,3,1,0
BRDA:68,4,0,0
BRDA:68,4,1,0
BRDA:69,5,0,0
BRDA:69,5,1,0
BRDA:70,6,0,0
BRDA:70,6,1,0
BRDA:71,7,0,0
BRDA:71,7,1,0
BRDA:81,8,0,0
BRDA:81,8,1,0
BRDA:91,9,0,0
BRDA:91,9,1,0
BRDA:91,10,0,0
BRDA:91,10,1,0
BRDA:108,11,0,0
BRDA:108,11,1,0
BRDA:109,12,0,0
BRDA:109,12,1,0
BRDA:163,13,0,0
BRDA:163,13,1,0
BRDA:163,14,0,0
BRDA:163,14,1,0
BRDA:196,15,0,0
BRDA:196,15,1,0
BRDA:199,16,0,0
BRDA:199,16,1,0
BRDA:199,17,0,0
BRDA:199,17,1,0
BRF:36
BRH:0
end_of_record
TN:
SF:/Users/maxime_beauchemin/code/caravel/superset/assets/javascripts/modules/visUtils.js
FN:1,getTextWidth
FNF:1
FNH:0
FNDA:0,getTextWidth
DA:1,0
DA:2,0
DA:3,0
DA:4,0
DA:5,0
DA:6,0
LF:6
LH:0
BRDA:1,0,0,0
BRDA:1,0,1,0
BRDA:1,1,0,0
BRDA:1,1,1,0
BRF:4
BRH:0
end_of_record
TN:
SF:/Users/maxime_beauchemin/code/caravel/superset/assets/javascripts/profile/index.jsx
FNF:0
FNH:0
DA:2,0
DA:3,0
DA:4,0
DA:5,0
DA:6,0
DA:8,0
DA:10,0
DA:12,0
DA:13,0
DA:15,0
DA:16,0
LF:11
LH:0
BRF:0
BRH:0
end_of_record
TN:
SF:/Users/maxime_beauchemin/code/caravel/superset/assets/javascripts/profile/components/App.jsx
FN:14,App
FNF:1
FNH:1
FNDA:2,App
DA:1,1
DA:2,1
DA:3,1
DA:4,1
DA:5,1
DA:6,1
DA:7,1
DA:8,1
DA:10,1
DA:15,2
DA:52,1
LF:11
LH:11
BRF:0
BRH:0
end_of_record
TN:
SF:/Users/maxime_beauchemin/code/caravel/superset/assets/javascripts/profile/components/CreatedContent.jsx
FN:11,CreatedContent
FN:21,(anonymous_11)
FN:21,mutator
FN:21,(anonymous_13)
FN:38,(anonymous_16)
FN:38,mutator
FN:38,(anonymous_18)
FNF:7
FNH:3
FNDA:4,CreatedContent
FNDA:4,(anonymous_11)
FNDA:0,mutator
FNDA:0,(anonymous_13)
FNDA:4,(anonymous_16)
FNDA:0,mutator
FNDA:0,(anonymous_18)
DA:1,1
DA:2,1
DA:3,1
DA:4,1
DA:6,1
DA:11,12
DA:13,4
DA:21,4
DA:26,4
DA:38,4
DA:43,4
DA:55,4
DA:66,1
LF:13
LH:13
BRDA:11,0,0,4
BRDA:11,0,1,0
BRF:2
BRH:1
end_of_record
TN:
SF:/Users/maxime_beauchemin/code/caravel/superset/assets/javascripts/profile/components/Favorites.jsx
FN:11,Favorites
FN:21,(anonymous_11)
FN:21,mutator
FN:21,(anonymous_13)
FN:39,(anonymous_16)
FN:39,mutator
FN:39,(anonymous_18)
FNF:7
FNH:3
FNDA:4,Favorites
FNDA:4,(anonymous_11)
FNDA:0,mutator
FNDA:0,(anonymous_13)
FNDA:4,(anonymous_16)
FNDA:0,mutator
FNDA:0,(anonymous_18)
DA:1,1
DA:2,1
DA:3,1
DA:4,1
DA:6,1
DA:11,12
DA:13,4
DA:21,4
DA:27,4
DA:39,4
DA:44,4
DA:56,4
DA:67,1
LF:13
LH:13
BRDA:11,0,0,4
BRDA:11,0,1,0
BRF:2
BRH:1
end_of_record
TN:
SF:/Users/maxime_beauchemin/code/caravel/superset/assets/javascripts/profile/components/RecentActivity.jsx
FN:13,(anonymous_11)
FN:13,mutator
FN:14,(anonymous_13)
FNF:3
FNH:1
FNDA:3,(anonymous_11)
FNDA:0,mutator
FNDA:0,(anonymous_13)
DA:1,1
DA:2,1
DA:3,1
DA:5,1
DA:7,1
DA:13,3
DA:14,0
DA:21,3
DA:33,1
LF:9
LH:8
BRF:0
BRH:0
end_of_record
TN:
SF:/Users/maxime_beauchemin/code/caravel/superset/assets/javascripts/profile/components/Security.jsx
FN:8,Security
FN:15,(anonymous_2)
FN:24,(anonymous_3)
FN:35,(anonymous_4)
FNF:4
FNH:4
FNDA:8,Security
FNDA:16,(anonymous_2)
FNDA:21,(anonymous_3)
FNDA:14,(anonymous_4)
DA:1,1
DA:2,1
DA:3,1
DA:5,1
DA:8,8
DA:9,8
DA:15,16
DA:24,21
DA:35,14
DA:42,1
LF:10
LH:10
BRDA:19,0,0,8
BRDA:19,0,1,7
BRDA:30,1,0,8
BRDA:30,1,1,7
BRF:4
BRH:4
end_of_record
TN:
SF:/Users/maxime_beauchemin/code/caravel/superset/assets/javascripts/profile/components/TableLoader.jsx
FN:14,TableLoader
FN:22,(anonymous_11)
FN:34,(anonymous_14)
FN:46,(anonymous_15)
FN:48,(anonymous_16)
FNF:5
FNH:1
FNDA:19,TableLoader
FNDA:0,(anonymous_11)
FNDA:0,(anonymous_14)
FNDA:0,(anonymous_15)
FNDA:0,(anonymous_16)
DA:1,1
DA:2,1
DA:3,1
DA:4,1
DA:5,1
DA:7,1
DA:14,57
DA:16,19
DA:21,19
DA:22,19
DA:23,0
DA:24,0
DA:25,0
DA:27,0
DA:31,19
DA:32,19
DA:33,19
DA:34,0
DA:36,19
DA:37,19
DA:38,19
DA:39,19
DA:40,19
DA:42,0
DA:46,0
DA:49,0
DA:50,0
DA:55,0
DA:65,1
LF:29
LH:19
BRDA:14,0,0,19
BRDA:14,0,1,0
BRDA:24,1,0,0
BRDA:24,1,1,0
BRDA:33,2,0,0
BRDA:33,2,1,19
BRDA:33,3,0,19
BRDA:33,3,1,3
BRDA:39,4,0,19
BRDA:39,4,1,0
BRDA:49,5,0,0
BRDA:49,5,1,0
BRF:12
BRH:5
end_of_record
TN:
SF:/Users/maxime_beauchemin/code/caravel/superset/assets/javascripts/profile/components/UserInfo.jsx
FN:10,(anonymous_1)
FN:10,UserInfo
FNF:2
FNH:2
FNDA:1,(anonymous_1)
FNDA:7,UserInfo
DA:1,1
DA:2,1
DA:3,1
DA:4,1
DA:5,1
DA:7,1
DA:10,7
DA:48,1
LF:8
LH:8
BRF:0
BRH:0
end_of_record
