<?xml version="1.0" ?>
<coverage branch-rate="0.1693" line-rate="0.4398" timestamp="1496937108308" version="4.2">
	<!-- Generated by coverage.py: https://coverage.readthedocs.io -->
	<!-- Based on https://raw.githubusercontent.com/cobertura/web/f0366e5e2cf18f111cbd61fc34ef720a6584ba02/htdocs/xml/coverage-03.dtd -->
	<sources>
		<source>/home/jcfr/Projects/scikit-build/skbuild</source>
	</sources>
	<packages>
		<package branch-rate="0.1546" complexity="0" line-rate="0.3243" name=".">
			<classes>
				<class branch-rate="1" complexity="0" filename="skbuild/__init__.py" line-rate="1" name="__init__.py">
					<methods/>
					<lines>
						<line hits="1" number="2"/>
						<line hits="1" number="8"/>
						<line hits="1" number="10"/>
						<line hits="1" number="11"/>
						<line hits="1" number="12"/>
						<line hits="1" number="14"/>
					</lines>
				</class>
				<class branch-rate="0.3636" complexity="0" filename="skbuild/cmaker.py" line-rate="0.6" name="cmaker.py">
					<methods/>
					<lines>
						<line hits="1" number="5"/>
						<line hits="1" number="6"/>
						<line hits="1" number="7"/>
						<line hits="1" number="8"/>
						<line hits="1" number="9"/>
						<line hits="1" number="10"/>
						<line hits="1" number="11"/>
						<line hits="1" number="12"/>
						<line hits="1" number="13"/>
						<line hits="1" number="14"/>
						<line hits="1" number="15"/>
						<line hits="1" number="16"/>
						<line hits="1" number="18"/>
						<line hits="1" number="21"/>
						<line hits="1" number="22"/>
						<line hits="1" number="24"/>
						<line hits="1" number="28"/>
						<line hits="1" number="32"/>
						<line hits="1" number="33"/>
						<line hits="1" number="34"/>
						<line hits="1" number="35"/>
						<line branch="true" condition-coverage="50% (1/2)" hits="1" missing-branches="37" number="36"/>
						<line hits="0" number="37"/>
						<line hits="1" number="39"/>
						<line hits="1" number="40"/>
						<line hits="1" number="43"/>
						<line hits="0" number="44"/>
						<line hits="0" number="46"/>
						<line branch="true" condition-coverage="0% (0/2)" hits="0" missing-branches="48,50" number="47"/>
						<line hits="0" number="48"/>
						<line branch="true" condition-coverage="0% (0/2)" hits="0" missing-branches="51,53" number="50"/>
						<line hits="0" number="51"/>
						<line hits="0" number="53"/>
						<line hits="0" number="55"/>
						<line hits="1" number="58"/>
						<line hits="1" number="61"/>
						<line hits="1" number="63"/>
						<line hits="1" number="64"/>
						<line hits="0" number="65"/>
						<line hits="0" number="66"/>
						<line hits="1" number="69"/>
						<line hits="1" number="71"/>
						<line branch="true" condition-coverage="50% (1/2)" hits="1" missing-branches="103" number="99"/>
						<line hits="1" number="100"/>
						<line hits="1" number="103"/>
						<line branch="true" condition-coverage="50% (1/2)" hits="1" missing-branches="105" number="104"/>
						<line hits="0" number="105"/>
						<line hits="1" number="109"/>
						<line branch="true" condition-coverage="50% (1/2)" hits="1" missing-branches="115" number="112"/>
						<line hits="1" number="113"/>
						<line branch="true" condition-coverage="50% (1/2)" hits="1" missing-branches="118" number="115"/>
						<line hits="1" number="116"/>
						<line branch="true" condition-coverage="50% (1/2)" hits="1" missing-branches="121" number="118"/>
						<line hits="1" number="119"/>
						<line hits="1" number="121"/>
						<line hits="1" number="122"/>
						<line hits="1" number="123"/>
						<line hits="1" number="125"/>
						<line hits="1" number="126"/>
						<line hits="1" number="145"/>
						<line hits="1" number="147"/>
						<line hits="1" number="154"/>
						<line branch="true" condition-coverage="50% (1/2)" hits="1" missing-branches="156" number="155"/>
						<line hits="0" number="156"/>
						<line hits="1" number="169"/>
						<line hits="1" number="171"/>
						<line hits="1" number="173"/>
						<line hits="1" number="176"/>
						<line branch="true" condition-coverage="50% (1/2)" hits="1" missing-branches="179" number="178"/>
						<line hits="0" number="179"/>
						<line branch="true" condition-coverage="50% (1/2)" hits="1" missing-branches="182" number="181"/>
						<line hits="0" number="182"/>
						<line hits="1" number="184"/>
						<line hits="1" number="188"/>
						<line hits="1" number="193"/>
						<line hits="1" number="197"/>
						<line branch="true" condition-coverage="50% (1/2)" hits="1" missing-branches="207" number="202"/>
						<line hits="0" number="207"/>
						<line hits="0" number="208"/>
						<line hits="0" number="209"/>
						<line hits="0" number="210"/>
						<line hits="0" number="211"/>
						<line hits="0" number="212"/>
						<line hits="0" number="214"/>
						<line hits="0" number="215"/>
						<line hits="0" number="216"/>
						<line hits="0" number="217"/>
						<line hits="0" number="219"/>
						<line hits="0" number="220"/>
						<line hits="0" number="221"/>
						<line hits="0" number="222"/>
						<line hits="0" number="224"/>
						<line hits="0" number="225"/>
						<line hits="0" number="226"/>
						<line hits="0" number="227"/>
						<line branch="true" condition-coverage="0% (0/2)" hits="0" missing-branches="230,231" number="229"/>
						<line hits="0" number="230"/>
						<line branch="true" condition-coverage="0% (0/2)" hits="0" missing-branches="232,233" number="231"/>
						<line hits="0" number="232"/>
						<line branch="true" condition-coverage="0% (0/2)" hits="0" missing-branches="234,235" number="233"/>
						<line hits="0" number="234"/>
						<line branch="true" condition-coverage="0% (0/2)" hits="0" missing-branches="236,239" number="235"/>
						<line hits="0" number="236"/>
						<line hits="0" number="239"/>
						<line hits="0" number="248"/>
						<line branch="true" condition-coverage="0% (0/2)" hits="0" missing-branches="250,252" number="249"/>
						<line hits="0" number="250"/>
						<line branch="true" condition-coverage="0% (0/2)" hits="0" missing-branches="exit,260" number="252"/>
						<line branch="true" condition-coverage="0% (0/2)" hits="0" missing-branches="261,269" number="260"/>
						<line branch="true" condition-coverage="0% (0/2)" hits="0" missing-branches="260,263" number="261"/>
						<line hits="0" number="263"/>
						<line hits="0" number="264"/>
						<line hits="1" number="269"/>
						<line hits="1" number="271"/>
						<line hits="1" number="276"/>
						<line branch="true" condition-coverage="50% (1/2)" hits="1" missing-branches="337" number="279"/>
						<line hits="1" number="282"/>
						<line hits="1" number="284"/>
						<line branch="true" condition-coverage="50% (1/2)" hits="1" missing-branches="286" number="285"/>
						<line hits="0" number="286"/>
						<line hits="1" number="288"/>
						<line branch="true" condition-coverage="50% (1/2)" hits="1" missing-branches="294" number="289"/>
						<line hits="1" number="290"/>
						<line hits="1" number="291"/>
						<line hits="1" number="294"/>
						<line hits="1" number="295"/>
						<line branch="true" condition-coverage="50% (1/2)" hits="1" missing-branches="304" number="296"/>
						<line hits="1" number="297"/>
						<line hits="1" number="304"/>
						<line branch="true" condition-coverage="50% (1/2)" hits="1" missing-branches="312" number="305"/>
						<line hits="1" number="306"/>
						<line branch="true" condition-coverage="50% (1/2)" hits="1" missing-branches="312" number="307"/>
						<line branch="true" condition-coverage="50% (1/2)" hits="1" missing-branches="310" number="308"/>
						<line hits="1" number="309"/>
						<line hits="1" number="310"/>
						<line branch="true" condition-coverage="50% (1/2)" hits="1" missing-branches="313" number="312"/>
						<line hits="0" number="313"/>
						<line branch="true" condition-coverage="50% (1/2)" hits="1" missing-branches="exit" number="316"/>
						<line branch="true" condition-coverage="50% (1/2)" hits="1" missing-branches="337" number="329"/>
						<line branch="true" condition-coverage="100% (2/2)" hits="1" number="330"/>
						<line hits="1" number="332"/>
						<line hits="1" number="333"/>
						<line hits="1" number="337"/>
						<line hits="1" number="339"/>
						<line hits="1" number="352"/>
						<line hits="1" number="353"/>
						<line branch="true" condition-coverage="100% (2/2)" hits="1" number="355"/>
						<line branch="true" condition-coverage="100% (2/2)" hits="1" number="356"/>
						<line branch="true" condition-coverage="100% (2/2)" hits="1" number="357"/>
						<line hits="1" number="358"/>
						<line branch="true" condition-coverage="100% (2/2)" hits="1" number="360"/>
						<line hits="1" number="361"/>
						<line branch="true" condition-coverage="50% (1/2)" hits="1" missing-branches="365" number="362"/>
						<line hits="1" number="363"/>
						<line hits="0" number="365"/>
						<line branch="true" condition-coverage="0% (0/2)" hits="0" missing-branches="360,370" number="369"/>
						<line hits="0" number="370"/>
						<line branch="true" condition-coverage="50% (1/2)" hits="1" missing-branches="378" number="377"/>
						<line branch="true" condition-coverage="0% (0/2)" hits="0" missing-branches="exit,exit" number="378"/>
						<line hits="1" number="387"/>
						<line hits="0" number="390"/>
						<line branch="true" condition-coverage="0% (0/2)" hits="0" missing-branches="392,396" number="391"/>
						<line hits="0" number="392"/>
						<line hits="0" number="396"/>
						<line hits="0" number="398"/>
						<line hits="0" number="399"/>
						<line hits="0" number="404"/>
						<line branch="true" condition-coverage="0% (0/2)" hits="0" missing-branches="exit,406" number="405"/>
						<line hits="0" number="406"/>
						<line hits="1" number="419"/>
						<line hits="0" number="423"/>
						<line hits="1" number="425"/>
						<line hits="0" number="426"/>
						<line branch="true" condition-coverage="0% (0/2)" hits="0" missing-branches="exit,exit" number="428"/>
						<line hits="1" number="430"/>
						<line hits="0" number="432"/>
						<line branch="true" condition-coverage="0% (0/2)" hits="0" missing-branches="exit,exit" number="433"/>
						<line hits="0" number="435"/>
						<line hits="1" number="437"/>
						<line branch="true" condition-coverage="0% (0/2)" hits="0" missing-branches="exit,exit" number="446"/>
					</lines>
				</class>
				<class branch-rate="1" complexity="0" filename="skbuild/constants.py" line-rate="1" name="constants.py">
					<methods/>
					<lines>
						<line hits="1" number="5"/>
						<line hits="1" number="7"/>
						<line hits="1" number="8"/>
						<line hits="1" number="9"/>
						<line hits="1" number="10"/>
					</lines>
				</class>
				<class branch-rate="1" complexity="0" filename="skbuild/exceptions.py" line-rate="1" name="exceptions.py">
					<methods/>
					<lines>
						<line hits="1" number="6"/>
						<line hits="1" number="10"/>
						<line hits="1" number="13"/>
						<line hits="1" number="17"/>
					</lines>
				</class>
				<class branch-rate="0" complexity="0" filename="skbuild/setuptools_wrap.py" line-rate="0.1154" name="setuptools_wrap.py">
					<methods/>
					<lines>
						<line hits="1" number="5"/>
						<line hits="1" number="7"/>
						<line hits="1" number="8"/>
						<line hits="1" number="9"/>
						<line hits="1" number="10"/>
						<line hits="1" number="12"/>
						<line hits="1" number="13"/>
						<line hits="1" number="16"/>
						<line hits="1" number="19"/>
						<line hits="1" number="20"/>
						<line hits="1" number="21"/>
						<line hits="1" number="22"/>
						<line hits="1" number="24"/>
						<line hits="1" number="25"/>
						<line hits="1" number="27"/>
						<line hits="1" number="28"/>
						<line hits="1" number="32"/>
						<line hits="1" number="33"/>
						<line hits="1" number="34"/>
						<line hits="1" number="37"/>
						<line hits="0" number="40"/>
						<line hits="0" number="41"/>
						<line hits="0" number="44"/>
						<line hits="0" number="47"/>
						<line hits="0" number="50"/>
						<line hits="1" number="53"/>
						<line hits="0" number="59"/>
						<line hits="0" number="60"/>
						<line hits="0" number="63"/>
						<line branch="true" condition-coverage="0% (0/2)" hits="0" missing-branches="65,68" number="64"/>
						<line hits="0" number="65"/>
						<line hits="0" number="68"/>
						<line branch="true" condition-coverage="0% (0/2)" hits="0" missing-branches="70,72" number="69"/>
						<line hits="0" number="70"/>
						<line hits="0" number="72"/>
						<line hits="1" number="75"/>
						<line hits="0" number="79"/>
						<line hits="0" number="80"/>
						<line hits="0" number="81"/>
						<line hits="0" number="82"/>
						<line hits="0" number="83"/>
						<line hits="0" number="84"/>
						<line branch="true" condition-coverage="0% (0/2)" hits="0" missing-branches="87,97" number="86"/>
						<line branch="true" condition-coverage="0% (0/2)" hits="0" missing-branches="88,95" number="87"/>
						<line hits="0" number="88"/>
						<line branch="true" condition-coverage="0% (0/2)" hits="0" missing-branches="86,90" number="89"/>
						<line hits="0" number="90"/>
						<line hits="0" number="95"/>
						<line hits="0" number="97"/>
						<line hits="0" number="99"/>
						<line hits="1" number="102"/>
						<line hits="0" number="104"/>
						<line hits="0" number="105"/>
						<line hits="0" number="106"/>
						<line hits="0" number="107"/>
						<line hits="0" number="108"/>
						<line hits="0" number="110"/>
						<line hits="0" number="111"/>
						<line hits="0" number="112"/>
						<line hits="1" number="115"/>
						<line hits="0" number="141"/>
						<line hits="0" number="143"/>
						<line hits="0" number="145"/>
						<line hits="0" number="150"/>
						<line hits="0" number="155"/>
						<line hits="0" number="159"/>
						<line hits="0" number="165"/>
						<line hits="0" number="171"/>
						<line hits="0" number="172"/>
						<line hits="0" number="173"/>
						<line branch="true" condition-coverage="0% (0/2)" hits="0" missing-branches="175,176" number="174"/>
						<line hits="0" number="175"/>
						<line branch="true" condition-coverage="0% (0/2)" hits="0" missing-branches="177,178" number="176"/>
						<line hits="0" number="177"/>
						<line branch="true" condition-coverage="0% (0/2)" hits="0" missing-branches="179,181" number="178"/>
						<line hits="0" number="179"/>
						<line hits="0" number="181"/>
						<line hits="1" number="185"/>
						<line hits="0" number="186"/>
						<line branch="true" condition-coverage="0% (0/2)" hits="0" missing-branches="188,196" number="187"/>
						<line hits="0" number="188"/>
						<line hits="0" number="196"/>
						<line branch="true" condition-coverage="0% (0/2)" hits="0" missing-branches="exit,198" number="197"/>
						<line hits="0" number="198"/>
						<line hits="1" number="207"/>
						<line branch="true" condition-coverage="0% (0/2)" hits="0" missing-branches="218,220" number="217"/>
						<line hits="0" number="218"/>
						<line hits="0" number="220"/>
						<line hits="0" number="221"/>
						<line hits="0" number="223"/>
						<line hits="0" number="225"/>
						<line hits="1" number="230"/>
						<line hits="0" number="237"/>
						<line branch="true" condition-coverage="0% (0/2)" hits="0" missing-branches="239,248" number="238"/>
						<line hits="0" number="239"/>
						<line branch="true" condition-coverage="0% (0/2)" hits="0" missing-branches="250,251" number="248"/>
						<line hits="0" number="250"/>
						<line hits="0" number="251"/>
						<line hits="1" number="254"/>
						<line branch="true" condition-coverage="0% (0/2)" hits="0" missing-branches="269,271" number="257"/>
						<line branch="true" condition-coverage="0% (0/2)" hits="0" missing-branches="257,270" number="269"/>
						<line hits="0" number="270"/>
						<line branch="true" condition-coverage="0% (0/2)" hits="0" missing-branches="272,273" number="271"/>
						<line hits="0" number="272"/>
						<line hits="0" number="273"/>
						<line hits="1" number="277"/>
						<line hits="0" number="282"/>
						<line hits="0" number="286"/>
						<line hits="0" number="287"/>
						<line hits="0" number="288"/>
						<line hits="0" number="289"/>
						<line hits="0" number="290"/>
						<line hits="0" number="292"/>
						<line hits="0" number="294"/>
						<line hits="0" number="295"/>
						<line hits="0" number="296"/>
						<line hits="0" number="297"/>
						<line hits="0" number="299"/>
						<line hits="0" number="300"/>
						<line hits="0" number="303"/>
						<line hits="0" number="309"/>
						<line branch="true" condition-coverage="0% (0/2)" hits="0" missing-branches="exit,319" number="315"/>
						<line hits="0" number="319"/>
						<line hits="0" number="320"/>
						<line hits="0" number="321"/>
						<line hits="0" number="322"/>
						<line hits="0" number="323"/>
						<line hits="0" number="324"/>
						<line hits="0" number="325"/>
						<line hits="0" number="326"/>
						<line hits="0" number="330"/>
						<line branch="true" condition-coverage="0% (0/2)" hits="0" missing-branches="332,333" number="331"/>
						<line hits="0" number="332"/>
						<line branch="true" condition-coverage="0% (0/2)" hits="0" missing-branches="334,342" number="333"/>
						<line hits="0" number="334"/>
						<line hits="0" number="342"/>
						<line hits="0" number="343"/>
						<line hits="0" number="344"/>
						<line hits="0" number="345"/>
						<line hits="0" number="346"/>
						<line hits="0" number="349"/>
						<line hits="0" number="350"/>
						<line hits="0" number="352"/>
						<line branch="true" condition-coverage="0% (0/2)" hits="0" missing-branches="355,357" number="354"/>
						<line hits="0" number="355"/>
						<line hits="0" number="357"/>
						<line branch="true" condition-coverage="0% (0/2)" hits="0" missing-branches="364,382" number="363"/>
						<line branch="true" condition-coverage="0% (0/2)" hits="0" missing-branches="367,380" number="364"/>
						<line hits="0" number="367"/>
						<line branch="true" condition-coverage="0% (0/2)" hits="0" missing-branches="exit,372" number="368"/>
						<line hits="0" number="372"/>
						<line hits="0" number="373"/>
						<line hits="0" number="374"/>
						<line hits="0" number="375"/>
						<line hits="0" number="377"/>
						<line hits="0" number="379"/>
						<line hits="0" number="380"/>
						<line hits="0" number="382"/>
						<line hits="0" number="384"/>
						<line hits="0" number="385"/>
						<line hits="0" number="386"/>
						<line hits="0" number="388"/>
						<line branch="true" condition-coverage="0% (0/2)" hits="0" missing-branches="exit,391" number="389"/>
						<line hits="0" number="391"/>
						<line branch="true" condition-coverage="0% (0/2)" hits="0" missing-branches="exit,394" number="392"/>
						<line branch="true" condition-coverage="0% (0/2)" hits="0" missing-branches="exit,402" number="394"/>
						<line hits="0" number="402"/>
						<line hits="0" number="404"/>
						<line hits="0" number="405"/>
						<line hits="0" number="406"/>
						<line hits="0" number="409"/>
						<line branch="true" condition-coverage="0% (0/2)" hits="0" missing-branches="411,412" number="410"/>
						<line hits="0" number="411"/>
						<line hits="0" number="412"/>
						<line hits="0" number="413"/>
						<line hits="0" number="414"/>
						<line hits="0" number="415"/>
						<line hits="0" number="416"/>
						<line hits="0" number="417"/>
						<line branch="true" condition-coverage="0% (0/2)" hits="0" missing-branches="421,424" number="420"/>
						<line branch="true" condition-coverage="0% (0/2)" hits="0" missing-branches="420,422" number="421"/>
						<line hits="0" number="422"/>
						<line hits="0" number="424"/>
						<line hits="0" number="426"/>
						<line branch="true" condition-coverage="0% (0/2)" hits="0" missing-branches="434,447" number="432"/>
						<line branch="true" condition-coverage="0% (0/2)" hits="0" missing-branches="435,441" number="434"/>
						<line branch="true" condition-coverage="0% (0/2)" hits="0" missing-branches="434,436" number="435"/>
						<line hits="0" number="436"/>
						<line hits="0" number="437"/>
						<line branch="true" condition-coverage="0% (0/2)" hits="0" missing-branches="435,439" number="438"/>
						<line hits="0" number="439"/>
						<line branch="true" condition-coverage="0% (0/2)" hits="0" missing-branches="442,451" number="441"/>
						<line hits="0" number="442"/>
						<line hits="0" number="443"/>
						<line branch="true" condition-coverage="0% (0/2)" hits="0" missing-branches="441,445" number="444"/>
						<line hits="0" number="445"/>
						<line hits="0" number="447"/>
						<line hits="0" number="451"/>
						<line branch="true" condition-coverage="0% (0/2)" hits="0" missing-branches="exit,460" number="452"/>
						<line branch="true" condition-coverage="0% (0/2)" hits="0" missing-branches="exit,465" number="460"/>
						<line branch="true" condition-coverage="0% (0/2)" hits="0" missing-branches="exit,472" number="465"/>
						<line hits="0" number="472"/>
						<line hits="0" number="473"/>
						<line hits="0" number="474"/>
						<line hits="0" number="475"/>
						<line hits="0" number="477"/>
						<line hits="0" number="479"/>
						<line hits="1" number="482"/>
						<line branch="true" condition-coverage="0% (0/3)" hits="0" missing-branches="exit,exit,exit" number="514"/>
						<line hits="1" number="525"/>
						<line hits="0" number="530"/>
						<line hits="0" number="531"/>
						<line hits="0" number="533"/>
						<line hits="0" number="535"/>
						<line branch="true" condition-coverage="0% (0/2)" hits="0" missing-branches="exit,537" number="536"/>
						<line hits="0" number="537"/>
						<line hits="0" number="538"/>
						<line hits="0" number="539"/>
						<line branch="true" condition-coverage="0% (0/2)" hits="0" missing-branches="544,551" number="543"/>
						<line hits="0" number="544"/>
						<line hits="0" number="551"/>
						<line branch="true" condition-coverage="0% (0/2)" hits="0" missing-branches="564,567" number="561"/>
						<line hits="0" number="564"/>
						<line branch="true" condition-coverage="0% (0/2)" hits="0" missing-branches="568,579" number="567"/>
						<line branch="true" condition-coverage="0% (0/2)" hits="0" missing-branches="567,570" number="568"/>
						<line hits="0" number="570"/>
						<line hits="0" number="572"/>
						<line hits="0" number="573"/>
						<line hits="0" number="574"/>
						<line hits="0" number="576"/>
						<line hits="0" number="577"/>
						<line branch="true" condition-coverage="0% (0/2)" hits="0" missing-branches="580,585" number="579"/>
						<line hits="0" number="580"/>
						<line branch="true" condition-coverage="0% (0/2)" hits="0" missing-branches="586,591" number="585"/>
						<line branch="true" condition-coverage="0% (0/2)" hits="0" missing-branches="585,587" number="586"/>
						<line hits="0" number="587"/>
						<line hits="0" number="588"/>
						<line hits="0" number="589"/>
						<line branch="true" condition-coverage="0% (0/2)" hits="0" missing-branches="592,597" number="591"/>
						<line hits="0" number="592"/>
						<line branch="true" condition-coverage="0% (0/2)" hits="0" missing-branches="598,603" number="597"/>
						<line branch="true" condition-coverage="0% (0/2)" hits="0" missing-branches="597,599" number="598"/>
						<line hits="0" number="599"/>
						<line hits="0" number="600"/>
						<line hits="0" number="601"/>
						<line branch="true" condition-coverage="0% (0/2)" hits="0" missing-branches="604,611" number="603"/>
						<line hits="0" number="604"/>
						<line hits="0" number="611"/>
						<line hits="0" number="612"/>
						<line branch="true" condition-coverage="0% (0/2)" hits="0" missing-branches="614,616" number="613"/>
						<line hits="0" number="614"/>
						<line hits="0" number="615"/>
						<line hits="0" number="616"/>
						<line hits="0" number="617"/>
						<line hits="1" number="620"/>
						<line hits="0" number="629"/>
						<line branch="true" condition-coverage="0% (0/2)" hits="0" missing-branches="631,636" number="630"/>
						<line branch="true" condition-coverage="0% (0/2)" hits="0" missing-branches="632,633" number="631"/>
						<line hits="0" number="632"/>
						<line hits="0" number="633"/>
						<line branch="true" condition-coverage="0% (0/2)" hits="0" missing-branches="637,638" number="636"/>
						<line hits="0" number="637"/>
						<line hits="0" number="638"/>
						<line hits="0" number="639"/>
						<line hits="1" number="642"/>
						<line hits="0" number="670"/>
						<line hits="0" number="673"/>
						<line hits="0" number="677"/>
						<line hits="0" number="678"/>
						<line hits="0" number="680"/>
						<line branch="true" condition-coverage="0% (0/2)" hits="0" missing-branches="exit,685" number="682"/>
						<line branch="true" condition-coverage="0% (0/2)" hits="0" missing-branches="686,688" number="685"/>
						<line hits="0" number="686"/>
						<line hits="0" number="688"/>
						<line branch="true" condition-coverage="0% (0/2)" hits="0" missing-branches="692,701" number="691"/>
						<line hits="0" number="692"/>
						<line hits="0" number="693"/>
						<line hits="0" number="701"/>
						<line branch="true" condition-coverage="0% (0/2)" hits="0" missing-branches="703,704" number="702"/>
						<line hits="0" number="703"/>
						<line hits="0" number="704"/>
						<line hits="0" number="706"/>
						<line hits="0" number="709"/>
						<line hits="0" number="710"/>
						<line hits="0" number="711"/>
						<line hits="0" number="712"/>
					</lines>
				</class>
			</classes>
		</package>
		<package branch-rate="0" complexity="0" line-rate="0.5407" name="command">
			<classes>
				<class branch-rate="0" complexity="0" filename="skbuild/command/__init__.py" line-rate="0.3333" name="__init__.py">
					<methods/>
					<lines>
						<line hits="1" number="2"/>
						<line hits="1" number="5"/>
						<line hits="1" number="6"/>
						<line hits="0" number="7"/>
						<line branch="true" condition-coverage="0% (0/2)" hits="0" missing-branches="9,13" number="8"/>
						<line hits="0" number="9"/>
						<line hits="0" number="10"/>
						<line hits="0" number="11"/>
						<line hits="0" number="13"/>
					</lines>
				</class>
				<class branch-rate="1" complexity="0" filename="skbuild/command/bdist.py" line-rate="1" name="bdist.py">
					<methods/>
					<lines>
						<line hits="1" number="3"/>
						<line hits="1" number="4"/>
						<line hits="1" number="5"/>
						<line hits="1" number="6"/>
						<line hits="1" number="8"/>
						<line hits="1" number="9"/>
						<line hits="1" number="12"/>
						<line hits="1" number="14"/>
					</lines>
				</class>
				<class branch-rate="1" complexity="0" filename="skbuild/command/bdist_wheel.py" line-rate="1" name="bdist_wheel.py">
					<methods/>
					<lines>
						<line hits="1" number="4"/>
						<line hits="1" number="6"/>
						<line hits="1" number="7"/>
						<line hits="1" number="10"/>
						<line hits="1" number="12"/>
					</lines>
				</class>
				<class branch-rate="1" complexity="0" filename="skbuild/command/build.py" line-rate="1" name="build.py">
					<methods/>
					<lines>
						<line hits="1" number="3"/>
						<line hits="1" number="4"/>
						<line hits="1" number="5"/>
						<line hits="1" number="6"/>
						<line hits="1" number="8"/>
						<line hits="1" number="9"/>
						<line hits="1" number="12"/>
						<line hits="1" number="14"/>
					</lines>
				</class>
				<class branch-rate="0" complexity="0" filename="skbuild/command/build_py.py" line-rate="0.2683" name="build_py.py">
					<methods/>
					<lines>
						<line hits="1" number="4"/>
						<line hits="1" number="6"/>
						<line hits="1" number="8"/>
						<line hits="1" number="9"/>
						<line hits="1" number="10"/>
						<line hits="1" number="12"/>
						<line hits="1" number="15"/>
						<line hits="1" number="18"/>
						<line hits="0" number="23"/>
						<line hits="0" number="24"/>
						<line hits="1" number="26"/>
						<line hits="0" number="31"/>
						<line hits="0" number="32"/>
						<line hits="1" number="34"/>
						<line hits="0" number="40"/>
						<line hits="0" number="41"/>
						<line hits="0" number="42"/>
						<line hits="1" number="44"/>
						<line hits="0" number="59"/>
						<line hits="0" number="62"/>
						<line branch="true" condition-coverage="0% (0/2)" hits="0" missing-branches="69,100" number="68"/>
						<line hits="0" number="69"/>
						<line hits="0" number="70"/>
						<line hits="0" number="71"/>
						<line hits="0" number="73"/>
						<line hits="0" number="74"/>
						<line hits="0" number="75"/>
						<line hits="0" number="76"/>
						<line hits="0" number="77"/>
						<line branch="true" condition-coverage="0% (0/2)" hits="0" missing-branches="80,88" number="79"/>
						<line hits="0" number="80"/>
						<line hits="0" number="81"/>
						<line branch="true" condition-coverage="0% (0/2)" hits="0" missing-branches="83,88" number="82"/>
						<line hits="0" number="83"/>
						<line hits="0" number="88"/>
						<line branch="true" condition-coverage="0% (0/2)" hits="0" missing-branches="93,95" number="92"/>
						<line hits="0" number="93"/>
						<line branch="true" condition-coverage="0% (0/2)" hits="0" missing-branches="96,98" number="95"/>
						<line hits="0" number="96"/>
						<line hits="0" number="98"/>
						<line hits="0" number="100"/>
					</lines>
				</class>
				<class branch-rate="0" complexity="0" filename="skbuild/command/clean.py" line-rate="0.6667" name="clean.py">
					<methods/>
					<lines>
						<line hits="1" number="3"/>
						<line hits="1" number="5"/>
						<line hits="1" number="6"/>
						<line hits="1" number="7"/>
						<line hits="1" number="8"/>
						<line hits="1" number="10"/>
						<line hits="1" number="12"/>
						<line hits="1" number="14"/>
						<line hits="1" number="15"/>
						<line hits="1" number="18"/>
						<line hits="1" number="21"/>
						<line hits="1" number="23"/>
						<line hits="0" number="26"/>
						<line branch="true" condition-coverage="0% (0/2)" hits="0" missing-branches="exit,30" number="27"/>
						<line branch="true" condition-coverage="0% (0/2)" hits="0" missing-branches="31,32" number="30"/>
						<line hits="0" number="31"/>
						<line branch="true" condition-coverage="0% (0/2)" hits="0" missing-branches="27,33" number="32"/>
						<line hits="0" number="33"/>
					</lines>
				</class>
				<class branch-rate="0" complexity="0" filename="skbuild/command/egg_info.py" line-rate="0.5833" name="egg_info.py">
					<methods/>
					<lines>
						<line hits="1" number="4"/>
						<line hits="1" number="5"/>
						<line hits="1" number="7"/>
						<line hits="1" number="9"/>
						<line hits="1" number="10"/>
						<line hits="1" number="13"/>
						<line hits="1" number="16"/>
						<line branch="true" condition-coverage="0% (0/2)" hits="0" missing-branches="18,22" number="17"/>
						<line hits="0" number="18"/>
						<line hits="0" number="19"/>
						<line hits="0" number="20"/>
						<line hits="0" number="22"/>
					</lines>
				</class>
				<class branch-rate="0" complexity="0" filename="skbuild/command/generate_source_manifest.py" line-rate="0.4815" name="generate_source_manifest.py">
					<methods/>
					<lines>
						<line hits="1" number="1"/>
						<line hits="1" number="2"/>
						<line hits="1" number="3"/>
						<line hits="1" number="5"/>
						<line hits="1" number="7"/>
						<line hits="1" number="8"/>
						<line hits="1" number="9"/>
						<line hits="1" number="11"/>
						<line hits="1" number="14"/>
						<line hits="1" number="18"/>
						<line hits="1" number="20"/>
						<line hits="0" number="22"/>
						<line hits="1" number="24"/>
						<line hits="0" number="35"/>
						<line branch="true" condition-coverage="0% (0/2)" hits="0" missing-branches="exit,48" number="47"/>
						<line hits="0" number="48"/>
						<line hits="0" number="49"/>
						<line hits="0" number="50"/>
						<line hits="0" number="54"/>
						<line hits="0" number="55"/>
						<line hits="0" number="65"/>
						<line branch="true" condition-coverage="0% (0/2)" hits="0" missing-branches="68,70" number="67"/>
						<line hits="0" number="68"/>
						<line hits="0" number="70"/>
						<line hits="0" number="71"/>
						<line hits="1" number="73"/>
						<line hits="0" number="75"/>
					</lines>
				</class>
				<class branch-rate="0" complexity="0" filename="skbuild/command/install.py" line-rate="0.625" name="install.py">
					<methods/>
					<lines>
						<line hits="1" number="4"/>
						<line hits="1" number="6"/>
						<line hits="1" number="7"/>
						<line hits="1" number="10"/>
						<line hits="1" number="13"/>
						<line branch="true" condition-coverage="0% (0/2)" hits="0" missing-branches="21,23" number="20"/>
						<line hits="0" number="21"/>
						<line hits="0" number="23"/>
					</lines>
				</class>
				<class branch-rate="0" complexity="0" filename="skbuild/command/install_lib.py" line-rate="0.6" name="install_lib.py">
					<methods/>
					<lines>
						<line hits="1" number="4"/>
						<line hits="1" number="6"/>
						<line hits="1" number="7"/>
						<line hits="1" number="9"/>
						<line hits="1" number="12"/>
						<line hits="1" number="15"/>
						<line hits="0" number="17"/>
						<line hits="0" number="18"/>
						<line branch="true" condition-coverage="0% (0/2)" hits="0" missing-branches="exit,20" number="19"/>
						<line hits="0" number="20"/>
					</lines>
				</class>
				<class branch-rate="1" complexity="0" filename="skbuild/command/install_scripts.py" line-rate="0.6667" name="install_scripts.py">
					<methods/>
					<lines>
						<line hits="1" number="4"/>
						<line hits="1" number="7"/>
						<line hits="1" number="8"/>
						<line hits="1" number="10"/>
						<line hits="1" number="13"/>
						<line hits="1" number="16"/>
						<line hits="0" number="18"/>
						<line hits="0" number="19"/>
						<line hits="0" number="20"/>
					</lines>
				</class>
				<class branch-rate="1" complexity="0" filename="skbuild/command/sdist.py" line-rate="0.5294" name="sdist.py">
					<methods/>
					<lines>
						<line hits="1" number="3"/>
						<line hits="1" number="5"/>
						<line hits="1" number="6"/>
						<line hits="1" number="8"/>
						<line hits="1" number="9"/>
						<line hits="1" number="12"/>
						<line hits="1" number="15"/>
						<line hits="0" number="17"/>
						<line hits="0" number="18"/>
						<line hits="0" number="19"/>
						<line hits="1" number="23"/>
						<line hits="0" number="26"/>
						<line hits="0" number="28"/>
						<line hits="0" number="29"/>
						<line hits="1" number="32"/>
						<line hits="0" number="34"/>
						<line hits="0" number="35"/>
					</lines>
				</class>
			</classes>
		</package>
		<package branch-rate="0.2794" complexity="0" line-rate="0.5833" name="platform_specifics">
			<classes>
				<class branch-rate="1" complexity="0" filename="skbuild/platform_specifics/__init__.py" line-rate="1" name="__init__.py">
					<methods/>
					<lines>
						<line hits="1" number="5"/>
						<line hits="1" number="6"/>
						<line hits="1" number="8"/>
					</lines>
				</class>
				<class branch-rate="0.5667" complexity="0" filename="skbuild/platform_specifics/abstract.py" line-rate="0.875" name="abstract.py">
					<methods/>
					<lines>
						<line hits="1" number="4"/>
						<line hits="1" number="6"/>
						<line hits="1" number="7"/>
						<line hits="1" number="8"/>
						<line hits="1" number="9"/>
						<line hits="1" number="11"/>
						<line hits="1" number="12"/>
						<line hits="1" number="14"/>
						<line hits="1" number="17"/>
						<line hits="1" number="23"/>
						<line hits="1" number="24"/>
						<line hits="1" number="26"/>
						<line hits="1" number="29"/>
						<line hits="1" number="31"/>
						<line hits="1" number="33"/>
						<line hits="1" number="35"/>
						<line hits="1" number="40"/>
						<line branch="true" condition-coverage="50% (1/2)" hits="1" missing-branches="46" number="44"/>
						<line hits="1" number="45"/>
						<line hits="1" number="46"/>
						<line hits="1" number="47"/>
						<line hits="1" number="48"/>
						<line branch="true" condition-coverage="100% (2/2)" hits="1" number="49"/>
						<line hits="1" number="50"/>
						<line hits="1" number="52"/>
						<line branch="true" condition-coverage="0% (0/2)" hits="0" missing-branches="exit,56" number="55"/>
						<line hits="0" number="56"/>
						<line hits="1" number="58"/>
						<line hits="1" number="62"/>
						<line hits="1" number="66"/>
						<line hits="1" number="95"/>
						<line branch="true" condition-coverage="50% (1/2)" hits="1" missing-branches="103" number="97"/>
						<line hits="1" number="98"/>
						<line branch="true" condition-coverage="0% (0/2)" hits="0" missing-branches="104,107" number="103"/>
						<line branch="true" condition-coverage="0% (0/2)" hits="0" missing-branches="103,105" number="104"/>
						<line hits="0" number="105"/>
						<line hits="0" number="106"/>
						<line branch="true" condition-coverage="0% (0/2)" hits="0" missing-branches="108,110" number="107"/>
						<line hits="0" number="108"/>
						<line hits="1" number="110"/>
						<line hits="1" number="112"/>
						<line hits="1" number="114"/>
						<line branch="true" condition-coverage="50% (1/2)" hits="1" missing-branches="118" number="117"/>
						<line hits="0" number="118"/>
						<line branch="true" condition-coverage="50% (1/2)" hits="1" missing-branches="132" number="131"/>
						<line hits="0" number="132"/>
						<line hits="1" number="134"/>
						<line hits="1" number="136"/>
						<line hits="1" number="137"/>
						<line hits="1" number="138"/>
						<line hits="1" number="149"/>
						<line branch="true" condition-coverage="100% (2/2)" hits="1" number="152"/>
						<line hits="1" number="155"/>
						<line branch="true" condition-coverage="100% (2/2)" hits="1" number="157"/>
						<line hits="1" number="160"/>
						<line hits="1" number="161"/>
						<line branch="true" condition-coverage="100% (2/2)" hits="1" number="162"/>
						<line hits="1" number="163"/>
						<line hits="1" number="164"/>
						<line hits="1" number="165"/>
						<line branch="true" condition-coverage="50% (1/2)" hits="1" missing-branches="193" number="167"/>
						<line hits="1" number="168"/>
						<line hits="1" number="169"/>
						<line branch="true" condition-coverage="100% (2/2)" hits="1" number="172"/>
						<line hits="1" number="173"/>
						<line hits="1" number="175"/>
						<line hits="1" number="178"/>
						<line hits="1" number="180"/>
						<line hits="1" number="183"/>
						<line hits="1" number="185"/>
						<line branch="true" condition-coverage="100% (2/2)" hits="1" number="188"/>
						<line hits="1" number="190"/>
						<line hits="1" number="191"/>
						<line hits="1" number="193"/>
						<line hits="1" number="196"/>
						<line hits="1" number="202"/>
						<line hits="1" number="210"/>
						<line hits="1" number="211"/>
						<line hits="1" number="214"/>
						<line hits="1" number="217"/>
					</lines>
				</class>
				<class branch-rate="1" complexity="0" filename="skbuild/platform_specifics/bsd.py" line-rate="1" name="bsd.py">
					<methods/>
					<lines>
						<line hits="1" number="3"/>
						<line hits="1" number="6"/>
						<line hits="1" number="8"/>
					</lines>
				</class>
				<class branch-rate="0" complexity="0" filename="skbuild/platform_specifics/linux.py" line-rate="0.2917" name="linux.py">
					<methods/>
					<lines>
						<line hits="1" number="3"/>
						<line hits="1" number="4"/>
						<line hits="1" number="5"/>
						<line hits="1" number="7"/>
						<line hits="1" number="10"/>
						<line hits="1" number="13"/>
						<line hits="0" number="27"/>
						<line hits="0" number="28"/>
						<line branch="true" condition-coverage="0% (0/2)" hits="0" missing-branches="31,33" number="29"/>
						<line hits="0" number="31"/>
						<line branch="true" condition-coverage="0% (0/2)" hits="0" missing-branches="37,39" number="33"/>
						<line hits="0" number="37"/>
						<line branch="true" condition-coverage="0% (0/2)" hits="0" missing-branches="41,43" number="39"/>
						<line hits="0" number="41"/>
						<line hits="0" number="43"/>
						<line hits="1" number="45"/>
						<line hits="0" number="48"/>
						<line hits="0" number="49"/>
						<line branch="true" condition-coverage="0% (0/2)" hits="0" missing-branches="51,55" number="50"/>
						<line hits="0" number="51"/>
						<line branch="true" condition-coverage="0% (0/2)" hits="0" missing-branches="56,62" number="55"/>
						<line hits="0" number="56"/>
						<line hits="0" number="62"/>
						<line hits="0" number="63"/>
					</lines>
				</class>
				<class branch-rate="1" complexity="0" filename="skbuild/platform_specifics/osx.py" line-rate="0.8333" name="osx.py">
					<methods/>
					<lines>
						<line hits="1" number="3"/>
						<line hits="1" number="4"/>
						<line hits="1" number="6"/>
						<line hits="1" number="9"/>
						<line hits="1" number="12"/>
						<line hits="0" number="15"/>
					</lines>
				</class>
				<class branch-rate="0.25" complexity="0" filename="skbuild/platform_specifics/platform_factory.py" line-rate="0.625" name="platform_factory.py">
					<methods/>
					<lines>
						<line hits="1" number="4"/>
						<line hits="1" number="6"/>
						<line hits="1" number="7"/>
						<line hits="1" number="8"/>
						<line hits="1" number="9"/>
						<line hits="1" number="12"/>
						<line hits="1" number="15"/>
						<line branch="true" condition-coverage="50% (1/2)" hits="1" missing-branches="18" number="17"/>
						<line hits="0" number="18"/>
						<line branch="true" condition-coverage="50% (1/2)" hits="1" missing-branches="21" number="19"/>
						<line hits="1" number="20"/>
						<line branch="true" condition-coverage="0% (0/2)" hits="0" missing-branches="22,23" number="21"/>
						<line hits="0" number="22"/>
						<line branch="true" condition-coverage="0% (0/2)" hits="0" missing-branches="24,26" number="23"/>
						<line hits="0" number="24"/>
						<line hits="0" number="26"/>
					</lines>
				</class>
				<class branch-rate="1" complexity="0" filename="skbuild/platform_specifics/unix.py" line-rate="1" name="unix.py">
					<methods/>
					<lines>
						<line hits="1" number="3"/>
						<line hits="1" number="5"/>
						<line hits="1" number="8"/>
						<line hits="1" number="11"/>
						<line hits="1" number="12"/>
						<line hits="1" number="13"/>
					</lines>
				</class>
				<class branch-rate="0" complexity="0" filename="skbuild/platform_specifics/windows.py" line-rate="0.2273" name="windows.py">
					<methods/>
					<lines>
						<line hits="1" number="3"/>
						<line hits="1" number="5"/>
						<line hits="1" number="6"/>
						<line hits="1" number="7"/>
						<line hits="1" number="9"/>
						<line hits="1" number="11"/>
						<line hits="1" number="14"/>
						<line hits="1" number="17"/>
						<line hits="0" number="18"/>
						<line hits="0" number="19"/>
						<line hits="0" number="20"/>
						<line hits="0" number="21"/>
						<line branch="true" condition-coverage="0% (0/2)" hits="0" missing-branches="35,43" number="31"/>
						<line hits="0" number="35"/>
						<line hits="0" number="36"/>
						<line branch="true" condition-coverage="0% (0/2)" hits="0" missing-branches="49,58" number="43"/>
						<line hits="0" number="49"/>
						<line hits="0" number="50"/>
						<line branch="true" condition-coverage="0% (0/2)" hits="0" missing-branches="59,74" number="58"/>
						<line hits="0" number="59"/>
						<line hits="0" number="60"/>
						<line hits="0" number="65"/>
						<line hits="0" number="74"/>
						<line hits="0" number="76"/>
						<line hits="0" number="78"/>
						<line branch="true" condition-coverage="0% (0/2)" hits="0" missing-branches="exit,81" number="80"/>
						<line hits="0" number="81"/>
						<line hits="1" number="91"/>
						<line hits="0" number="94"/>
						<line hits="1" number="97"/>
						<line hits="1" number="104"/>
						<line hits="1" number="110"/>
						<line hits="0" number="115"/>
						<line hits="0" number="116"/>
						<line branch="true" condition-coverage="0% (0/2)" hits="0" missing-branches="119,120" number="118"/>
						<line hits="0" number="119"/>
						<line hits="0" number="120"/>
						<line hits="1" number="123"/>
						<line hits="0" number="124"/>
						<line hits="0" number="125"/>
						<line hits="0" number="126"/>
						<line branch="true" condition-coverage="0% (0/2)" hits="0" missing-branches="128,136" number="127"/>
						<line branch="true" condition-coverage="0% (0/2)" hits="0" missing-branches="129,130" number="128"/>
						<line hits="0" number="129"/>
						<line hits="0" number="130"/>
						<line hits="0" number="131"/>
						<line hits="0" number="132"/>
						<line hits="0" number="133"/>
						<line hits="0" number="134"/>
						<line branch="true" condition-coverage="0% (0/2)" hits="0" missing-branches="137,138" number="136"/>
						<line hits="0" number="137"/>
						<line hits="0" number="138"/>
						<line hits="0" number="139"/>
						<line hits="0" number="140"/>
						<line hits="0" number="141"/>
						<line hits="0" number="142"/>
						<line branch="true" condition-coverage="0% (0/2)" hits="0" missing-branches="148,149" number="147"/>
						<line hits="0" number="148"/>
						<line hits="0" number="149"/>
						<line hits="0" number="150"/>
						<line hits="0" number="151"/>
						<line hits="1" number="154"/>
						<line hits="1" number="155"/>
						<line hits="0" number="156"/>
						<line branch="true" condition-coverage="0% (0/2)" hits="0" missing-branches="exit,158" number="157"/>
						<line hits="0" number="158"/>
					</lines>
				</class>
			</classes>
		</package>
		<package branch-rate="0.1875" complexity="0" line-rate="0.5488" name="utils">
			<classes>
				<class branch-rate="0.1875" complexity="0" filename="skbuild/utils/__init__.py" line-rate="0.5488" name="__init__.py">
					<methods/>
					<lines>
						<line hits="1" number="3"/>
						<line hits="1" number="4"/>
						<line hits="1" number="6"/>
						<line hits="1" number="7"/>
						<line hits="1" number="8"/>
						<line hits="1" number="9"/>
						<line hits="1" number="10"/>
						<line hits="1" number="13"/>
						<line hits="1" number="17"/>
						<line hits="1" number="18"/>
						<line hits="1" number="20"/>
						<line hits="0" number="22"/>
						<line hits="1" number="24"/>
						<line hits="0" number="25"/>
						<line hits="1" number="27"/>
						<line hits="1" number="28"/>
						<line hits="1" number="30"/>
						<line hits="1" number="31"/>
						<line hits="1" number="32"/>
						<line hits="1" number="35"/>
						<line hits="1" number="41"/>
						<line hits="1" number="42"/>
						<line hits="0" number="43"/>
						<line hits="0" number="44"/>
						<line hits="0" number="45"/>
						<line hits="1" number="50"/>
						<line hits="1" number="53"/>
						<line hits="1" number="62"/>
						<line hits="1" number="63"/>
						<line hits="1" number="64"/>
						<line hits="1" number="65"/>
						<line hits="1" number="68"/>
						<line hits="1" number="69"/>
						<line branch="true" condition-coverage="50% (1/2)" hits="1" missing-branches="74" number="70"/>
						<line branch="true" condition-coverage="100% (2/2)" hits="1" number="71"/>
						<line hits="1" number="72"/>
						<line hits="1" number="73"/>
						<line hits="1" number="74"/>
						<line hits="1" number="76"/>
						<line hits="1" number="77"/>
						<line hits="1" number="80"/>
						<line hits="1" number="89"/>
						<line hits="1" number="92"/>
						<line hits="1" number="99"/>
						<line hits="0" number="107"/>
						<line hits="0" number="108"/>
						<line hits="0" number="109"/>
						<line hits="0" number="110"/>
						<line hits="0" number="111"/>
						<line hits="0" number="112"/>
						<line hits="1" number="114"/>
						<line hits="0" number="126"/>
						<line hits="0" number="127"/>
						<line hits="1" number="129"/>
						<line branch="true" condition-coverage="0% (0/2)" hits="0" missing-branches="137,139" number="134"/>
						<line hits="0" number="137"/>
						<line hits="0" number="139"/>
						<line hits="0" number="143"/>
						<line hits="0" number="144"/>
						<line branch="true" condition-coverage="0% (0/2)" hits="0" missing-branches="147,148" number="145"/>
						<line hits="0" number="147"/>
						<line hits="0" number="148"/>
						<line hits="0" number="150"/>
						<line hits="1" number="152"/>
						<line branch="true" condition-coverage="0% (0/2)" hits="0" missing-branches="154,158" number="153"/>
						<line hits="0" number="154"/>
						<line branch="true" condition-coverage="0% (0/2)" hits="0" missing-branches="157,158" number="156"/>
						<line hits="0" number="157"/>
						<line branch="true" condition-coverage="0% (0/2)" hits="0" missing-branches="159,163" number="158"/>
						<line hits="0" number="159"/>
						<line hits="0" number="161"/>
						<line hits="0" number="163"/>
						<line hits="1" number="166"/>
						<line hits="0" number="168"/>
						<line hits="1" number="172"/>
						<line hits="0" number="174"/>
						<line hits="1" number="177"/>
						<line hits="0" number="181"/>
						<line branch="true" condition-coverage="0% (0/2)" hits="0" missing-branches="184,185" number="182"/>
						<line hits="0" number="184"/>
						<line hits="0" number="185"/>
						<line hits="0" number="186"/>
					</lines>
				</class>
			</classes>
		</package>
	</packages>
</coverage>
